<?xml version="1.0" encoding="UTF-8" ?>
<testsuites>
  <testsuite errors="0" failures="0" hostname="Fedee-PC" id="0" name="PersistenciaTest" package="control.PersistenciaTest" tests="2" time="3.315" timestamp="2012-07-04T20:53:07">
      <properties>
[...]
</properties>

      <testcase classname="control.PersistenciaTest.PersistenciaTest" name="testGuardarElJuego" time="0.235" />

      <testcase classname="control.PersistenciaTest.PersistenciaTest" name="testQueRecuperaElJuego" time="0.5" />

      <system-out><![CDATA[]]></system-out>

      <system-err><![CDATA[]]></system-err>

  </testsuite>
  <testsuite errors="0" failures="0" hostname="Fedee-PC" id="1" name="ColicionadorTest" package="modelo.DetectorDeColisionesTest" tests="1" time="0.079" timestamp="2012-07-04T20:53:10">
      <properties>
[...]
</properties>

      <testcase classname="modelo.DetectorDeColisionesTest.ColicionadorTest" name="testQuePruebaUnaColicion" time="0.051" />

      <system-out><![CDATA[]]></system-out>

      <system-err><![CDATA[]]></system-err>

  </testsuite>
  <testsuite errors="0" failures="0" hostname="Fedee-PC" id="2" name="ModeloTest" package="modelo.TestIntegracion" tests="1" time="2.46" timestamp="2012-07-04T20:53:10">
      <properties>
[...]
</properties>

      <testcase classname="modelo.TestIntegracion.ModeloTest" name="testJuego" time="2.424" />

      <system-out><![CDATA[Prueba Integracion
Puntaje :0
Puntaje :0
Puntaje :0
Puntaje :0
Puntaje :0
Puntaje :0
Puntaje :0
Puntaje :0
Puntaje :0
Puntaje :0
Puntaje :0
Puntaje :0
Puntaje :0
Puntaje :0
Puntaje :0
Puntaje :0
Puntaje :0
Puntaje :0
Puntaje :0
Puntaje :0
Puntaje :0
Puntaje :0
Puntaje :0
Puntaje :0
Puntaje :0
Puntaje :0
Puntaje :0
Puntaje :0
Puntaje :0
Puntaje :0
Puntaje :0
Puntaje :0
Puntaje :0
Puntaje :0
Puntaje :0
Puntaje :0
Puntaje :0
Puntaje :0
Puntaje :0
Puntaje :0
Puntaje :0
Puntaje :0
Puntaje :0
Puntaje :0
Puntaje :0
Puntaje :0
Puntaje :0
Puntaje :0
Puntaje :0
Puntaje :0
Puntaje :0
Puntaje :0
Puntaje :0
Puntaje :0
Puntaje :0
Puntaje :0
Puntaje :0
Puntaje :0
Puntaje :0
Puntaje :0
Puntaje :0
Puntaje :0
Puntaje :0
Puntaje :0
Puntaje :0
Puntaje :100
Puntaje :100
Puntaje :100
Puntaje :100
Puntaje :100
Puntaje :100
Puntaje :100
Puntaje :100
Puntaje :100
Puntaje :100
Puntaje :100
Puntaje :100
Puntaje :100
Puntaje :100
Puntaje :100
Puntaje :100
Puntaje :100
Puntaje :100
Puntaje :100
Puntaje :100
Puntaje :100
Puntaje :100
Puntaje :100
Puntaje :100
Puntaje :100
Puntaje :100
Puntaje :100
Puntaje :100
Puntaje :100
Puntaje :100
Puntaje :100
Puntaje :100
Puntaje :100
Puntaje :100
Puntaje :100
Puntaje :100
Puntaje :100
Puntaje :100
Puntaje :100
Puntaje :100
Puntaje :100
Puntaje :100
Puntaje :100
Puntaje :100
Puntaje :100
Puntaje :100
Puntaje :100
Puntaje :100
Puntaje :100
Puntaje :100
Puntaje :100
Puntaje :100
Puntaje :100
Puntaje :100
Puntaje :100
Puntaje :100
Puntaje :100
Puntaje :100
Puntaje :100
Puntaje :100
Puntaje :100
Puntaje :100
Puntaje :100
Puntaje :100
Puntaje :100
Puntaje :100
Puntaje :100
Puntaje :100
Puntaje :100
Puntaje :100
Puntaje :100
Puntaje :100
Puntaje :100
Puntaje :100
Puntaje :100
Puntaje :100
Puntaje :100
Puntaje :100
Puntaje :100
Puntaje :100
Puntaje :100
Puntaje :100
Puntaje :100
Puntaje :100
Puntaje :100
Puntaje :100
Puntaje :100
Puntaje :100
Puntaje :100
Puntaje :100
Puntaje :100
Puntaje :100
Puntaje :100
Puntaje :100
Puntaje :100
Puntaje :100
Puntaje :100
Puntaje :100
Puntaje :100
Puntaje :100
Puntaje :100
Puntaje :100
Puntaje :100
Puntaje :100
Puntaje :100
Puntaje :100
Puntaje :100
Puntaje :100
Puntaje :100
Puntaje :100
Puntaje :100
Puntaje :100
Puntaje :100
Puntaje :100
Puntaje :100
Puntaje :300
Puntaje :300
Puntaje :300
Puntaje :300
Puntaje :300
Puntaje :500
Puntaje :500
Puntaje :500
Puntaje :500
Puntaje :500
Puntaje :500
Puntaje :500
Puntaje :500
Puntaje :500
Puntaje :500
Puntaje :500
Puntaje :500
Puntaje :500
Puntaje :500
Puntaje :500
Puntaje :500
Puntaje :500
Puntaje :500
Puntaje :500
Puntaje :500
Puntaje :500
Puntaje :500
Puntaje :500
Puntaje :500
Puntaje :500
Puntaje :500
Puntaje :500
Puntaje :500
Puntaje :500
Puntaje :500
Puntaje :500
Puntaje :500
Puntaje :500
Puntaje :500
Puntaje :500
Puntaje :500
Puntaje :500
Puntaje :500
Puntaje :500
Puntaje :500
Puntaje :500
Puntaje :500
Puntaje :500
Puntaje :500
Puntaje :500
Puntaje :500
Puntaje :500
Puntaje :500
Puntaje :500
Puntaje :500
Puntaje :500
Puntaje :500
Puntaje :500
Puntaje :500
Puntaje :500
Puntaje :500
Puntaje :500
Puntaje :500
Puntaje :500
Puntaje :500
Puntaje :500
Puntaje :500
Puntaje :500
Puntaje :500
Puntaje :500
Puntaje :500
Puntaje :500
Puntaje :500
Puntaje :500
Puntaje :500
Puntaje :500
Puntaje :500
Puntaje :500
Puntaje :500
Puntaje :500
Puntaje :500
Puntaje :500
Puntaje :500
Puntaje :500
Puntaje :500
Puntaje :500
Puntaje :500
Puntaje :500
Puntaje :500
Puntaje :500
Puntaje :500
Puntaje :500
Puntaje :500
Puntaje :500
Puntaje :500
Puntaje :500
Puntaje :500
Puntaje :500
Puntaje :500
Puntaje :500
Puntaje :500
Puntaje :500
Puntaje :500
Puntaje :500
Puntaje :500
Puntaje :500
Puntaje :500
Puntaje :500
Puntaje :500
Puntaje :500
Puntaje :500
Puntaje :500
Puntaje :500
Puntaje :500
Puntaje :500
Puntaje :500
Puntaje :500
Puntaje :500
Puntaje :500
Puntaje :500
Puntaje :500
Puntaje :500
Puntaje :500
Puntaje :500
Puntaje :500
Puntaje :500
Puntaje :500
Puntaje :500
Puntaje :500
Puntaje :500
Puntaje :500
Puntaje :500
Puntaje :500
Puntaje :500
Puntaje :500
Puntaje :500
Puntaje :500
Puntaje :500
Puntaje :500
Puntaje :500
Puntaje :500
Puntaje :500
Puntaje :500
Puntaje :500
Puntaje :500
Puntaje :500
Puntaje :500
Puntaje :500
Puntaje :500
Puntaje :500
Puntaje :500
Puntaje :500
Puntaje :500
Puntaje :500
Puntaje :500
Puntaje :500
Puntaje :500
Puntaje :500
Puntaje :500
Puntaje :500
Puntaje :500
Puntaje :500
Puntaje :500
Puntaje :500
Puntaje :500
Puntaje :500
Puntaje :500
Puntaje :500
Puntaje :500
Puntaje :500
Puntaje :500
Puntaje :500
Puntaje :500
Puntaje :500
Puntaje :500
Puntaje :500
Puntaje :500
Puntaje :500
Puntaje :500
Puntaje :500
Puntaje :500
Puntaje :500
Puntaje :500
Puntaje :500
Puntaje :500
Puntaje :500
Puntaje :500
Puntaje :500
Puntaje :500
Puntaje :500
Puntaje :500
Puntaje :500
Puntaje :500
Puntaje :500
Puntaje :500
Puntaje :500
Puntaje :500
Puntaje :500
Puntaje :500
Puntaje :500
Puntaje :500
Puntaje :500
Puntaje :500
Puntaje :500
Puntaje :500
Puntaje :500
Puntaje :500
Puntaje :500
Puntaje :500
Puntaje :500
Puntaje :500
Puntaje :500
Puntaje :500
Puntaje :500
Puntaje :500
Puntaje :500
Puntaje :500
Puntaje :500
Puntaje :500
Puntaje :500
Puntaje :500
Puntaje :500
Puntaje :500
Puntaje :500
Puntaje :500
Puntaje :500
Puntaje :500
Puntaje :500
Puntaje :500
Puntaje :500
Puntaje :500
Puntaje :500
Puntaje :500
Puntaje :700
Puntaje :700
Puntaje :700
Puntaje :900
Puntaje :900
Puntaje :900
Puntaje :900
Puntaje :900
Puntaje :900
Puntaje :900
Puntaje :900
Puntaje :900
Puntaje :900
Puntaje :900
Puntaje :900
Puntaje :900
Puntaje :900
Puntaje :900
Puntaje :900
Puntaje :900
Puntaje :900
Puntaje :900
Puntaje :900
Puntaje :900
Puntaje :900
Puntaje :900
Puntaje :900
Puntaje :900
Puntaje :900
Puntaje :900
Puntaje :900
Puntaje :900
Puntaje :900
Puntaje :900
Puntaje :900
Puntaje :900
Puntaje :900
Puntaje :900
Puntaje :900
Puntaje :900
Puntaje :900
Puntaje :900
Puntaje :900
Puntaje :900
Puntaje :900
Puntaje :900
Puntaje :900
Puntaje :900
Puntaje :900
Puntaje :900
Puntaje :900
Puntaje :900
Puntaje :900
Puntaje :900
Puntaje :900
Puntaje :900
Puntaje :900
Puntaje :900
Puntaje :900
Puntaje :900
Puntaje :900
Puntaje :900
Puntaje :900
Puntaje :900
Puntaje :900
Puntaje :900
Puntaje :900
Puntaje :900
Puntaje :900
Puntaje :900
Puntaje :900
Puntaje :900
Puntaje :900
Puntaje :900
Puntaje :900
Puntaje :900
Puntaje :900
Puntaje :900
Puntaje :900
Puntaje :900
Puntaje :900
Puntaje :900
Puntaje :900
Puntaje :900
Puntaje :900
Puntaje :900
Puntaje :900
Puntaje :900
Puntaje :900
Puntaje :900
Puntaje :900
Puntaje :900
Puntaje :900
Puntaje :900
Puntaje :900
Puntaje :900
Puntaje :900
Puntaje :900
Puntaje :900
Puntaje :900
Puntaje :900
Puntaje :900
Puntaje :900
Puntaje :900
Puntaje :900
Puntaje :900
Puntaje :900
Puntaje :900
Puntaje :900
Puntaje :900
Puntaje :900
Puntaje :900
Puntaje :900
Puntaje :900
Puntaje :900
Puntaje :900
Puntaje :900
Puntaje :900
Puntaje :900
Puntaje :900
Puntaje :900
Puntaje :900
Puntaje :900
Puntaje :900
Puntaje :900
Puntaje :900
Puntaje :900
Puntaje :900
Puntaje :900
Puntaje :900
Puntaje :900
Puntaje :900
Puntaje :900
Puntaje :900
Puntaje :900
Puntaje :900
Puntaje :900
Puntaje :900
Puntaje :900
Puntaje :900
Puntaje :900
Puntaje :900
Puntaje :900
Puntaje :900
Puntaje :900
Puntaje :900
Puntaje :900
Puntaje :900
Puntaje :900
Puntaje :900
Puntaje :900
Puntaje :900
Puntaje :900
Puntaje :900
Puntaje :900
Puntaje :900
Puntaje :900
Puntaje :900
Puntaje :900
Puntaje :900
Puntaje :900
Puntaje :900
Puntaje :900
Puntaje :900
Puntaje :900
Puntaje :900
Puntaje :900
Puntaje :900
Puntaje :900
Puntaje :900
Puntaje :900
Puntaje :900
Puntaje :900
Puntaje :900
Puntaje :900
Puntaje :900
Puntaje :900
Puntaje :900
Puntaje :900
Puntaje :900
Puntaje :900
Puntaje :900
Puntaje :900
Puntaje :900
Puntaje :900
Puntaje :900
Puntaje :900
Puntaje :900
Puntaje :900
Puntaje :900
Puntaje :900
Puntaje :900
Puntaje :900
Puntaje :900
Puntaje :900
Puntaje :900
Puntaje :900
Puntaje :900
Puntaje :900
Puntaje :900
Puntaje :900
Puntaje :900
Puntaje :900
Puntaje :900
Puntaje :900
Puntaje :900
Puntaje :900
Puntaje :900
Puntaje :900
Puntaje :900
Puntaje :900
Puntaje :900
Puntaje :900
Puntaje :900
Puntaje :900
Puntaje :900
Puntaje :900
Puntaje :900
Puntaje :900
Puntaje :900
Puntaje :900
Puntaje :900
Puntaje :900
Puntaje :900
Puntaje :900
Puntaje :900
Puntaje :900
Puntaje :900
Puntaje :900
Puntaje :900
Puntaje :900
Puntaje :900
Puntaje :900
Puntaje :900
Puntaje :900
Puntaje :900
Puntaje :900
Puntaje :900
Puntaje :900
Puntaje :900
Puntaje :900
Puntaje :900
Puntaje :900
]]></system-out>

      <system-err><![CDATA[]]></system-err>

  </testsuite>
  <testsuite errors="0" failures="0" hostname="Fedee-PC" id="3" name="TranslacionAbajoTest" package="modelo.Translaciontests" tests="2" time="0.132" timestamp="2012-07-04T20:53:12">
      <properties>
[...]
</properties>

      <testcase classname="modelo.Translaciontests.TranslacionAbajoTest" name="TestQueGuardaLaTranslacion" time="0.0" />

      <testcase classname="modelo.Translaciontests.TranslacionAbajoTest" name="TestQueChequeaLaAccion" time="0.094" />

      <system-out><![CDATA[]]></system-out>

      <system-err><![CDATA[]]></system-err>

  </testsuite>
  <testsuite errors="0" failures="0" hostname="Fedee-PC" id="4" name="TranslacionArribaTest" package="modelo.Translaciontests" tests="2" time="0.034" timestamp="2012-07-04T20:53:13">
      <properties>
[...]
</properties>

      <testcase classname="modelo.Translaciontests.TranslacionArribaTest" name="TestQueGuardaLaTranslacion" time="0.0" />

      <testcase classname="modelo.Translaciontests.TranslacionArribaTest" name="TestQueChequeaLaAccion" time="0.003" />

      <system-out><![CDATA[]]></system-out>

      <system-err><![CDATA[]]></system-err>

  </testsuite>
  <testsuite errors="0" failures="0" hostname="Fedee-PC" id="5" name="TranslacionDerechaTest" package="modelo.Translaciontests" tests="2" time="0.031" timestamp="2012-07-04T20:53:13">
      <properties>
[...]
</properties>

      <testcase classname="modelo.Translaciontests.TranslacionDerechaTest" name="TestQueGuardaLaTranslacion" time="0.0" />

      <testcase classname="modelo.Translaciontests.TranslacionDerechaTest" name="TestQueChequeaLaAccion" time="0.005" />

      <system-out><![CDATA[]]></system-out>

      <system-err><![CDATA[]]></system-err>

  </testsuite>
  <testsuite errors="0" failures="0" hostname="Fedee-PC" id="6" name="TranslacionIzquierdaTest" package="modelo.Translaciontests" tests="2" time="0.028" timestamp="2012-07-04T20:53:13">
      <properties>
[...]
</properties>

      <testcase classname="modelo.Translaciontests.TranslacionIzquierdaTest" name="TestQueGuardaLaTranslacion" time="0.0" />

      <testcase classname="modelo.Translaciontests.TranslacionIzquierdaTest" name="TestQueChequeaLaAccion" time="0.004" />

      <system-out><![CDATA[]]></system-out>

      <system-err><![CDATA[]]></system-err>

  </testsuite>
  <testsuite errors="0" failures="0" hostname="Fedee-PC" id="7" name="MolovFactoryTest" package="modelo.armamentoFactoryTest" tests="2" time="0.111" timestamp="2012-07-04T20:53:13">
      <properties>
[...]
</properties>

      <testcase classname="modelo.armamentoFactoryTest.MolovFactoryTest" name="testQueCambiaElTiempo" time="0.002" />

      <testcase classname="modelo.armamentoFactoryTest.MolovFactoryTest" name="testQueChequeaLaContruccionDeUnaMolotov" time="0.026" />

      <system-out><![CDATA[]]></system-out>

      <system-err><![CDATA[]]></system-err>

  </testsuite>
  <testsuite errors="0" failures="0" hostname="Fedee-PC" id="8" name="ProyectilFactoryTest" package="modelo.armamentoFactoryTest" tests="2" time="0.032" timestamp="2012-07-04T20:53:13">
      <properties>
[...]
</properties>

      <testcase classname="modelo.armamentoFactoryTest.ProyectilFactoryTest" name="testQueCambiaElTiempo" time="0.002" />

      <testcase classname="modelo.armamentoFactoryTest.ProyectilFactoryTest" name="testQueChequeaLaContruccionDeUnaMolotov" time="0.005" />

      <system-out><![CDATA[]]></system-out>

      <system-err><![CDATA[]]></system-err>

  </testsuite>
  <testsuite errors="0" failures="0" hostname="Fedee-PC" id="9" name="ToleToleFactoryTest" package="modelo.armamentoFactoryTest" tests="2" time="0.035" timestamp="2012-07-04T20:53:13">
      <properties>
[...]
</properties>

      <testcase classname="modelo.armamentoFactoryTest.ToleToleFactoryTest" name="testQueCambiaElTiempo" time="0.003" />

      <testcase classname="modelo.armamentoFactoryTest.ToleToleFactoryTest" name="testQueChequeaLaContruccionDeUnaMolotov" time="0.005" />

      <system-out><![CDATA[]]></system-out>

      <system-err><![CDATA[]]></system-err>

  </testsuite>
  <testsuite errors="0" failures="0" hostname="Fedee-PC" id="10" name="ArmamentoTest" package="modelo.armamentoTest" tests="2" time="0.126" timestamp="2012-07-04T20:53:13">
      <properties>
[...]
</properties>

      <testcase classname="modelo.armamentoTest.ArmamentoTest" name="testCambiarEltiempo" time="0.003" />

      <testcase classname="modelo.armamentoTest.ArmamentoTest" name="testActualizarLaBomba" time="0.01" />

      <system-out><![CDATA[]]></system-out>

      <system-err><![CDATA[]]></system-err>

  </testsuite>
  <testsuite errors="0" failures="0" hostname="Fedee-PC" id="11" name="ProyectilTest" package="modelo.armamentoTest" tests="1" time="0.071" timestamp="2012-07-04T20:53:13">
      <properties>
[...]
</properties>

      <testcase classname="modelo.armamentoTest.ProyectilTest" name="testQueActualizaLaBombaYLaHaceExplotar" time="0.034" />

      <system-out><![CDATA[]]></system-out>

      <system-err><![CDATA[]]></system-err>

  </testsuite>
  <testsuite errors="0" failures="0" hostname="Fedee-PC" id="12" name="HabanoTest" package="modelo.articulotest" tests="5" time="0.057" timestamp="2012-07-04T20:53:13">
      <properties>
[...]
</properties>

      <testcase classname="modelo.articulotest.HabanoTest" name="testUsar" time="0.002" />

      <testcase classname="modelo.articulotest.HabanoTest" name="testaumentarVelocidad" time="0.001" />

      <testcase classname="modelo.articulotest.HabanoTest" name="testUsarconBombitaNull" time="0.002" />

      <testcase classname="modelo.articulotest.HabanoTest" name="testObtenerCoordenadas" time="0.001" />

      <testcase classname="modelo.articulotest.HabanoTest" name="testaumentarVelocidadsuperandoVelocidadMaxima" time="0.001" />

      <system-out><![CDATA[]]></system-out>

      <system-err><![CDATA[]]></system-err>

  </testsuite>
  <testsuite errors="0" failures="0" hostname="Fedee-PC" id="13" name="ProyoctilTest" package="modelo.articulotest" tests="1" time="0.015" timestamp="2012-07-04T20:53:13">
      <properties>
[...]
</properties>

      <testcase classname="modelo.articulotest.ProyoctilTest" name="testQueVerificaPonerUnProyectilEnUnMapaYloActualiza" time="0.001" />

      <system-out><![CDATA[]]></system-out>

      <system-err><![CDATA[]]></system-err>

  </testsuite>
  <testsuite errors="0" failures="0" hostname="Fedee-PC" id="14" name="TimerTest" package="modelo.articulotest" tests="5" time="0.14" timestamp="2012-07-04T20:53:13">
      <properties>
[...]
</properties>

      <testcase classname="modelo.articulotest.TimerTest" name="testUsar" time="0.088" />

      <testcase classname="modelo.articulotest.TimerTest" name="testReducirArmamentoConTiempoCero" time="0.004" />

      <testcase classname="modelo.articulotest.TimerTest" name="testErrorAlUsar" time="0.005" />

      <testcase classname="modelo.articulotest.TimerTest" name="testUsarSinArmamento" time="0.004" />

      <testcase classname="modelo.articulotest.TimerTest" name="testReducirTiempo" time="0.005" />

      <system-out><![CDATA[]]></system-out>

      <system-err><![CDATA[]]></system-err>

  </testsuite>
  <testsuite errors="0" failures="0" hostname="Fedee-PC" id="15" name="BloqueAceroTest" package="modelo.bloquetest" tests="4" time="0.063" timestamp="2012-07-04T20:53:14">
      <properties>
[...]
</properties>

      <testcase classname="modelo.bloquetest.BloqueAceroTest" name="testDaniar" time="0.001" />

      <testcase classname="modelo.bloquetest.BloqueAceroTest" name="testQuePruebaQuitarVida" time="0.001" />

      <testcase classname="modelo.bloquetest.BloqueAceroTest" name="testQuePruebaQueUnBloqueEsDestruido" time="0.0" />

      <testcase classname="modelo.bloquetest.BloqueAceroTest" name="testQueChequeaQueElObjetoSeCreeCorrectamente" time="0.001" />

      <system-out><![CDATA[]]></system-out>

      <system-err><![CDATA[]]></system-err>

  </testsuite>
  <testsuite errors="0" failures="0" hostname="Fedee-PC" id="16" name="BloqueCementoTest" package="modelo.bloquetest" tests="4" time="0.06" timestamp="2012-07-04T20:53:14">
      <properties>
[...]
</properties>

      <testcase classname="modelo.bloquetest.BloqueCementoTest" name="testDaniar" time="0.003" />

      <testcase classname="modelo.bloquetest.BloqueCementoTest" name="testQuePruebaQuitarVida" time="0.001" />

      <testcase classname="modelo.bloquetest.BloqueCementoTest" name="testQuePruebaQueUnBloqueEsDestruido" time="0.0" />

      <testcase classname="modelo.bloquetest.BloqueCementoTest" name="testQueChequeaQueElObjetoSeCreeCorrectamente" time="0.0" />

      <system-out><![CDATA[]]></system-out>

      <system-err><![CDATA[]]></system-err>

  </testsuite>
  <testsuite errors="0" failures="0" hostname="Fedee-PC" id="17" name="BloqueLadrilloTest" package="modelo.bloquetest" tests="4" time="0.056" timestamp="2012-07-04T20:53:14">
      <properties>
[...]
</properties>

      <testcase classname="modelo.bloquetest.BloqueLadrilloTest" name="testDaniar" time="0.002" />

      <testcase classname="modelo.bloquetest.BloqueLadrilloTest" name="testQuePruebaQuitarVida" time="0.001" />

      <testcase classname="modelo.bloquetest.BloqueLadrilloTest" name="testQuePruebaQueUnBloqueEsDestruido" time="0.001" />

      <testcase classname="modelo.bloquetest.BloqueLadrilloTest" name="testQueChequeaQueElObjetoSeCreeCorrectamente" time="0.001" />

      <system-out><![CDATA[]]></system-out>

      <system-err><![CDATA[]]></system-err>

  </testsuite>
  <testsuite errors="0" failures="0" hostname="Fedee-PC" id="18" name="BombitaTest" package="modelo.bombitatest" tests="17" time="0.254" timestamp="2012-07-04T20:53:14">
      <properties>
[...]
</properties>

      <testcase classname="modelo.bombitatest.BombitaTest" name="testDaniar" time="0.003" />

      <testcase classname="modelo.bombitatest.BombitaTest" name="testSinVida" time="0.002" />

      <testcase classname="modelo.bombitatest.BombitaTest" name="testchocar" time="0.002" />

      <testcase classname="modelo.bombitatest.BombitaTest" name="testInicializarVelocidad" time="0.002" />

      <testcase classname="modelo.bombitatest.BombitaTest" name="testInicializarCoordenadaX" time="0.003" />

      <testcase classname="modelo.bombitatest.BombitaTest" name="testInicializarCoordenadaY" time="0.002" />

      <testcase classname="modelo.bombitatest.BombitaTest" name="testMoverseHaciaArriba" time="0.003" />

      <testcase classname="modelo.bombitatest.BombitaTest" name="testMoverseHaciaAbajo" time="0.002" />

      <testcase classname="modelo.bombitatest.BombitaTest" name="testMoverseHaciaDerecha" time="0.011" />

      <testcase classname="modelo.bombitatest.BombitaTest" name="testMoverseHaciaIzquierda" time="0.002" />

      <testcase classname="modelo.bombitatest.BombitaTest" name="testObtenerHabanoYAumentarVelocidad" time="0.009" />

      <testcase classname="modelo.bombitatest.BombitaTest" name="testObtenerToleToleYCambiarBomba" time="0.002" />

      <testcase classname="modelo.bombitatest.BombitaTest" name="testCambiarArmamentoInicialPorToleTole" time="0.002" />

      <testcase classname="modelo.bombitatest.BombitaTest" name="testObtenerTimerYCambiarTiempoRetraso" time="0.004" />

      <testcase classname="modelo.bombitatest.BombitaTest" name="testInicializarBomba" time="0.002" />

      <testcase classname="modelo.bombitatest.BombitaTest" name="testInicializarVida" time="0.005" />

      <testcase classname="modelo.bombitatest.BombitaTest" name="testRestarVida" time="0.003" />

      <system-out><![CDATA[]]></system-out>

      <system-err><![CDATA[]]></system-err>

  </testsuite>
  <testsuite errors="0" failures="0" hostname="Fedee-PC" id="19" name="CasilleroTest" package="modelo.casillerotest" tests="23" time="0.41" timestamp="2012-07-04T20:53:14">
      <properties>
[...]
</properties>

      <testcase classname="modelo.casillerotest.CasilleroTest" name="testSalidaOn" time="0.002" />

      <testcase classname="modelo.casillerotest.CasilleroTest" name="testDondeSeAgregaCasillero" time="0.078" />

      <testcase classname="modelo.casillerotest.CasilleroTest" name="testDondeSeEliminaCasillero" time="0.002" />

      <testcase classname="modelo.casillerotest.CasilleroTest" name="testDondeSeAgregaUnArmamento" time="0.099" />

      <testcase classname="modelo.casillerotest.CasilleroTest" name="testDondeSeAgreganPersonajes" time="0.001" />

      <testcase classname="modelo.casillerotest.CasilleroTest" name="testDondeSeAgregaArticulable" time="0.036" />

      <testcase classname="modelo.casillerotest.CasilleroTest" name="testDondeSeActualizaTodo" time="0.006" />

      <testcase classname="modelo.casillerotest.CasilleroTest" name="testQueCompruevaSiEsAtacable" time="0.002" />

      <testcase classname="modelo.casillerotest.CasilleroTest" name="testSalidaOffporObstaculo" time="0.005" />

      <testcase classname="modelo.casillerotest.CasilleroTest" name="testcasilleroSinPersonajes" time="0.0" />

      <testcase classname="modelo.casillerotest.CasilleroTest" name="testestaBombitaSinPersonajes" time="0.001" />

      <testcase classname="modelo.casillerotest.CasilleroTest" name="testCasilleroSinPersonjesConPersonaje" time="0.001" />

      <testcase classname="modelo.casillerotest.CasilleroTest" name="testEstaSoloBombitaConPersonajeCualquiera" time="0.002" />

      <testcase classname="modelo.casillerotest.CasilleroTest" name="testEstaSoloBombitaConVariosPersonajes" time="0.002" />

      <testcase classname="modelo.casillerotest.CasilleroTest" name="testDondeSeEliminaUnArmamento" time="0.001" />

      <testcase classname="modelo.casillerotest.CasilleroTest" name="testDondeSeEliminanPersonajes" time="0.001" />

      <testcase classname="modelo.casillerotest.CasilleroTest" name="testDondeSeEliminaArticulable" time="0.002" />

      <testcase classname="modelo.casillerotest.CasilleroTest" name="testQueCompruevaSiEsCaminable" time="0.001" />

      <testcase classname="modelo.casillerotest.CasilleroTest" name="testestaBombitaConPesonajeCualquiera" time="0.001" />

      <testcase classname="modelo.casillerotest.CasilleroTest" name="testestaBombitaConVariosPersonajes" time="0.001" />

      <testcase classname="modelo.casillerotest.CasilleroTest" name="testSalidaOff" time="0.001" />

      <testcase classname="modelo.casillerotest.CasilleroTest" name="testestaBombita" time="0.001" />

      <testcase classname="modelo.casillerotest.CasilleroTest" name="testEstaSoloBombita" time="0.001" />

      <system-out><![CDATA[]]></system-out>

      <system-err><![CDATA[]]></system-err>

  </testsuite>
  <testsuite errors="0" failures="0" hostname="Fedee-PC" id="20" name="CoordenadasTest" package="modelo.coordenadastest" tests="6" time="0.071" timestamp="2012-07-04T20:53:15">
      <properties>
[...]
</properties>

      <testcase classname="modelo.coordenadastest.CoordenadasTest" name="testQuePruebaErrorAlSetearMal" time="0.0" />

      <testcase classname="modelo.coordenadastest.CoordenadasTest" name="testQuePruebaErrorAlModificarX" time="0.001" />

      <testcase classname="modelo.coordenadastest.CoordenadasTest" name="testQuePruebaErrorAlModificarY" time="0.0" />

      <testcase classname="modelo.coordenadastest.CoordenadasTest" name="testQuePruebaCoordenadasIguales" time="0.002" />

      <testcase classname="modelo.coordenadastest.CoordenadasTest" name="testQueVerificaSeteo" time="0.0" />

      <testcase classname="modelo.coordenadastest.CoordenadasTest" name="testQuePruebaElGuardado" time="0.002" />

      <system-out><![CDATA[]]></system-out>

      <system-err><![CDATA[]]></system-err>

  </testsuite>
  <testsuite errors="0" failures="0" hostname="Fedee-PC" id="21" name="TranslacionTest" package="modelo.coordenadastest" tests="1" time="0.029" timestamp="2012-07-04T20:53:15">
      <properties>
[...]
</properties>

      <testcase classname="modelo.coordenadastest.TranslacionTest" name="TestQueChequeaLaAccion" time="0.006" />

      <system-out><![CDATA[]]></system-out>

      <system-err><![CDATA[]]></system-err>

  </testsuite>
  <testsuite errors="0" failures="0" hostname="Fedee-PC" id="22" name="AladoTest" package="modelo.enemigostest" tests="11" time="0.693" timestamp="2012-07-04T20:53:15">
      <properties>
[...]
</properties>

      <testcase classname="modelo.enemigostest.AladoTest" name="testDaniar" time="0.002" />

      <testcase classname="modelo.enemigostest.AladoTest" name="testSinVida" time="0.002" />

      <testcase classname="modelo.enemigostest.AladoTest" name="testchocar" time="0.002" />

      <testcase classname="modelo.enemigostest.AladoTest" name="testInicializarVelocidad" time="0.003" />

      <testcase classname="modelo.enemigostest.AladoTest" name="testInicializarCoordenadaX" time="0.003" />

      <testcase classname="modelo.enemigostest.AladoTest" name="testInicializarCoordenadaY" time="0.002" />

      <testcase classname="modelo.enemigostest.AladoTest" name="testEnemigoAtacar" time="0.56" />

      <testcase classname="modelo.enemigostest.AladoTest" name="testCaminarRandom" time="0.016" />

      <testcase classname="modelo.enemigostest.AladoTest" name="testInicializarBomba" time="0.003" />

      <testcase classname="modelo.enemigostest.AladoTest" name="testInicializarVida" time="0.003" />

      <testcase classname="modelo.enemigostest.AladoTest" name="testRestarVida" time="0.002" />

      <system-out><![CDATA[]]></system-out>

      <system-err><![CDATA[]]></system-err>

  </testsuite>
  <testsuite errors="0" failures="0" hostname="Fedee-PC" id="23" name="CecilioTest" package="modelo.enemigostest" tests="11" time="0.348" timestamp="2012-07-04T20:53:16">
      <properties>
[...]
</properties>

      <testcase classname="modelo.enemigostest.CecilioTest" name="testDaniar" time="0.002" />

      <testcase classname="modelo.enemigostest.CecilioTest" name="testSinVida" time="0.003" />

      <testcase classname="modelo.enemigostest.CecilioTest" name="testchocar" time="0.003" />

      <testcase classname="modelo.enemigostest.CecilioTest" name="testInicializarVelocidad" time="0.003" />

      <testcase classname="modelo.enemigostest.CecilioTest" name="testInicializarCoordenadaX" time="0.004" />

      <testcase classname="modelo.enemigostest.CecilioTest" name="testInicializarCoordenadaY" time="0.002" />

      <testcase classname="modelo.enemigostest.CecilioTest" name="testEnemigoAtacar" time="0.203" />

      <testcase classname="modelo.enemigostest.CecilioTest" name="testCaminarRandom" time="0.013" />

      <testcase classname="modelo.enemigostest.CecilioTest" name="testInicializarBomba" time="0.002" />

      <testcase classname="modelo.enemigostest.CecilioTest" name="testInicializarVida" time="0.002" />

      <testcase classname="modelo.enemigostest.CecilioTest" name="testRestarVida" time="0.005" />

      <system-out><![CDATA[]]></system-out>

      <system-err><![CDATA[]]></system-err>

  </testsuite>
  <testsuite errors="0" failures="0" hostname="Fedee-PC" id="24" name="ComunTest" package="modelo.enemigostest" tests="11" time="0.24" timestamp="2012-07-04T20:53:16">
      <properties>
[...]
</properties>

      <testcase classname="modelo.enemigostest.ComunTest" name="testDaniar" time="0.003" />

      <testcase classname="modelo.enemigostest.ComunTest" name="testSinVida" time="0.003" />

      <testcase classname="modelo.enemigostest.ComunTest" name="testchocar" time="0.001" />

      <testcase classname="modelo.enemigostest.ComunTest" name="testInicializarVelocidad" time="0.002" />

      <testcase classname="modelo.enemigostest.ComunTest" name="testInicializarCoordenadaX" time="0.002" />

      <testcase classname="modelo.enemigostest.ComunTest" name="testInicializarCoordenadaY" time="0.003" />

      <testcase classname="modelo.enemigostest.ComunTest" name="testEnemigoAtacar" time="0.118" />

      <testcase classname="modelo.enemigostest.ComunTest" name="testCaminarRandom" time="0.008" />

      <testcase classname="modelo.enemigostest.ComunTest" name="testInicializarBomba" time="0.003" />

      <testcase classname="modelo.enemigostest.ComunTest" name="testInicializarVida" time="0.002" />

      <testcase classname="modelo.enemigostest.ComunTest" name="testRestarVida" time="0.001" />

      <system-out><![CDATA[]]></system-out>

      <system-err><![CDATA[]]></system-err>

  </testsuite>
  <testsuite errors="0" failures="0" hostname="Fedee-PC" id="25" name="FuegoDeExplocionTest" package="modelo.fuegoDeExplocionTest" tests="1" time="0.031" timestamp="2012-07-04T20:53:16">
      <properties>
[...]
</properties>

      <testcase classname="modelo.fuegoDeExplocionTest.FuegoDeExplocionTest" name="FuegoDeExplocionVivir" time="0.003" />

      <system-out><![CDATA[]]></system-out>

      <system-err><![CDATA[]]></system-err>

  </testsuite>
  <testsuite errors="0" failures="0" hostname="Fedee-PC" id="26" name="MapaTest" package="modelo.mapatest" tests="14" time="0.256" timestamp="2012-07-04T20:53:16">
      <properties>
[...]
</properties>

      <testcase classname="modelo.mapatest.MapaTest" name="testTamanio" time="0.001" />

      <testcase classname="modelo.mapatest.MapaTest" name="testTerminoNivelConBombitaenSalidayPersonajes" time="0.008" />

      <testcase classname="modelo.mapatest.MapaTest" name="testObtenerCasilleroTamanioFueraDeRango" time="0.002" />

      <testcase classname="modelo.mapatest.MapaTest" name="testConstructorTamanioInvalido" time="0.002" />

      <testcase classname="modelo.mapatest.MapaTest" name="testTerminoNivelsinBombitaenSalida" time="0.013" />

      <testcase classname="modelo.mapatest.MapaTest" name="testTerminoNivelconPersonajeEnSalida" time="0.004" />

      <testcase classname="modelo.mapatest.MapaTest" name="testTerminoNivel" time="0.006" />

      <testcase classname="modelo.mapatest.MapaTest" name="testObtenerCasillero" time="0.001" />

      <testcase classname="modelo.mapatest.MapaTest" name="testConstructor" time="0.001" />

      <testcase classname="modelo.mapatest.MapaTest" name="testObtenerPersonajeDelMapa" time="0.003" />

      <testcase classname="modelo.mapatest.MapaTest" name="testErrorCasilleroInvalido" time="0.024" />

      <testcase classname="modelo.mapatest.MapaTest" name="testObtenerObstaculoDelMapa" time="0.025" />

      <testcase classname="modelo.mapatest.MapaTest" name="testObtenerArmamentoDelMapa" time="0.003" />

      <testcase classname="modelo.mapatest.MapaTest" name="testObtenerArticuloDelMapa" time="0.024" />

      <system-out><![CDATA[]]></system-out>

      <system-err><![CDATA[]]></system-err>

  </testsuite>
  <testsuite errors="0" failures="0" hostname="Fedee-PC" id="27" name="TableroTest" package="modelo.mapatest" tests="5" time="0.043" timestamp="2012-07-04T20:53:17">
      <properties>
[...]
</properties>

      <testcase classname="modelo.mapatest.TableroTest" name="testObtenercasilleroTamaniofueradeRango" time="0.002" />

      <testcase classname="modelo.mapatest.TableroTest" name="testCambiarcasilleroTamaniofueradeRango" time="0.002" />

      <testcase classname="modelo.mapatest.TableroTest" name="testConstructorconTamanioInvalido" time="0.001" />

      <testcase classname="modelo.mapatest.TableroTest" name="testObtenerTamanio" time="0.001" />

      <testcase classname="modelo.mapatest.TableroTest" name="testObtenercasillero" time="0.002" />

      <system-out><![CDATA[]]></system-out>

      <system-err><![CDATA[]]></system-err>

  </testsuite>
  <testsuite errors="0" failures="0" hostname="Fedee-PC" id="28" name="MovimientoPersonajeTest" package="modelo.movimientotest" tests="7" time="0.066" timestamp="2012-07-04T20:53:17">
      <properties>
[...]
</properties>

      <testcase classname="modelo.movimientotest.MovimientoPersonajeTest" name="testListaDeMovimientosInicializadoCorrectamente" time="0.003" />

      <testcase classname="modelo.movimientotest.MovimientoPersonajeTest" name="testMoverDerechaYNoCambiaOtroSentido" time="0.002" />

      <testcase classname="modelo.movimientotest.MovimientoPersonajeTest" name="testMoverArriba" time="0.001" />

      <testcase classname="modelo.movimientotest.MovimientoPersonajeTest" name="testMoverAbajo" time="0.002" />

      <testcase classname="modelo.movimientotest.MovimientoPersonajeTest" name="testMoverIzquierda" time="0.001" />

      <testcase classname="modelo.movimientotest.MovimientoPersonajeTest" name="testMoverDerecha" time="0.002" />

      <testcase classname="modelo.movimientotest.MovimientoPersonajeTest" name="testObtenerNumeroRandom" time="0.002" />

      <system-out><![CDATA[]]></system-out>

      <system-err><![CDATA[]]></system-err>

  </testsuite>
  <testsuite errors="0" failures="0" hostname="Fedee-PC" id="29" name="ondaEspansivaTest" package="modelo.ondaexpantest" tests="3" time="0.054" timestamp="2012-07-04T20:53:17">
      <properties>
[...]
</properties>

      <testcase classname="modelo.ondaexpantest.ondaEspansivaTest" name="testQueVerificaLaExplocionDeLaBombasinMocksEnElMedio" time="0.003" />

      <testcase classname="modelo.ondaexpantest.ondaEspansivaTest" name="testQueVerificaLaExplocionDeLaBombasinMocksEnUnLateral" time="0.003" />

      <testcase classname="modelo.ondaexpantest.ondaEspansivaTest" name="testQueVerificaLaExplocionDeLaBombaConMocks" time="0.021" />

      <system-out><![CDATA[]]></system-out>

      <system-err><![CDATA[]]></system-err>

  </testsuite>
  <testsuite errors="0" failures="0" hostname="Fedee-PC" id="30" name="PuntajeTest" package="modelo.puntaje" tests="7" time="0.115" timestamp="2012-07-04T20:53:17">
      <properties>
[...]
</properties>

      <testcase classname="modelo.puntaje.PuntajeTest" name="testVerificarPuntajeInicialCorrecto" time="0.003" />

      <testcase classname="modelo.puntaje.PuntajeTest" name="testAumentarPuntaje" time="0.002" />

      <testcase classname="modelo.puntaje.PuntajeTest" name="testPuntajeInicialArticulo" time="0.002" />

      <testcase classname="modelo.puntaje.PuntajeTest" name="testPuntajeInicialObstaculo" time="0.02" />

      <testcase classname="modelo.puntaje.PuntajeTest" name="testAumentarPuntajeLuegoDeMatarEnemigo" time="0.002" />

      <testcase classname="modelo.puntaje.PuntajeTest" name="testAumentarPuntajeLuegoDeDestruirObstaculo" time="0.002" />

      <testcase classname="modelo.puntaje.PuntajeTest" name="testAumentarPuntajeLuegoDeObtenerArticulo" time="0.004" />

      <system-out><![CDATA[]]></system-out>

      <system-err><![CDATA[]]></system-err>

  </testsuite>
  <testsuite errors="0" failures="0" hostname="Fedee-PC" id="31" name="PuntajeTest" package="modelo.puntajetest" tests="5" time="0.073" timestamp="2012-07-04T20:53:17">
      <properties>
[...]
</properties>

      <testcase classname="modelo.puntajetest.PuntajeTest" name="testVerificarPuntajeInicialCorrecto" time="0.006" />

      <testcase classname="modelo.puntajetest.PuntajeTest" name="testAumentarPuntaje" time="0.004" />

      <testcase classname="modelo.puntajetest.PuntajeTest" name="testAumentarPuntajeLuegoDeMatarEnemigo" time="0.003" />

      <testcase classname="modelo.puntajetest.PuntajeTest" name="testAumentarPuntajeLuegoDeDestruirObstaculo" time="0.009" />

      <testcase classname="modelo.puntajetest.PuntajeTest" name="testAumentarPuntajeLuegoDeObtenerArticulo" time="0.003" />

      <system-out><![CDATA[]]></system-out>

      <system-err><![CDATA[]]></system-err>

  </testsuite>
  <testsuite errors="0" failures="0" hostname="Fedee-PC" id="32" name="VistaCasilleroTest" package="vista.CasilleroTest" tests="1" time="2.227" timestamp="2012-07-04T20:53:17">
      <properties>
[...]
</properties>

      <testcase classname="vista.CasilleroTest.VistaCasilleroTest" name="testVistaMapaDibujar" time="0.875" />

      <system-out><![CDATA[]]></system-out>

      <system-err><![CDATA[]]></system-err>

  </testsuite>
  <testsuite errors="0" failures="0" hostname="Fedee-PC" id="33" name="VistaMapaTest" package="vista.MapaTest" tests="1" time="0.086" timestamp="2012-07-04T20:53:20">
      <properties>
[...]
</properties>

      <testcase classname="vista.MapaTest.VistaMapaTest" name="testVistaMapaDibujar" time="0.072" />

      <system-out><![CDATA[]]></system-out>

      <system-err><![CDATA[]]></system-err>

  </testsuite>
  <testsuite errors="0" failures="0" hostname="Fedee-PC" id="34" name="CirculoTest" package="vista.fiuba.algo3.titiritero.dibujables" tests="1" time="0.053" timestamp="2012-07-04T20:53:20">
      <properties>
[...]
</properties>

      <testcase classname="vista.fiuba.algo3.titiritero.dibujables.CirculoTest" name="testDibujar" time="0.036" />

      <system-out><![CDATA[]]></system-out>

      <system-err><![CDATA[]]></system-err>

  </testsuite>
  <testsuite errors="0" failures="0" hostname="Fedee-PC" id="35" name="CuadradoTest" package="vista.fiuba.algo3.titiritero.dibujables" tests="1" time="0.026" timestamp="2012-07-04T20:53:20">
      <properties>
[...]
</properties>

      <testcase classname="vista.fiuba.algo3.titiritero.dibujables.CuadradoTest" name="testDibujar" time="0.009" />

      <system-out><![CDATA[]]></system-out>

      <system-err><![CDATA[]]></system-err>

  </testsuite>
  <testsuite errors="0" failures="0" hostname="Fedee-PC" id="36" name="ImagenTest" package="vista.fiuba.algo3.titiritero.dibujables" tests="1" time="0.075" timestamp="2012-07-04T20:53:20">
      <properties>
[...]
</properties>

      <testcase classname="vista.fiuba.algo3.titiritero.dibujables.ImagenTest" name="testDibujar" time="0.058" />

      <system-out><![CDATA[file:/C:/Users/Fedee/Desktop/proyectobomberman/BombitaTp2/build/tests/res/imagen.png
]]></system-out>

      <system-err><![CDATA[]]></system-err>

  </testsuite>
  <testsuite errors="0" failures="0" hostname="Fedee-PC" id="37" name="SuperficiePanelTest" package="vista.fiuba.algo3.titiritero.dibujables" tests="1" time="0.43" timestamp="2012-07-04T20:53:20">
      <properties>
[...]
</properties>

      <testcase classname="vista.fiuba.algo3.titiritero.dibujables.SuperficiePanelTest" name="paintDeberiaInvocarDrawImageYLimpiar" time="0.415" />

      <system-out><![CDATA[repintando
]]></system-out>

      <system-err><![CDATA[]]></system-err>

  </testsuite>
  <testsuite errors="0" failures="0" hostname="Fedee-PC" id="38" name="GameLoopTest" package="vista.fiuba.algo3.titiritero.modelo" tests="4" time="0.786" timestamp="2012-07-04T20:53:20">
      <properties>
[...]
</properties>

      <testcase classname="vista.fiuba.algo3.titiritero.modelo.GameLoopTest" name="iniciarEjecucionDeberiaInvocarDibujar" time="0.314" />

      <testcase classname="vista.fiuba.algo3.titiritero.modelo.GameLoopTest" name="iniciarEjecucionDeberiaInvocarLimpiar" time="0.206" />

      <testcase classname="vista.fiuba.algo3.titiritero.modelo.GameLoopTest" name="iniciarEjecucionDeberiaInvocarVivir" time="0.224" />

      <testcase classname="vista.fiuba.algo3.titiritero.modelo.GameLoopTest" name="agregarNoDeberiaAgregarDuplicador" time="0.002" />

      <system-out><![CDATA[]]></system-out>

      <system-err><![CDATA[java.lang.InterruptedException: sleep interrupted
	at java.lang.Thread.sleep(Native Method)
	at vista.fiuba.algo3.titiritero.modelo.GameLoop.run(GameLoop.java:68)
	at java.lang.Thread.run(Thread.java:722)
java.lang.InterruptedException: sleep interrupted
	at java.lang.Thread.sleep(Native Method)
	at vista.fiuba.algo3.titiritero.modelo.GameLoop.run(GameLoop.java:68)
	at java.lang.Thread.run(Thread.java:722)
java.lang.InterruptedException: sleep interrupted
	at java.lang.Thread.sleep(Native Method)
	at vista.fiuba.algo3.titiritero.modelo.GameLoop.run(GameLoop.java:68)
	at java.lang.Thread.run(Thread.java:722)
]]></system-err>

  </testsuite>
  <testsuite errors="0" failures="0" hostname="Fedee-PC" id="39" name="VistaObjetoTest" package="vista.vistaObjetoTest" tests="14" time="0.771" timestamp="2012-07-04T20:53:21">
      <properties>
[...]
</properties>

      <testcase classname="vista.vistaObjetoTest.VistaObjetoTest" name="testQuePruevaLaVistaDelBloqueLadrillo" time="0.057" />

      <testcase classname="vista.vistaObjetoTest.VistaObjetoTest" name="testQuePruevaLaVistaDelFuegoDeExplocion" time="0.067" />

      <testcase classname="vista.vistaObjetoTest.VistaObjetoTest" name="testQuePruevaLaVistaDelToleTole" time="0.066" />

      <testcase classname="vista.vistaObjetoTest.VistaObjetoTest" name="testQuePruevaLaVistaDelProyectil" time="0.056" />

      <testcase classname="vista.vistaObjetoTest.VistaObjetoTest" name="testQuePruevaLaVistaDeBombita" time="0.045" />

      <testcase classname="vista.vistaObjetoTest.VistaObjetoTest" name="testQuePruevaLaVistaDelMolotov" time="0.034" />

      <testcase classname="vista.vistaObjetoTest.VistaObjetoTest" name="testQuePruevaLaVistaDeCecilio" time="0.038" />

      <testcase classname="vista.vistaObjetoTest.VistaObjetoTest" name="testQuePruevaLaVistaDeLopezAlado" time="0.046" />

      <testcase classname="vista.vistaObjetoTest.VistaObjetoTest" name="testQuePruevaLaVistaDeLopezComun" time="0.028" />

      <testcase classname="vista.vistaObjetoTest.VistaObjetoTest" name="testQuePruevaLaVistaDelBloqueCemento" time="0.029" />

      <testcase classname="vista.vistaObjetoTest.VistaObjetoTest" name="testQuePruevaLaVistaDelBloqueAcero" time="0.038" />

      <testcase classname="vista.vistaObjetoTest.VistaObjetoTest" name="testQuePruevaLaVistaDeLaSalida" time="0.033" />

      <testcase classname="vista.vistaObjetoTest.VistaObjetoTest" name="testQuePruevaLaVistaDelTimer" time="0.06" />

      <testcase classname="vista.vistaObjetoTest.VistaObjetoTest" name="testQuePruevaLaVistaDeHabano" time="0.031" />

      <system-out><![CDATA[]]></system-out>

      <system-err><![CDATA[]]></system-err>

  </testsuite>
</testsuites>
