<?xml version="1.0" encoding="UTF-8" ?>
<testsuites>
  <testsuite errors="0" failures="0" hostname="Fedee-PC" id="0" name="PersistenciaTest" package="control.PersistenciaTest" tests="2" time="2.428" timestamp="2012-07-05T20:22:23">
      <properties>
[...]
</properties>

      <testcase classname="control.PersistenciaTest.PersistenciaTest" name="testQueRecuperaElJuego" time="0.477" />

      <testcase classname="control.PersistenciaTest.PersistenciaTest" name="testGuardarElJuego" time="0.046" />

      <system-out><![CDATA[]]></system-out>

      <system-err><![CDATA[]]></system-err>

  </testsuite>
  <testsuite errors="0" failures="0" hostname="Fedee-PC" id="1" name="TecladoTest" package="control.tecladoTest" tests="5" time="0.558" timestamp="2012-07-05T20:22:25">
      <properties>
[...]
</properties>

      <testcase classname="control.tecladoTest.TecladoTest" name="testPruebaTeclaAbajo" time="0.492" />

      <testcase classname="control.tecladoTest.TecladoTest" name="testPruebaTeclaArriba" time="0.006" />

      <testcase classname="control.tecladoTest.TecladoTest" name="testPruebaTeclaDerecha" time="0.006" />

      <testcase classname="control.tecladoTest.TecladoTest" name="testPruebaTeclaIzquierda" time="0.006" />

      <testcase classname="control.tecladoTest.TecladoTest" name="testPruebaTeclaAtacar" time="0.007" />

      <system-out><![CDATA[Atacar
]]></system-out>

      <system-err><![CDATA[]]></system-err>

  </testsuite>
  <testsuite errors="0" failures="0" hostname="Fedee-PC" id="2" name="ControlDeJuegoTest" package="main.VentanaPrincipalTest" tests="2" time="1.532" timestamp="2012-07-05T20:22:26">
      <properties>
[...]
</properties>

      <testcase classname="main.VentanaPrincipalTest.ControlDeJuegoTest" name="TestQuePruevaElFuncionamientoDelControlador" time="0.8" />

      <testcase classname="main.VentanaPrincipalTest.ControlDeJuegoTest" name="TestQuePruevaElFuncionamientoDelGuardado" time="0.705" />

      <system-out><![CDATA[]]></system-out>

      <system-err><![CDATA[java.lang.NullPointerException
	at modelo.salida.Salida.recuperar(Salida.java:62)
	at control.Persistencia.Persistencia.recuperarSalida(Persistencia.java:157)
	at control.Persistencia.Persistencia.recuperar(Persistencia.java:70)
	at control.Persistencia.Persistencia.recuperar(Persistencia.java:51)
	at main.ControlJuego.cargarMapaEnXml(ControlJuego.java:193)
	at main.ControlJuego.CargarJuego(ControlJuego.java:64)
	at main.VentanaPrincipalTest.ControlDeJuegoTest.TestQuePruevaElFuncionamientoDelGuardado(ControlDeJuegoTest.java:31)
	at sun.reflect.NativeMethodAccessorImpl.invoke0(Native Method)
	at sun.reflect.NativeMethodAccessorImpl.invoke(NativeMethodAccessorImpl.java:57)
	at sun.reflect.DelegatingMethodAccessorImpl.invoke(DelegatingMethodAccessorImpl.java:43)
	at java.lang.reflect.Method.invoke(Method.java:601)
	at org.junit.runners.model.FrameworkMethod$1.runReflectiveCall(FrameworkMethod.java:45)
	at org.junit.internal.runners.model.ReflectiveCallable.run(ReflectiveCallable.java:15)
	at org.junit.runners.model.FrameworkMethod.invokeExplosively(FrameworkMethod.java:42)
	at org.junit.internal.runners.statements.InvokeMethod.evaluate(InvokeMethod.java:20)
	at org.junit.runners.ParentRunner.runLeaf(ParentRunner.java:263)
	at org.junit.runners.BlockJUnit4ClassRunner.runChild(BlockJUnit4ClassRunner.java:68)
	at org.junit.runners.BlockJUnit4ClassRunner.runChild(BlockJUnit4ClassRunner.java:47)
	at org.junit.runners.ParentRunner$3.run(ParentRunner.java:231)
	at org.junit.runners.ParentRunner$1.schedule(ParentRunner.java:60)
	at org.junit.runners.ParentRunner.runChildren(ParentRunner.java:229)
	at org.junit.runners.ParentRunner.access$000(ParentRunner.java:50)
	at org.junit.runners.ParentRunner$2.evaluate(ParentRunner.java:222)
	at org.junit.runners.ParentRunner.run(ParentRunner.java:300)
	at junit.framework.JUnit4TestAdapter.run(JUnit4TestAdapter.java:39)
	at org.apache.tools.ant.taskdefs.optional.junit.JUnitTestRunner.run(JUnitTestRunner.java:520)
	at org.apache.tools.ant.taskdefs.optional.junit.JUnitTestRunner.launch(JUnitTestRunner.java:1060)
	at org.apache.tools.ant.taskdefs.optional.junit.JUnitTestRunner.main(JUnitTestRunner.java:884)
]]></system-err>

  </testsuite>
  <testsuite errors="0" failures="0" hostname="Fedee-PC" id="3" name="VentanaPrincipalTest" package="main.VentanaPrincipalTest" tests="1" time="1.031" timestamp="2012-07-05T20:22:28">
      <properties>
[...]
</properties>

      <testcase classname="main.VentanaPrincipalTest.VentanaPrincipalTest" name="pruevaDeVentanaPrincipal" time="0.999" />

      <system-out><![CDATA[]]></system-out>

      <system-err><![CDATA[Exception in thread "Thread-3" java.lang.NullPointerException
	at vista.fiuba.algo3.titiritero.dibujables.SuperficiePanel.getBuffer(SuperficiePanel.java:50)
	at vista.fiuba.algo3.titiritero.dibujables.Imagen.dibujar(Imagen.java:26)
	at vista.objeto.VistaObjeto.dibujar(VistaObjeto.java:22)
	at vista.Casillero.VistaCasillero$Dibujador.run(VistaCasillero.java:100)
	at java.lang.Thread.run(Thread.java:722)
	at vista.Casillero.VistaCasillero.dibujar(VistaCasillero.java:88)
	at vista.Casillero.VistaCasillero.dibujarPersonajes(VistaCasillero.java:73)
	at vista.Casillero.VistaCasillero.dibujar(VistaCasillero.java:30)
	at vista.Mapa.VistaMapa$actualizadorDeVistaCasillero.run(VistaMapa.java:46)
	at java.lang.Thread.run(Thread.java:722)
	at vista.Mapa.VistaMapa.dibujar(VistaMapa.java:26)
	at vista.fiuba.algo3.titiritero.modelo.GameLoop.run(GameLoop.java:64)
	at java.lang.Thread.run(Thread.java:722)
Exception in thread "Thread-99" java.lang.NullPointerException
	at vista.fiuba.algo3.titiritero.dibujables.SuperficiePanel.getBuffer(SuperficiePanel.java:50)
	at vista.fiuba.algo3.titiritero.dibujables.Imagen.dibujar(Imagen.java:26)
	at vista.objeto.VistaObjeto.dibujar(VistaObjeto.java:22)
	at vista.Casillero.VistaCasillero$Dibujador.run(VistaCasillero.java:100)
	at java.lang.Thread.run(Thread.java:722)
	at vista.Casillero.VistaCasillero.dibujar(VistaCasillero.java:88)
	at vista.Casillero.VistaCasillero.dibujarPersonajes(VistaCasillero.java:73)
	at vista.Casillero.VistaCasillero.dibujar(VistaCasillero.java:30)
	at vista.Mapa.VistaMapa$actualizadorDeVistaCasillero.run(VistaMapa.java:46)
	at java.lang.Thread.run(Thread.java:722)
	at vista.Mapa.VistaMapa.dibujar(VistaMapa.java:26)
	at vista.fiuba.algo3.titiritero.modelo.GameLoop.run(GameLoop.java:64)
	at java.lang.Thread.run(Thread.java:722)
]]></system-err>

  </testsuite>
  <testsuite errors="0" failures="0" hostname="Fedee-PC" id="4" name="ColicionadorTest" package="modelo.DetectorDeColisionesTest" tests="1" time="0.225" timestamp="2012-07-05T20:22:29">
      <properties>
[...]
</properties>

      <testcase classname="modelo.DetectorDeColisionesTest.ColicionadorTest" name="testQuePruebaUnaColicion" time="0.017" />

      <system-out><![CDATA[]]></system-out>

      <system-err><![CDATA[]]></system-err>

  </testsuite>
  <testsuite errors="0" failures="0" hostname="Fedee-PC" id="5" name="ModeloTest" package="modelo.TestIntegracion" tests="1" time="3.62" timestamp="2012-07-05T20:22:29">
      <properties>
[...]
</properties>

      <testcase classname="modelo.TestIntegracion.ModeloTest" name="testJuego" time="3.592" />

      <system-out><![CDATA[Prueba Integracion
Puntaje :0
Puntaje :0
Puntaje :0
Puntaje :0
Puntaje :0
Puntaje :0
Puntaje :0
Puntaje :0
Puntaje :0
Puntaje :0
Puntaje :0
Puntaje :0
Puntaje :0
Puntaje :0
Puntaje :0
Puntaje :0
Puntaje :0
Puntaje :0
Puntaje :0
Puntaje :0
Puntaje :200
Puntaje :200
Puntaje :200
Puntaje :200
Puntaje :200
Puntaje :700
Puntaje :700
Puntaje :700
Puntaje :700
Puntaje :700
Puntaje :700
Puntaje :700
Puntaje :700
Puntaje :700
Puntaje :700
Puntaje :700
Puntaje :700
Puntaje :700
Puntaje :700
Puntaje :700
Puntaje :700
Puntaje :700
Puntaje :700
Puntaje :700
Puntaje :700
Puntaje :700
Puntaje :700
Puntaje :700
Puntaje :700
Puntaje :700
Puntaje :700
Puntaje :700
Puntaje :700
Puntaje :700
Puntaje :700
Puntaje :700
Puntaje :700
Puntaje :700
Puntaje :700
Puntaje :700
Puntaje :700
Puntaje :700
Puntaje :700
Puntaje :700
Puntaje :700
Puntaje :700
Puntaje :700
Puntaje :700
Puntaje :700
Puntaje :700
Puntaje :700
Puntaje :700
Puntaje :700
Puntaje :700
Puntaje :700
Puntaje :700
Puntaje :700
Puntaje :700
Puntaje :700
Puntaje :700
Puntaje :700
Puntaje :700
Puntaje :700
Puntaje :700
Puntaje :700
Puntaje :700
Puntaje :700
Puntaje :700
Puntaje :700
Puntaje :700
Puntaje :700
Puntaje :700
Puntaje :700
Puntaje :700
Puntaje :700
Puntaje :700
Puntaje :700
Puntaje :700
Puntaje :700
Puntaje :700
Puntaje :700
Puntaje :700
Puntaje :700
Puntaje :700
Puntaje :700
Puntaje :700
Puntaje :700
Puntaje :700
Puntaje :700
Puntaje :700
Puntaje :700
Puntaje :700
Puntaje :700
Puntaje :700
Puntaje :700
Puntaje :700
Puntaje :700
Puntaje :700
Puntaje :700
Puntaje :700
Puntaje :700
Puntaje :700
Puntaje :700
Puntaje :700
Puntaje :700
Puntaje :700
Puntaje :700
Puntaje :700
Puntaje :700
Puntaje :700
Puntaje :700
Puntaje :700
Puntaje :700
Puntaje :700
Puntaje :700
Puntaje :700
Puntaje :700
Puntaje :700
Puntaje :700
Puntaje :700
Puntaje :700
Puntaje :700
Puntaje :700
Puntaje :700
Puntaje :700
Puntaje :700
Puntaje :700
Puntaje :700
Puntaje :700
Puntaje :700
Puntaje :700
Puntaje :700
Puntaje :700
Puntaje :700
Puntaje :700
Puntaje :700
Puntaje :700
Puntaje :700
Puntaje :700
Puntaje :700
Puntaje :700
Puntaje :700
Puntaje :700
Puntaje :700
Puntaje :700
Puntaje :700
Puntaje :700
Puntaje :700
Puntaje :700
Puntaje :700
Puntaje :700
Puntaje :700
Puntaje :700
Puntaje :700
Puntaje :700
Puntaje :700
Puntaje :700
Puntaje :700
Puntaje :700
Puntaje :700
Puntaje :700
Puntaje :700
Puntaje :700
Puntaje :700
Puntaje :700
Puntaje :700
Puntaje :700
Puntaje :700
Puntaje :700
Puntaje :1200
Puntaje :1200
Puntaje :1200
Puntaje :1200
Puntaje :1400
Puntaje :1400
Puntaje :1400
Puntaje :1400
Puntaje :1400
Puntaje :1400
Puntaje :1400
Puntaje :1400
Puntaje :1400
Puntaje :1400
Puntaje :1400
Puntaje :1400
Puntaje :1400
Puntaje :1400
Puntaje :1400
Puntaje :1400
Puntaje :1400
Puntaje :1400
Puntaje :1400
Puntaje :1400
Puntaje :1400
Puntaje :1400
Puntaje :1400
Puntaje :1400
Puntaje :1400
Puntaje :1400
Puntaje :1400
Puntaje :1400
Puntaje :1400
Puntaje :1400
Puntaje :1400
Puntaje :1400
Puntaje :1400
Puntaje :1400
Puntaje :1400
Puntaje :1400
Puntaje :1400
Puntaje :1400
Puntaje :1400
Puntaje :1400
Puntaje :1400
Puntaje :1400
Puntaje :1400
Puntaje :1400
Puntaje :1400
Puntaje :1400
Puntaje :1400
Puntaje :1400
Puntaje :1400
Puntaje :1400
Puntaje :1400
Puntaje :1400
Puntaje :1400
Puntaje :1400
Puntaje :1400
Puntaje :1400
Puntaje :1400
Puntaje :1400
Puntaje :1400
Puntaje :1400
Puntaje :1400
Puntaje :1400
Puntaje :1400
Puntaje :1400
Puntaje :1400
Puntaje :1400
Puntaje :1400
Puntaje :1400
Puntaje :1400
Puntaje :1400
Puntaje :1400
Puntaje :1400
Puntaje :1400
Puntaje :1400
Puntaje :1400
Puntaje :1400
Puntaje :1400
Puntaje :1400
Puntaje :1400
Puntaje :1400
Puntaje :1400
Puntaje :1400
Puntaje :1400
Puntaje :1400
Puntaje :1400
Puntaje :1400
Puntaje :1400
Puntaje :1400
Puntaje :1400
Puntaje :1400
Puntaje :1400
Puntaje :1400
Puntaje :1400
Puntaje :1400
Puntaje :1400
Puntaje :1400
Puntaje :1400
Puntaje :1400
Puntaje :1400
Puntaje :1400
Puntaje :1400
Puntaje :1400
Puntaje :1400
Puntaje :1400
Puntaje :1400
Puntaje :1400
Puntaje :1400
Puntaje :1400
Puntaje :1400
Puntaje :1400
Puntaje :1400
Puntaje :1400
Puntaje :1400
Puntaje :1400
Puntaje :1400
Puntaje :1400
Puntaje :1400
Puntaje :1400
Puntaje :1400
Puntaje :1400
Puntaje :1400
Puntaje :1400
Puntaje :1400
Puntaje :1400
Puntaje :1400
Puntaje :1400
Puntaje :1400
Puntaje :1400
Puntaje :1400
Puntaje :1400
Puntaje :1400
Puntaje :1400
Puntaje :1400
Puntaje :1400
Puntaje :1400
Puntaje :1400
Puntaje :1400
Puntaje :1400
Puntaje :1400
Puntaje :1400
Puntaje :1400
Puntaje :1400
Puntaje :1400
Puntaje :1400
Puntaje :1400
Puntaje :1400
Puntaje :1400
Puntaje :1400
Puntaje :1400
Puntaje :1400
Puntaje :1400
Puntaje :1400
Puntaje :1400
Puntaje :1400
Puntaje :1400
Puntaje :1400
Puntaje :1400
Puntaje :1400
Puntaje :1400
Puntaje :1400
Puntaje :1400
Puntaje :1400
Puntaje :1400
Puntaje :1400
Puntaje :1400
Puntaje :1400
Puntaje :1400
Puntaje :1400
Puntaje :1400
Puntaje :1400
Puntaje :1400
Puntaje :1400
Puntaje :1400
Puntaje :1400
Puntaje :1400
Puntaje :1400
Puntaje :1400
Puntaje :1400
Puntaje :1400
Puntaje :1400
Puntaje :1400
Puntaje :1400
Puntaje :1400
Puntaje :1400
Puntaje :1400
Puntaje :1400
Puntaje :1400
Puntaje :1400
Puntaje :1400
Puntaje :1400
Puntaje :1400
Puntaje :1400
Puntaje :1400
Puntaje :1400
Puntaje :1400
Puntaje :1400
Puntaje :1400
Puntaje :1400
Puntaje :1400
Puntaje :1400
Puntaje :1400
Puntaje :1400
Puntaje :1400
Puntaje :1400
Puntaje :1400
Puntaje :1400
Puntaje :1400
Puntaje :1400
Puntaje :1400
Puntaje :1400
Puntaje :1400
Puntaje :1400
Puntaje :1400
Puntaje :1400
Puntaje :1400
Puntaje :1400
Puntaje :1400
Puntaje :1400
Puntaje :1400
Puntaje :1400
Puntaje :1400
Puntaje :1400
Puntaje :1400
Puntaje :1400
Puntaje :1400
Puntaje :1400
Puntaje :1400
Puntaje :1400
]]></system-out>

      <system-err><![CDATA[]]></system-err>

  </testsuite>
  <testsuite errors="0" failures="0" hostname="Fedee-PC" id="6" name="TranslacionAbajoTest" package="modelo.Translaciontests" tests="2" time="0.146" timestamp="2012-07-05T20:22:33">
      <properties>
[...]
</properties>

      <testcase classname="modelo.Translaciontests.TranslacionAbajoTest" name="TestQueGuardaLaTranslacion" time="0.0" />

      <testcase classname="modelo.Translaciontests.TranslacionAbajoTest" name="TestQueChequeaLaAccion" time="0.087" />

      <system-out><![CDATA[]]></system-out>

      <system-err><![CDATA[]]></system-err>

  </testsuite>
  <testsuite errors="0" failures="0" hostname="Fedee-PC" id="7" name="TranslacionArribaTest" package="modelo.Translaciontests" tests="2" time="0.036" timestamp="2012-07-05T20:22:33">
      <properties>
[...]
</properties>

      <testcase classname="modelo.Translaciontests.TranslacionArribaTest" name="TestQueGuardaLaTranslacion" time="0.0" />

      <testcase classname="modelo.Translaciontests.TranslacionArribaTest" name="TestQueChequeaLaAccion" time="0.004" />

      <system-out><![CDATA[]]></system-out>

      <system-err><![CDATA[]]></system-err>

  </testsuite>
  <testsuite errors="0" failures="0" hostname="Fedee-PC" id="8" name="TranslacionDerechaTest" package="modelo.Translaciontests" tests="2" time="0.037" timestamp="2012-07-05T20:22:33">
      <properties>
[...]
</properties>

      <testcase classname="modelo.Translaciontests.TranslacionDerechaTest" name="TestQueGuardaLaTranslacion" time="0.001" />

      <testcase classname="modelo.Translaciontests.TranslacionDerechaTest" name="TestQueChequeaLaAccion" time="0.005" />

      <system-out><![CDATA[]]></system-out>

      <system-err><![CDATA[]]></system-err>

  </testsuite>
  <testsuite errors="0" failures="0" hostname="Fedee-PC" id="9" name="TranslacionIzquierdaTest" package="modelo.Translaciontests" tests="2" time="0.039" timestamp="2012-07-05T20:22:33">
      <properties>
[...]
</properties>

      <testcase classname="modelo.Translaciontests.TranslacionIzquierdaTest" name="TestQueGuardaLaTranslacion" time="0.0" />

      <testcase classname="modelo.Translaciontests.TranslacionIzquierdaTest" name="TestQueChequeaLaAccion" time="0.004" />

      <system-out><![CDATA[]]></system-out>

      <system-err><![CDATA[]]></system-err>

  </testsuite>
  <testsuite errors="0" failures="0" hostname="Fedee-PC" id="10" name="MolovFactoryTest" package="modelo.armamentoFactoryTest" tests="2" time="0.4" timestamp="2012-07-05T20:22:33">
      <properties>
[...]
</properties>

      <testcase classname="modelo.armamentoFactoryTest.MolovFactoryTest" name="testQueChequeaLaContruccionDeUnaMolotov" time="0.057" />

      <testcase classname="modelo.armamentoFactoryTest.MolovFactoryTest" name="testQueCambiaElTiempo" time="0.002" />

      <system-out><![CDATA[]]></system-out>

      <system-err><![CDATA[]]></system-err>

  </testsuite>
  <testsuite errors="0" failures="0" hostname="Fedee-PC" id="11" name="ProyectilFactoryTest" package="modelo.armamentoFactoryTest" tests="2" time="0.109" timestamp="2012-07-05T20:22:34">
      <properties>
[...]
</properties>

      <testcase classname="modelo.armamentoFactoryTest.ProyectilFactoryTest" name="testQueChequeaLaContruccionDeUnaMolotov" time="0.045" />

      <testcase classname="modelo.armamentoFactoryTest.ProyectilFactoryTest" name="testQueCambiaElTiempo" time="0.002" />

      <system-out><![CDATA[]]></system-out>

      <system-err><![CDATA[]]></system-err>

  </testsuite>
  <testsuite errors="0" failures="0" hostname="Fedee-PC" id="12" name="ToleToleFactoryTest" package="modelo.armamentoFactoryTest" tests="2" time="0.032" timestamp="2012-07-05T20:22:34">
      <properties>
[...]
</properties>

      <testcase classname="modelo.armamentoFactoryTest.ToleToleFactoryTest" name="testQueChequeaLaContruccionDeUnaMolotov" time="0.003" />

      <testcase classname="modelo.armamentoFactoryTest.ToleToleFactoryTest" name="testQueCambiaElTiempo" time="0.001" />

      <system-out><![CDATA[]]></system-out>

      <system-err><![CDATA[]]></system-err>

  </testsuite>
  <testsuite errors="0" failures="0" hostname="Fedee-PC" id="13" name="ArmamentoTest" package="modelo.armamentoTest" tests="4" time="0.352" timestamp="2012-07-05T20:22:34">
      <properties>
[...]
</properties>

      <testcase classname="modelo.armamentoTest.ArmamentoTest" name="testActualizarLaBomba" time="0.015" />

      <testcase classname="modelo.armamentoTest.ArmamentoTest" name="testExploto" time="0.009" />

      <testcase classname="modelo.armamentoTest.ArmamentoTest" name="testExplotar" time="0.009" />

      <testcase classname="modelo.armamentoTest.ArmamentoTest" name="testCambiarEltiempo" time="0.004" />

      <system-out><![CDATA[]]></system-out>

      <system-err><![CDATA[]]></system-err>

  </testsuite>
  <testsuite errors="0" failures="0" hostname="Fedee-PC" id="14" name="ProyectilTest" package="modelo.armamentoTest" tests="1" time="0.166" timestamp="2012-07-05T20:22:34">
      <properties>
[...]
</properties>

      <testcase classname="modelo.armamentoTest.ProyectilTest" name="testQueActualizaLaBombaYLaHaceExplotar" time="0.093" />

      <system-out><![CDATA[]]></system-out>

      <system-err><![CDATA[]]></system-err>

  </testsuite>
  <testsuite errors="0" failures="0" hostname="Fedee-PC" id="15" name="HabanoTest" package="modelo.articulotest" tests="8" time="0.138" timestamp="2012-07-05T20:22:35">
      <properties>
[...]
</properties>

      <testcase classname="modelo.articulotest.HabanoTest" name="testVelocidadEnCeroBombitaYTomaArticulo" time="0.009" />

      <testcase classname="modelo.articulotest.HabanoTest" name="testAumentarVelocidadSuperandoVelocidadMaxima" time="0.001" />

      <testcase classname="modelo.articulotest.HabanoTest" name="testaumentarVelocidadsuperandoVelocidadMaxima" time="0.002" />

      <testcase classname="modelo.articulotest.HabanoTest" name="testCambiarVelocidadBombitaDespuesDeFumarseUnHabano" time="0.001" />

      <testcase classname="modelo.articulotest.HabanoTest" name="testUsar" time="0.001" />

      <testcase classname="modelo.articulotest.HabanoTest" name="testaumentarVelocidad" time="0.001" />

      <testcase classname="modelo.articulotest.HabanoTest" name="testUsarconBombitaNull" time="0.002" />

      <testcase classname="modelo.articulotest.HabanoTest" name="testObtenerCoordenadas" time="0.005" />

      <system-out><![CDATA[]]></system-out>

      <system-err><![CDATA[]]></system-err>

  </testsuite>
  <testsuite errors="0" failures="0" hostname="Fedee-PC" id="16" name="ProyoctilTest" package="modelo.articulotest" tests="1" time="0.038" timestamp="2012-07-05T20:22:35">
      <properties>
[...]
</properties>

      <testcase classname="modelo.articulotest.ProyoctilTest" name="testQueVerificaPonerUnProyectilEnUnMapaYloActualiza" time="0.003" />

      <system-out><![CDATA[]]></system-out>

      <system-err><![CDATA[]]></system-err>

  </testsuite>
  <testsuite errors="0" failures="0" hostname="Fedee-PC" id="17" name="TimerTest" package="modelo.articulotest" tests="5" time="0.198" timestamp="2012-07-05T20:22:35">
      <properties>
[...]
</properties>

      <testcase classname="modelo.articulotest.TimerTest" name="testUsar" time="0.098" />

      <testcase classname="modelo.articulotest.TimerTest" name="testErrorAlUsar" time="0.007" />

      <testcase classname="modelo.articulotest.TimerTest" name="testUsarSinArmamento" time="0.006" />

      <testcase classname="modelo.articulotest.TimerTest" name="testReducirTiempo" time="0.006" />

      <testcase classname="modelo.articulotest.TimerTest" name="testReducirArmamentoConTiempoCero" time="0.004" />

      <system-out><![CDATA[]]></system-out>

      <system-err><![CDATA[]]></system-err>

  </testsuite>
  <testsuite errors="0" failures="0" hostname="Fedee-PC" id="18" name="BloqueAceroTest" package="modelo.bloquetest" tests="5" time="0.063" timestamp="2012-07-05T20:22:35">
      <properties>
[...]
</properties>

      <testcase classname="modelo.bloquetest.BloqueAceroTest" name="testQueChequeaQueElObjetoSeCreeCorrectamente" time="0.001" />

      <testcase classname="modelo.bloquetest.BloqueAceroTest" name="testQuePruebaQuitarVida" time="0.001" />

      <testcase classname="modelo.bloquetest.BloqueAceroTest" name="testDaniar" time="0.0" />

      <testcase classname="modelo.bloquetest.BloqueAceroTest" name="testObtenerPuntaje" time="0.0" />

      <testcase classname="modelo.bloquetest.BloqueAceroTest" name="testQuePruebaQueUnBloqueEsDestruido" time="0.0" />

      <system-out><![CDATA[]]></system-out>

      <system-err><![CDATA[]]></system-err>

  </testsuite>
  <testsuite errors="0" failures="0" hostname="Fedee-PC" id="19" name="BloqueCementoTest" package="modelo.bloquetest" tests="6" time="0.11" timestamp="2012-07-05T20:22:35">
      <properties>
[...]
</properties>

      <testcase classname="modelo.bloquetest.BloqueCementoTest" name="testQueChequeaQueElObjetoSeCreeCorrectamente" time="0.052" />

      <testcase classname="modelo.bloquetest.BloqueCementoTest" name="testDaniarConVidaNula" time="0.001" />

      <testcase classname="modelo.bloquetest.BloqueCementoTest" name="testQuePruebaQuitarVida" time="0.0" />

      <testcase classname="modelo.bloquetest.BloqueCementoTest" name="testDaniar" time="0.0" />

      <testcase classname="modelo.bloquetest.BloqueCementoTest" name="testQuePruebaQueUnBloqueEsDestruido" time="0.001" />

      <testcase classname="modelo.bloquetest.BloqueCementoTest" name="testNoObtenerPuntajeAlNoMatarlo" time="0.002" />

      <system-out><![CDATA[]]></system-out>

      <system-err><![CDATA[]]></system-err>

  </testsuite>
  <testsuite errors="0" failures="0" hostname="Fedee-PC" id="20" name="BloqueLadrilloTest" package="modelo.bloquetest" tests="4" time="0.04" timestamp="2012-07-05T20:22:35">
      <properties>
[...]
</properties>

      <testcase classname="modelo.bloquetest.BloqueLadrilloTest" name="testQueChequeaQueElObjetoSeCreeCorrectamente" time="0.003" />

      <testcase classname="modelo.bloquetest.BloqueLadrilloTest" name="testQuePruebaQuitarVida" time="0.0" />

      <testcase classname="modelo.bloquetest.BloqueLadrilloTest" name="testDaniar" time="0.001" />

      <testcase classname="modelo.bloquetest.BloqueLadrilloTest" name="testQuePruebaQueUnBloqueEsDestruido" time="0.0" />

      <system-out><![CDATA[]]></system-out>

      <system-err><![CDATA[]]></system-err>

  </testsuite>
  <testsuite errors="0" failures="0" hostname="Fedee-PC" id="21" name="BombitaTest" package="modelo.bombitatest" tests="21" time="0.387" timestamp="2012-07-05T20:22:36">
      <properties>
[...]
</properties>

      <testcase classname="modelo.bombitatest.BombitaTest" name="testCambiarArmamentoInicialPorToleTole" time="0.004" />

      <testcase classname="modelo.bombitatest.BombitaTest" name="testObtenerTimerYCambiarTiempoRetraso" time="0.002" />

      <testcase classname="modelo.bombitatest.BombitaTest" name="testInicializarVelocidad" time="0.002" />

      <testcase classname="modelo.bombitatest.BombitaTest" name="testInicializarCoordenadaX" time="0.004" />

      <testcase classname="modelo.bombitatest.BombitaTest" name="testInicializarCoordenadaY" time="0.001" />

      <testcase classname="modelo.bombitatest.BombitaTest" name="testDaniarEstandoMuerto" time="0.003" />

      <testcase classname="modelo.bombitatest.BombitaTest" name="testMoverseHaciaArriba" time="0.002" />

      <testcase classname="modelo.bombitatest.BombitaTest" name="testMoverseHaciaAbajo" time="0.002" />

      <testcase classname="modelo.bombitatest.BombitaTest" name="testMoverseHaciaDerecha" time="0.002" />

      <testcase classname="modelo.bombitatest.BombitaTest" name="testMoverseHaciaIzquierda" time="0.002" />

      <testcase classname="modelo.bombitatest.BombitaTest" name="testInicializarActitudAtaque" time="0.013" />

      <testcase classname="modelo.bombitatest.BombitaTest" name="testCambiarActitudAtaque" time="0.002" />

      <testcase classname="modelo.bombitatest.BombitaTest" name="testDaniar" time="0.001" />

      <testcase classname="modelo.bombitatest.BombitaTest" name="testSinVida" time="0.002" />

      <testcase classname="modelo.bombitatest.BombitaTest" name="testchocar" time="0.001" />

      <testcase classname="modelo.bombitatest.BombitaTest" name="testInicializarBomba" time="0.003" />

      <testcase classname="modelo.bombitatest.BombitaTest" name="testInicializarVida" time="0.001" />

      <testcase classname="modelo.bombitatest.BombitaTest" name="testRestarVida" time="0.001" />

      <testcase classname="modelo.bombitatest.BombitaTest" name="testObtenerHabanoYAumentarVelocidad" time="0.003" />

      <testcase classname="modelo.bombitatest.BombitaTest" name="testObtenerToleToleYCambiarBomba" time="0.002" />

      <testcase classname="modelo.bombitatest.BombitaTest" name="testCambiarActitudAlAtacarYVolverAFalso" time="0.002" />

      <system-out><![CDATA[]]></system-out>

      <system-err><![CDATA[]]></system-err>

  </testsuite>
  <testsuite errors="0" failures="0" hostname="Fedee-PC" id="22" name="CasilleroTest" package="modelo.casillerotest" tests="33" time="0.49" timestamp="2012-07-05T20:22:36">
      <properties>
[...]
</properties>

      <testcase classname="modelo.casillerotest.CasilleroTest" name="testVerificarCasilleroNoVacioAlAgregarleUnaSalida" time="0.0" />

      <testcase classname="modelo.casillerotest.CasilleroTest" name="testDondeSeAgregaCasillero" time="0.077" />

      <testcase classname="modelo.casillerotest.CasilleroTest" name="testDondeSeEliminaCasillero" time="0.001" />

      <testcase classname="modelo.casillerotest.CasilleroTest" name="testDondeSeAgregaUnArmamento" time="0.032" />

      <testcase classname="modelo.casillerotest.CasilleroTest" name="testDondeSeAgreganPersonajes" time="0.002" />

      <testcase classname="modelo.casillerotest.CasilleroTest" name="testDondeSeAgregaArticulable" time="0.031" />

      <testcase classname="modelo.casillerotest.CasilleroTest" name="testDondeSeActualizaTodo" time="0.006" />

      <testcase classname="modelo.casillerotest.CasilleroTest" name="testQueCompruevaSiEsAtacable" time="0.001" />

      <testcase classname="modelo.casillerotest.CasilleroTest" name="testSalidaOffporObstaculo" time="0.001" />

      <testcase classname="modelo.casillerotest.CasilleroTest" name="testcasilleroSinPersonajes" time="0.0" />

      <testcase classname="modelo.casillerotest.CasilleroTest" name="testestaBombitaSinPersonajes" time="0.0" />

      <testcase classname="modelo.casillerotest.CasilleroTest" name="testEliminarArticuloIgual" time="0.002" />

      <testcase classname="modelo.casillerotest.CasilleroTest" name="testEliminarArmamentoIgual" time="0.002" />

      <testcase classname="modelo.casillerotest.CasilleroTest" name="testEliminarObstaculoIgual" time="0.002" />

      <testcase classname="modelo.casillerotest.CasilleroTest" name="testVerificarSalidaOn" time="0.0" />

      <testcase classname="modelo.casillerotest.CasilleroTest" name="testUsarArticuloNoNull" time="0.002" />

      <testcase classname="modelo.casillerotest.CasilleroTest" name="testSalidaOn" time="0.001" />

      <testcase classname="modelo.casillerotest.CasilleroTest" name="testSalidaOff" time="0.001" />

      <testcase classname="modelo.casillerotest.CasilleroTest" name="testestaBombita" time="0.001" />

      <testcase classname="modelo.casillerotest.CasilleroTest" name="testEstaSoloBombita" time="0.001" />

      <testcase classname="modelo.casillerotest.CasilleroTest" name="testObtenerFuego" time="0.0" />

      <testcase classname="modelo.casillerotest.CasilleroTest" name="testObtenerSalida" time="0.001" />

      <testcase classname="modelo.casillerotest.CasilleroTest" name="testDondeSeEliminaUnArmamento" time="0.001" />

      <testcase classname="modelo.casillerotest.CasilleroTest" name="testDondeSeEliminanPersonajes" time="0.001" />

      <testcase classname="modelo.casillerotest.CasilleroTest" name="testDondeSeEliminaArticulable" time="0.0" />

      <testcase classname="modelo.casillerotest.CasilleroTest" name="testQueCompruevaSiEsCaminable" time="0.001" />

      <testcase classname="modelo.casillerotest.CasilleroTest" name="testestaBombitaConPesonajeCualquiera" time="0.001" />

      <testcase classname="modelo.casillerotest.CasilleroTest" name="testestaBombitaConVariosPersonajes" time="0.002" />

      <testcase classname="modelo.casillerotest.CasilleroTest" name="testVerificarSalidaOnNoPosible" time="0.0" />

      <testcase classname="modelo.casillerotest.CasilleroTest" name="testCasilleroSinPersonjesConPersonaje" time="0.001" />

      <testcase classname="modelo.casillerotest.CasilleroTest" name="testEstaSoloBombitaConPersonajeCualquiera" time="0.001" />

      <testcase classname="modelo.casillerotest.CasilleroTest" name="testEstaSoloBombitaConVariosPersonajes" time="0.001" />

      <testcase classname="modelo.casillerotest.CasilleroTest" name="testActualizarFuegoEstaMuertoEntoncesNull" time="0.001" />

      <system-out><![CDATA[]]></system-out>

      <system-err><![CDATA[]]></system-err>

  </testsuite>
  <testsuite errors="0" failures="0" hostname="Fedee-PC" id="23" name="CoordenadasTest" package="modelo.coordenadastest" tests="6" time="0.04" timestamp="2012-07-05T20:22:37">
      <properties>
[...]
</properties>

      <testcase classname="modelo.coordenadastest.CoordenadasTest" name="testQuePruebaElGuardado" time="0.001" />

      <testcase classname="modelo.coordenadastest.CoordenadasTest" name="testQueVerificaSeteo" time="0.001" />

      <testcase classname="modelo.coordenadastest.CoordenadasTest" name="testQuePruebaErrorAlSetearMal" time="0.0" />

      <testcase classname="modelo.coordenadastest.CoordenadasTest" name="testQuePruebaErrorAlModificarX" time="0.0" />

      <testcase classname="modelo.coordenadastest.CoordenadasTest" name="testQuePruebaErrorAlModificarY" time="0.001" />

      <testcase classname="modelo.coordenadastest.CoordenadasTest" name="testQuePruebaCoordenadasIguales" time="0.0" />

      <system-out><![CDATA[]]></system-out>

      <system-err><![CDATA[]]></system-err>

  </testsuite>
  <testsuite errors="0" failures="0" hostname="Fedee-PC" id="24" name="TranslacionTest" package="modelo.coordenadastest" tests="1" time="0.018" timestamp="2012-07-05T20:22:37">
      <properties>
[...]
</properties>

      <testcase classname="modelo.coordenadastest.TranslacionTest" name="TestQueChequeaLaAccion" time="0.004" />

      <system-out><![CDATA[]]></system-out>

      <system-err><![CDATA[]]></system-err>

  </testsuite>
  <testsuite errors="0" failures="0" hostname="Fedee-PC" id="25" name="AladoTest" package="modelo.enemigostest" tests="14" time="0.604" timestamp="2012-07-05T20:22:37">
      <properties>
[...]
</properties>

      <testcase classname="modelo.enemigostest.AladoTest" name="testInicializarVelocidad" time="0.003" />

      <testcase classname="modelo.enemigostest.AladoTest" name="testInicializarCoordenadaX" time="0.002" />

      <testcase classname="modelo.enemigostest.AladoTest" name="testInicializarCoordenadaY" time="0.002" />

      <testcase classname="modelo.enemigostest.AladoTest" name="testTomarArticuloYNoPasaNada" time="0.001" />

      <testcase classname="modelo.enemigostest.AladoTest" name="testDaniar" time="0.002" />

      <testcase classname="modelo.enemigostest.AladoTest" name="testSinVida" time="0.002" />

      <testcase classname="modelo.enemigostest.AladoTest" name="testChocar" time="0.002" />

      <testcase classname="modelo.enemigostest.AladoTest" name="testObtenerPuntaje" time="0.002" />

      <testcase classname="modelo.enemigostest.AladoTest" name="testInicializarBomba" time="0.004" />

      <testcase classname="modelo.enemigostest.AladoTest" name="testInicializarVida" time="0.004" />

      <testcase classname="modelo.enemigostest.AladoTest" name="testRestarVida" time="0.003" />

      <testcase classname="modelo.enemigostest.AladoTest" name="testDaniarAlado" time="0.002" />

      <testcase classname="modelo.enemigostest.AladoTest" name="testEnemigoAtacar" time="0.38" />

      <testcase classname="modelo.enemigostest.AladoTest" name="testCaminarRandom" time="0.011" />

      <system-out><![CDATA[]]></system-out>

      <system-err><![CDATA[]]></system-err>

  </testsuite>
  <testsuite errors="0" failures="0" hostname="Fedee-PC" id="26" name="CecilioTest" package="modelo.enemigostest" tests="11" time="0.241" timestamp="2012-07-05T20:22:37">
      <properties>
[...]
</properties>

      <testcase classname="modelo.enemigostest.CecilioTest" name="testInicializarVelocidad" time="0.003" />

      <testcase classname="modelo.enemigostest.CecilioTest" name="testInicializarCoordenadaX" time="0.002" />

      <testcase classname="modelo.enemigostest.CecilioTest" name="testInicializarCoordenadaY" time="0.002" />

      <testcase classname="modelo.enemigostest.CecilioTest" name="testDaniar" time="0.002" />

      <testcase classname="modelo.enemigostest.CecilioTest" name="testSinVida" time="0.003" />

      <testcase classname="modelo.enemigostest.CecilioTest" name="testchocar" time="0.002" />

      <testcase classname="modelo.enemigostest.CecilioTest" name="testInicializarBomba" time="0.002" />

      <testcase classname="modelo.enemigostest.CecilioTest" name="testInicializarVida" time="0.003" />

      <testcase classname="modelo.enemigostest.CecilioTest" name="testRestarVida" time="0.001" />

      <testcase classname="modelo.enemigostest.CecilioTest" name="testEnemigoAtacar" time="0.13" />

      <testcase classname="modelo.enemigostest.CecilioTest" name="testCaminarRandom" time="0.008" />

      <system-out><![CDATA[]]></system-out>

      <system-err><![CDATA[]]></system-err>

  </testsuite>
  <testsuite errors="0" failures="0" hostname="Fedee-PC" id="27" name="ComunTest" package="modelo.enemigostest" tests="11" time="0.478" timestamp="2012-07-05T20:22:38">
      <properties>
[...]
</properties>

      <testcase classname="modelo.enemigostest.ComunTest" name="testInicializarVelocidad" time="0.002" />

      <testcase classname="modelo.enemigostest.ComunTest" name="testInicializarCoordenadaX" time="0.003" />

      <testcase classname="modelo.enemigostest.ComunTest" name="testInicializarCoordenadaY" time="0.05" />

      <testcase classname="modelo.enemigostest.ComunTest" name="testDaniar" time="0.001" />

      <testcase classname="modelo.enemigostest.ComunTest" name="testSinVida" time="0.002" />

      <testcase classname="modelo.enemigostest.ComunTest" name="testchocar" time="0.002" />

      <testcase classname="modelo.enemigostest.ComunTest" name="testInicializarBomba" time="0.002" />

      <testcase classname="modelo.enemigostest.ComunTest" name="testInicializarVida" time="0.002" />

      <testcase classname="modelo.enemigostest.ComunTest" name="testRestarVida" time="0.003" />

      <testcase classname="modelo.enemigostest.ComunTest" name="testEnemigoAtacar" time="0.182" />

      <testcase classname="modelo.enemigostest.ComunTest" name="testCaminarRandom" time="0.047" />

      <system-out><![CDATA[]]></system-out>

      <system-err><![CDATA[]]></system-err>

  </testsuite>
  <testsuite errors="0" failures="0" hostname="Fedee-PC" id="28" name="FuegoDeExplocionTest" package="modelo.fuegoDeExplocionTest" tests="2" time="0.024" timestamp="2012-07-05T20:22:38">
      <properties>
[...]
</properties>

      <testcase classname="modelo.fuegoDeExplocionTest.FuegoDeExplocionTest" name="obtenerCoordenadaDelFuego" time="0.0" />

      <testcase classname="modelo.fuegoDeExplocionTest.FuegoDeExplocionTest" name="FuegoDeExplocionVivir" time="0.002" />

      <system-out><![CDATA[]]></system-out>

      <system-err><![CDATA[]]></system-err>

  </testsuite>
  <testsuite errors="0" failures="0" hostname="Fedee-PC" id="29" name="MapaTest" package="modelo.mapatest" tests="16" time="0.415" timestamp="2012-07-05T20:22:38">
      <properties>
[...]
</properties>

      <testcase classname="modelo.mapatest.MapaTest" name="testTerminoNivelConBombitaenSalidayPersonajes" time="0.007" />

      <testcase classname="modelo.mapatest.MapaTest" name="testTamanio" time="0.0" />

      <testcase classname="modelo.mapatest.MapaTest" name="testConcstructorPorDefecto" time="0.001" />

      <testcase classname="modelo.mapatest.MapaTest" name="testErrorCasilleroInvalido" time="0.045" />

      <testcase classname="modelo.mapatest.MapaTest" name="testObtenerPersonajeDelMapa" time="0.004" />

      <testcase classname="modelo.mapatest.MapaTest" name="testObtenerObstaculoDelMapa" time="0.03" />

      <testcase classname="modelo.mapatest.MapaTest" name="testObtenerArmamentoDelMapa" time="0.003" />

      <testcase classname="modelo.mapatest.MapaTest" name="testObtenerArticuloDelMapa" time="0.082" />

      <testcase classname="modelo.mapatest.MapaTest" name="testTerminoNivel" time="0.006" />

      <testcase classname="modelo.mapatest.MapaTest" name="testGuardaElNivel" time="0.008" />

      <testcase classname="modelo.mapatest.MapaTest" name="testObtenerCasillero" time="0.003" />

      <testcase classname="modelo.mapatest.MapaTest" name="testConstructor" time="0.001" />

      <testcase classname="modelo.mapatest.MapaTest" name="testObtenerCasilleroTamanioFueraDeRango" time="0.001" />

      <testcase classname="modelo.mapatest.MapaTest" name="testConstructorTamanioInvalido" time="0.001" />

      <testcase classname="modelo.mapatest.MapaTest" name="testTerminoNivelconPersonajeEnSalida" time="0.004" />

      <testcase classname="modelo.mapatest.MapaTest" name="testTerminoNivelsinBombitaenSalida" time="0.007" />

      <system-out><![CDATA[]]></system-out>

      <system-err><![CDATA[]]></system-err>

  </testsuite>
  <testsuite errors="0" failures="0" hostname="Fedee-PC" id="30" name="TableroTest" package="modelo.mapatest" tests="9" time="0.152" timestamp="2012-07-05T20:22:39">
      <properties>
[...]
</properties>

      <testcase classname="modelo.mapatest.TableroTest" name="testObtenerPersonajes" time="0.07" />

      <testcase classname="modelo.mapatest.TableroTest" name="testObtenerArticulo" time="0.002" />

      <testcase classname="modelo.mapatest.TableroTest" name="testObtenerObstaculo" time="0.002" />

      <testcase classname="modelo.mapatest.TableroTest" name="testObtenerArmamento" time="0.003" />

      <testcase classname="modelo.mapatest.TableroTest" name="testObtenerTamanio" time="0.002" />

      <testcase classname="modelo.mapatest.TableroTest" name="testObtenercasillero" time="0.002" />

      <testcase classname="modelo.mapatest.TableroTest" name="testObtenercasilleroTamaniofueradeRango" time="0.003" />

      <testcase classname="modelo.mapatest.TableroTest" name="testCambiarcasilleroTamaniofueradeRango" time="0.002" />

      <testcase classname="modelo.mapatest.TableroTest" name="testConstructorconTamanioInvalido" time="0.002" />

      <system-out><![CDATA[]]></system-out>

      <system-err><![CDATA[]]></system-err>

  </testsuite>
  <testsuite errors="0" failures="0" hostname="Fedee-PC" id="31" name="MovimientoPersonajeTest" package="modelo.movimientotest" tests="7" time="0.076" timestamp="2012-07-05T20:22:39">
      <properties>
[...]
</properties>

      <testcase classname="modelo.movimientotest.MovimientoPersonajeTest" name="testListaDeMovimientosInicializadoCorrectamente" time="0.006" />

      <testcase classname="modelo.movimientotest.MovimientoPersonajeTest" name="testObtenerNumeroRandom" time="0.001" />

      <testcase classname="modelo.movimientotest.MovimientoPersonajeTest" name="testMoverDerecha" time="0.003" />

      <testcase classname="modelo.movimientotest.MovimientoPersonajeTest" name="testMoverIzquierda" time="0.002" />

      <testcase classname="modelo.movimientotest.MovimientoPersonajeTest" name="testMoverArriba" time="0.001" />

      <testcase classname="modelo.movimientotest.MovimientoPersonajeTest" name="testMoverAbajo" time="0.001" />

      <testcase classname="modelo.movimientotest.MovimientoPersonajeTest" name="testMoverDerechaYNoCambiaOtroSentido" time="0.001" />

      <system-out><![CDATA[]]></system-out>

      <system-err><![CDATA[]]></system-err>

  </testsuite>
  <testsuite errors="0" failures="0" hostname="Fedee-PC" id="32" name="ondaEspansivaTest" package="modelo.ondaexpantest" tests="3" time="0.05" timestamp="2012-07-05T20:22:39">
      <properties>
[...]
</properties>

      <testcase classname="modelo.ondaexpantest.ondaEspansivaTest" name="testQueVerificaLaExplocionDeLaBombasinMocksEnElMedio" time="0.002" />

      <testcase classname="modelo.ondaexpantest.ondaEspansivaTest" name="testQueVerificaLaExplocionDeLaBombasinMocksEnUnLateral" time="0.004" />

      <testcase classname="modelo.ondaexpantest.ondaEspansivaTest" name="testQueVerificaLaExplocionDeLaBombaConMocks" time="0.009" />

      <system-out><![CDATA[]]></system-out>

      <system-err><![CDATA[]]></system-err>

  </testsuite>
  <testsuite errors="0" failures="0" hostname="Fedee-PC" id="33" name="PuntajeTest" package="modelo.puntajetest" tests="7" time="0.45" timestamp="2012-07-05T20:22:39">
      <properties>
[...]
</properties>

      <testcase classname="modelo.puntajetest.PuntajeTest" name="testObtenerPuntajeToleTole" time="0.006" />

      <testcase classname="modelo.puntajetest.PuntajeTest" name="testAumentarPuntaje" time="0.003" />

      <testcase classname="modelo.puntajetest.PuntajeTest" name="testAumentarPuntajeLuegoDeMatarEnemigo" time="0.004" />

      <testcase classname="modelo.puntajetest.PuntajeTest" name="testAumentarPuntajeLuegoDeDestruirObstaculo" time="0.004" />

      <testcase classname="modelo.puntajetest.PuntajeTest" name="testAumentarPuntajeLuegoDeObtenerArticulo" time="0.004" />

      <testcase classname="modelo.puntajetest.PuntajeTest" name="testAumentarPuntajeEnDosCasillerosDiferentes" time="0.026" />

      <testcase classname="modelo.puntajetest.PuntajeTest" name="testVerificarPuntajeInicialCorrecto" time="0.023" />

      <system-out><![CDATA[]]></system-out>

      <system-err><![CDATA[]]></system-err>

  </testsuite>
  <testsuite errors="0" failures="0" hostname="Fedee-PC" id="34" name="VistaCasilleroTest" package="vista.CasilleroTest" tests="12" time="5.011" timestamp="2012-07-05T20:22:40">
      <properties>
[...]
</properties>

      <testcase classname="vista.CasilleroTest.VistaCasilleroTest" name="testVistaMapaDibujarConTimer" time="0.945" />

      <testcase classname="vista.CasilleroTest.VistaCasilleroTest" name="testVistaMapaDibujarConFuego" time="0.389" />

      <testcase classname="vista.CasilleroTest.VistaCasilleroTest" name="testVistaMapaDibujarConAlado" time="0.489" />

      <testcase classname="vista.CasilleroTest.VistaCasilleroTest" name="testVistaMapaDibujarConComun" time="0.128" />

      <testcase classname="vista.CasilleroTest.VistaCasilleroTest" name="testVistaMapaDibujarConBloqueLadrillo" time="0.271" />

      <testcase classname="vista.CasilleroTest.VistaCasilleroTest" name="testVistaMapaDibujarConHabano" time="0.156" />

      <testcase classname="vista.CasilleroTest.VistaCasilleroTest" name="testVistaMapaDibujarConToleTole" time="0.333" />

      <testcase classname="vista.CasilleroTest.VistaCasilleroTest" name="testVistaMapaDibujarConProyectil" time="0.304" />

      <testcase classname="vista.CasilleroTest.VistaCasilleroTest" name="testVistaMapaDibujarConMolotov" time="0.267" />

      <testcase classname="vista.CasilleroTest.VistaCasilleroTest" name="testVistaMapaDibujarConBloqueCemento" time="0.289" />

      <testcase classname="vista.CasilleroTest.VistaCasilleroTest" name="testVistaMapaDibujarConBombita" time="0.221" />

      <testcase classname="vista.CasilleroTest.VistaCasilleroTest" name="testVistaMapaDibujarConSalida" time="0.177" />

      <system-out><![CDATA[]]></system-out>

      <system-err><![CDATA[]]></system-err>

  </testsuite>
  <testsuite errors="0" failures="0" hostname="Fedee-PC" id="35" name="VistaMapaTest" package="vista.MapaTest" tests="1" time="0.095" timestamp="2012-07-05T20:22:45">
      <properties>
[...]
</properties>

      <testcase classname="vista.MapaTest.VistaMapaTest" name="testVistaMapaDibujar" time="0.075" />

      <system-out><![CDATA[]]></system-out>

      <system-err><![CDATA[]]></system-err>

  </testsuite>
  <testsuite errors="0" failures="0" hostname="Fedee-PC" id="36" name="VentanaPrincipalTest" package="vista.VentanaPrincipalTest" tests="1" time="0.356" timestamp="2012-07-05T20:22:45">
      <properties>
[...]
</properties>

      <testcase classname="vista.VentanaPrincipalTest.VentanaPrincipalTest" name="pruevaDeVentanaPrincipal" time="0.342" />

      <system-out><![CDATA[]]></system-out>

      <system-err><![CDATA[]]></system-err>

  </testsuite>
  <testsuite errors="0" failures="0" hostname="Fedee-PC" id="37" name="CirculoTest" package="vista.fiuba.algo3.titiritero.dibujables" tests="1" time="0.068" timestamp="2012-07-05T20:22:46">
      <properties>
[...]
</properties>

      <testcase classname="vista.fiuba.algo3.titiritero.dibujables.CirculoTest" name="testDibujar" time="0.052" />

      <system-out><![CDATA[]]></system-out>

      <system-err><![CDATA[]]></system-err>

  </testsuite>
  <testsuite errors="0" failures="0" hostname="Fedee-PC" id="38" name="CuadradoTest" package="vista.fiuba.algo3.titiritero.dibujables" tests="1" time="0.033" timestamp="2012-07-05T20:22:46">
      <properties>
[...]
</properties>

      <testcase classname="vista.fiuba.algo3.titiritero.dibujables.CuadradoTest" name="testDibujar" time="0.017" />

      <system-out><![CDATA[]]></system-out>

      <system-err><![CDATA[]]></system-err>

  </testsuite>
  <testsuite errors="0" failures="0" hostname="Fedee-PC" id="39" name="ImagenTest" package="vista.fiuba.algo3.titiritero.dibujables" tests="1" time="0.088" timestamp="2012-07-05T20:22:46">
      <properties>
[...]
</properties>

      <testcase classname="vista.fiuba.algo3.titiritero.dibujables.ImagenTest" name="testDibujar" time="0.072" />

      <system-out><![CDATA[file:/C:/Users/Fedee/Desktop/proyectobomberman/BombitaTp2/build/tests/res/imagen.png
]]></system-out>

      <system-err><![CDATA[]]></system-err>

  </testsuite>
  <testsuite errors="0" failures="0" hostname="Fedee-PC" id="40" name="SuperficiePanelTest" package="vista.fiuba.algo3.titiritero.dibujables" tests="1" time="0.142" timestamp="2012-07-05T20:22:46">
      <properties>
[...]
</properties>

      <testcase classname="vista.fiuba.algo3.titiritero.dibujables.SuperficiePanelTest" name="paintDeberiaInvocarDrawImageYLimpiar" time="0.126" />

      <system-out><![CDATA[repintando
]]></system-out>

      <system-err><![CDATA[Exception in thread "Thread-2885" java.lang.NullPointerException
	at vista.fiuba.algo3.titiritero.dibujables.SuperficiePanel.getBuffer(SuperficiePanel.java:50)
	at vista.fiuba.algo3.titiritero.dibujables.Imagen.dibujar(Imagen.java:26)
	at vista.objeto.VistaObjeto.dibujar(VistaObjeto.java:22)
	at vista.Casillero.VistaCasillero$Dibujador.run(VistaCasillero.java:100)
	at java.lang.Thread.run(Thread.java:722)
	at vista.Casillero.VistaCasillero.dibujar(VistaCasillero.java:88)
	at vista.Casillero.VistaCasillero.dibujarPersonajes(VistaCasillero.java:73)
	at vista.Casillero.VistaCasillero.dibujar(VistaCasillero.java:30)
	at vista.Mapa.VistaMapa$actualizadorDeVistaCasillero.run(VistaMapa.java:46)
	at java.lang.Thread.run(Thread.java:722)
	at vista.Mapa.VistaMapa.dibujar(VistaMapa.java:26)
	at vista.fiuba.algo3.titiritero.modelo.GameLoop.run(GameLoop.java:64)
	at java.lang.Thread.run(Thread.java:722)
]]></system-err>

  </testsuite>
  <testsuite errors="0" failures="0" hostname="Fedee-PC" id="41" name="GameLoopTest" package="vista.fiuba.algo3.titiritero.modelo" tests="4" time="0.854" timestamp="2012-07-05T20:22:46">
      <properties>
[...]
</properties>

      <testcase classname="vista.fiuba.algo3.titiritero.modelo.GameLoopTest" name="agregarNoDeberiaAgregarDuplicador" time="0.039" />

      <testcase classname="vista.fiuba.algo3.titiritero.modelo.GameLoopTest" name="iniciarEjecucionDeberiaInvocarVivir" time="0.209" />

      <testcase classname="vista.fiuba.algo3.titiritero.modelo.GameLoopTest" name="iniciarEjecucionDeberiaInvocarDibujar" time="0.235" />

      <testcase classname="vista.fiuba.algo3.titiritero.modelo.GameLoopTest" name="iniciarEjecucionDeberiaInvocarLimpiar" time="0.286" />

      <system-out><![CDATA[]]></system-out>

      <system-err><![CDATA[java.lang.InterruptedException: sleep interrupted
	at java.lang.Thread.sleep(Native Method)
	at vista.fiuba.algo3.titiritero.modelo.GameLoop.run(GameLoop.java:68)
	at java.lang.Thread.run(Thread.java:722)
java.lang.InterruptedException: sleep interrupted
	at java.lang.Thread.sleep(Native Method)
	at vista.fiuba.algo3.titiritero.modelo.GameLoop.run(GameLoop.java:68)
	at java.lang.Thread.run(Thread.java:722)
]]></system-err>

  </testsuite>
  <testsuite errors="0" failures="0" hostname="Fedee-PC" id="42" name="VistaObjetoTest" package="vista.vistaObjetoTest" tests="14" time="1.078" timestamp="2012-07-05T20:22:47">
      <properties>
[...]
</properties>

      <testcase classname="vista.vistaObjetoTest.VistaObjetoTest" name="testQuePruevaLaVistaDeLopezComun" time="0.05" />

      <testcase classname="vista.vistaObjetoTest.VistaObjetoTest" name="testQuePruevaLaVistaDeLopezAlado" time="0.026" />

      <testcase classname="vista.vistaObjetoTest.VistaObjetoTest" name="testQuePruevaLaVistaDelToleTole" time="0.102" />

      <testcase classname="vista.vistaObjetoTest.VistaObjetoTest" name="testQuePruevaLaVistaDelProyectil" time="0.121" />

      <testcase classname="vista.vistaObjetoTest.VistaObjetoTest" name="testQuePruevaLaVistaDeCecilio" time="0.026" />

      <testcase classname="vista.vistaObjetoTest.VistaObjetoTest" name="testQuePruevaLaVistaDeBombita" time="0.064" />

      <testcase classname="vista.vistaObjetoTest.VistaObjetoTest" name="testQuePruevaLaVistaDelMolotov" time="0.028" />

      <testcase classname="vista.vistaObjetoTest.VistaObjetoTest" name="testQuePruevaLaVistaDelBloqueCemento" time="0.029" />

      <testcase classname="vista.vistaObjetoTest.VistaObjetoTest" name="testQuePruevaLaVistaDelBloqueAcero" time="0.144" />

      <testcase classname="vista.vistaObjetoTest.VistaObjetoTest" name="testQuePruevaLaVistaDeLaSalida" time="0.102" />

      <testcase classname="vista.vistaObjetoTest.VistaObjetoTest" name="testQuePruevaLaVistaDelBloqueLadrillo" time="0.026" />

      <testcase classname="vista.vistaObjetoTest.VistaObjetoTest" name="testQuePruevaLaVistaDelFuegoDeExplocion" time="0.037" />

      <testcase classname="vista.vistaObjetoTest.VistaObjetoTest" name="testQuePruevaLaVistaDelTimer" time="0.037" />

      <testcase classname="vista.vistaObjetoTest.VistaObjetoTest" name="testQuePruevaLaVistaDeHabano" time="0.061" />

      <system-out><![CDATA[]]></system-out>

      <system-err><![CDATA[]]></system-err>

  </testsuite>
</testsuites>
