<?xml version="1.0"?>
<!DOCTYPE coverage SYSTEM "http://cobertura.sourceforge.net/xml/coverage-04.dtd">

<coverage line-rate="0.9801587301587301" branch-rate="0.9230769230769231" lines-covered="494" lines-valid="504" branches-covered="96" branches-valid="104" complexity="1.411764705882353" version="1.9.4.1" timestamp="1340288207820">
	<sources>
		<source>C:/Users/Franco/proyectobomberman/BombitaTp2/src</source>
	</sources>
	<packages>
		<package name="modelo.ArmamentoFactory" line-rate="1.0" branch-rate="1.0" complexity="1.0">
			<classes>
				<class name="modelo.ArmamentoFactory.ArmamentoFactory" filename="modelo/ArmamentoFactory/ArmamentoFactory.java" line-rate="1.0" branch-rate="1.0" complexity="1.0">
					<methods>
						<method name="&lt;init&gt;" signature="()V" line-rate="1.0" branch-rate="1.0">
							<lines>
								<line number="6" hits="130" branch="false"/>
							</lines>
						</method>
					</methods>
					<lines>
						<line number="6" hits="130" branch="false"/>
					</lines>
				</class>
				<class name="modelo.ArmamentoFactory.MolotovFactory" filename="modelo/ArmamentoFactory/MolotovFactory.java" line-rate="1.0" branch-rate="1.0" complexity="1.0">
					<methods>
						<method name="&lt;init&gt;" signature="()V" line-rate="1.0" branch-rate="1.0">
							<lines>
								<line number="7" hits="97" branch="false"/>
								<line number="9" hits="97" branch="false"/>
							</lines>
						</method>
						<method name="cambiarTime" signature="(I)V" line-rate="1.0" branch-rate="1.0">
							<lines>
								<line number="17" hits="2" branch="false"/>
								<line number="18" hits="2" branch="false"/>
							</lines>
						</method>
						<method name="crear" signature="(Lmodelo/personaje/Personaje;)Lmodelo/armamento/Armamento;" line-rate="1.0" branch-rate="1.0">
							<lines>
								<line number="12" hits="9" branch="false"/>
								<line number="13" hits="9" branch="false"/>
							</lines>
						</method>
						<method name="obtenerTime" signature="()I" line-rate="1.0" branch-rate="1.0">
							<lines>
								<line number="20" hits="3" branch="false"/>
							</lines>
						</method>
					</methods>
					<lines>
						<line number="7" hits="97" branch="false"/>
						<line number="9" hits="97" branch="false"/>
						<line number="12" hits="9" branch="false"/>
						<line number="13" hits="9" branch="false"/>
						<line number="17" hits="2" branch="false"/>
						<line number="18" hits="2" branch="false"/>
						<line number="20" hits="3" branch="false"/>
					</lines>
				</class>
				<class name="modelo.ArmamentoFactory.ProyectilFactory" filename="modelo/ArmamentoFactory/ProyectilFactory.java" line-rate="1.0" branch-rate="1.0" complexity="1.0">
					<methods>
						<method name="&lt;init&gt;" signature="()V" line-rate="1.0" branch-rate="1.0">
							<lines>
								<line number="8" hits="17" branch="false"/>
								<line number="9" hits="17" branch="false"/>
							</lines>
						</method>
						<method name="cambiarTime" signature="(I)V" line-rate="1.0" branch-rate="1.0">
							<lines>
								<line number="20" hits="1" branch="false"/>
								<line number="21" hits="1" branch="false"/>
							</lines>
						</method>
						<method name="crear" signature="(Lmodelo/personaje/Personaje;)Lmodelo/armamento/Armamento;" line-rate="1.0" branch-rate="1.0">
							<lines>
								<line number="13" hits="9" branch="false"/>
								<line number="14" hits="9" branch="false"/>
							</lines>
						</method>
						<method name="obtenerTime" signature="()I" line-rate="1.0" branch-rate="1.0">
							<lines>
								<line number="25" hits="1" branch="false"/>
							</lines>
						</method>
					</methods>
					<lines>
						<line number="8" hits="17" branch="false"/>
						<line number="9" hits="17" branch="false"/>
						<line number="13" hits="9" branch="false"/>
						<line number="14" hits="9" branch="false"/>
						<line number="20" hits="1" branch="false"/>
						<line number="21" hits="1" branch="false"/>
						<line number="25" hits="1" branch="false"/>
					</lines>
				</class>
				<class name="modelo.ArmamentoFactory.ToleToleFactory" filename="modelo/ArmamentoFactory/ToleToleFactory.java" line-rate="1.0" branch-rate="1.0" complexity="1.0">
					<methods>
						<method name="&lt;init&gt;" signature="()V" line-rate="1.0" branch-rate="1.0">
							<lines>
								<line number="8" hits="16" branch="false"/>
								<line number="9" hits="16" branch="false"/>
							</lines>
						</method>
						<method name="cambiarTime" signature="(I)V" line-rate="1.0" branch-rate="1.0">
							<lines>
								<line number="19" hits="1" branch="false"/>
								<line number="20" hits="1" branch="false"/>
							</lines>
						</method>
						<method name="crear" signature="(Lmodelo/personaje/Personaje;)Lmodelo/armamento/Armamento;" line-rate="1.0" branch-rate="1.0">
							<lines>
								<line number="13" hits="1" branch="false"/>
								<line number="14" hits="1" branch="false"/>
							</lines>
						</method>
						<method name="obtenerTime" signature="()I" line-rate="1.0" branch-rate="1.0">
							<lines>
								<line number="24" hits="1" branch="false"/>
							</lines>
						</method>
					</methods>
					<lines>
						<line number="8" hits="16" branch="false"/>
						<line number="9" hits="16" branch="false"/>
						<line number="13" hits="1" branch="false"/>
						<line number="14" hits="1" branch="false"/>
						<line number="19" hits="1" branch="false"/>
						<line number="20" hits="1" branch="false"/>
						<line number="24" hits="1" branch="false"/>
					</lines>
				</class>
			</classes>
		</package>
		<package name="modelo.Level" line-rate="1.0" branch-rate="1.0" complexity="4.5">
			<classes>
				<class name="modelo.Level.Level" filename="modelo/Level/Level.java" line-rate="1.0" branch-rate="1.0" complexity="4.5">
					<methods>
						<method name="&lt;init&gt;" signature="()V" line-rate="1.0" branch-rate="1.0">
							<lines>
								<line number="19" hits="1" branch="false"/>
								<line number="21" hits="1" branch="false"/>
								<line number="22" hits="1" branch="false"/>
							</lines>
						</method>
						<method name="Crear" signature="()V" line-rate="1.0" branch-rate="1.0">
							<lines>
								<line number="25" hits="1" branch="false"/>
								<line number="26" hits="10" branch="true" condition-coverage="100% (2/2)">
									<conditions>
										<condition number="0" type="jump" coverage="100%"/>
									</conditions>
								</line>
								<line number="27" hits="9" branch="false"/>
								<line number="28" hits="9" branch="false"/>
								<line number="29" hits="9" branch="false"/>
								<line number="32" hits="7" branch="true" condition-coverage="100% (2/2)">
									<conditions>
										<condition number="0" type="jump" coverage="100%"/>
									</conditions>
								</line>
								<line number="33" hits="6" branch="false"/>
								<line number="34" hits="6" branch="false"/>
								<line number="35" hits="6" branch="false"/>
								<line number="38" hits="3" branch="true" condition-coverage="100% (2/2)">
									<conditions>
										<condition number="0" type="jump" coverage="100%"/>
									</conditions>
								</line>
								<line number="39" hits="2" branch="false"/>
								<line number="40" hits="2" branch="false"/>
								<line number="41" hits="2" branch="false"/>
								<line number="42" hits="2" branch="false"/>
								<line number="45" hits="4" branch="true" condition-coverage="100% (2/2)">
									<conditions>
										<condition number="0" type="jump" coverage="100%"/>
									</conditions>
								</line>
								<line number="46" hits="3" branch="false"/>
								<line number="47" hits="3" branch="false"/>
								<line number="48" hits="3" branch="false"/>
								<line number="49" hits="3" branch="false"/>
								<line number="51" hits="1" branch="false"/>
								<line number="52" hits="1" branch="false"/>
								<line number="53" hits="1" branch="false"/>
								<line number="54" hits="1" branch="false"/>
							</lines>
						</method>
						<method name="run" signature="()V" line-rate="1.0" branch-rate="1.0">
							<lines>
								<line number="57" hits="1" branch="false"/>
								<line number="58" hits="8" branch="true" condition-coverage="100% (2/2)">
									<conditions>
										<condition number="0" type="jump" coverage="100%"/>
									</conditions>
								</line>
								<line number="59" hits="7" branch="false"/>
								<line number="60" hits="40" branch="true" condition-coverage="100% (2/2)">
									<conditions>
										<condition number="0" type="jump" coverage="100%"/>
									</conditions>
								</line>
								<line number="61" hits="33" branch="false"/>
								<line number="62" hits="33" branch="false"/>
								<line number="63" hits="33" branch="true" condition-coverage="100% (2/2)">
									<conditions>
										<condition number="0" type="jump" coverage="100%"/>
									</conditions>
								</line>
								<line number="64" hits="3" branch="false"/>
								<line number="66" hits="33" branch="false"/>
								<line number="67" hits="33" branch="false"/>
								<line number="68" hits="7" branch="false"/>
								<line number="69" hits="7" branch="false"/>
								<line number="70" hits="1" branch="false"/>
							</lines>
						</method>
					</methods>
					<lines>
						<line number="19" hits="1" branch="false"/>
						<line number="21" hits="1" branch="false"/>
						<line number="22" hits="1" branch="false"/>
						<line number="25" hits="1" branch="false"/>
						<line number="26" hits="10" branch="true" condition-coverage="100% (2/2)">
							<conditions>
								<condition number="0" type="jump" coverage="100%"/>
							</conditions>
						</line>
						<line number="27" hits="9" branch="false"/>
						<line number="28" hits="9" branch="false"/>
						<line number="29" hits="9" branch="false"/>
						<line number="32" hits="7" branch="true" condition-coverage="100% (2/2)">
							<conditions>
								<condition number="0" type="jump" coverage="100%"/>
							</conditions>
						</line>
						<line number="33" hits="6" branch="false"/>
						<line number="34" hits="6" branch="false"/>
						<line number="35" hits="6" branch="false"/>
						<line number="38" hits="3" branch="true" condition-coverage="100% (2/2)">
							<conditions>
								<condition number="0" type="jump" coverage="100%"/>
							</conditions>
						</line>
						<line number="39" hits="2" branch="false"/>
						<line number="40" hits="2" branch="false"/>
						<line number="41" hits="2" branch="false"/>
						<line number="42" hits="2" branch="false"/>
						<line number="45" hits="4" branch="true" condition-coverage="100% (2/2)">
							<conditions>
								<condition number="0" type="jump" coverage="100%"/>
							</conditions>
						</line>
						<line number="46" hits="3" branch="false"/>
						<line number="47" hits="3" branch="false"/>
						<line number="48" hits="3" branch="false"/>
						<line number="49" hits="3" branch="false"/>
						<line number="51" hits="1" branch="false"/>
						<line number="52" hits="1" branch="false"/>
						<line number="53" hits="1" branch="false"/>
						<line number="54" hits="1" branch="false"/>
						<line number="57" hits="1" branch="false"/>
						<line number="58" hits="8" branch="true" condition-coverage="100% (2/2)">
							<conditions>
								<condition number="0" type="jump" coverage="100%"/>
							</conditions>
						</line>
						<line number="59" hits="7" branch="false"/>
						<line number="60" hits="40" branch="true" condition-coverage="100% (2/2)">
							<conditions>
								<condition number="0" type="jump" coverage="100%"/>
							</conditions>
						</line>
						<line number="61" hits="33" branch="false"/>
						<line number="62" hits="33" branch="false"/>
						<line number="63" hits="33" branch="true" condition-coverage="100% (2/2)">
							<conditions>
								<condition number="0" type="jump" coverage="100%"/>
							</conditions>
						</line>
						<line number="64" hits="3" branch="false"/>
						<line number="66" hits="33" branch="false"/>
						<line number="67" hits="33" branch="false"/>
						<line number="68" hits="7" branch="false"/>
						<line number="69" hits="7" branch="false"/>
						<line number="70" hits="1" branch="false"/>
					</lines>
				</class>
			</classes>
		</package>
		<package name="modelo.Translacion" line-rate="1.0" branch-rate="1.0" complexity="1.1666666666666667">
			<classes>
				<class name="modelo.Translacion.Translacion" filename="modelo/Translacion/Translacion.java" line-rate="1.0" branch-rate="1.0" complexity="1.5">
					<methods>
						<method name="&lt;init&gt;" signature="()V" line-rate="1.0" branch-rate="1.0">
							<lines>
								<line number="6" hits="325" branch="false"/>
							</lines>
						</method>
						<method name="accion" signature="(Lmodelo/coordenadas/Coordenada;)Lmodelo/coordenadas/Coordenada;" line-rate="1.0" branch-rate="1.0">
							<lines>
								<line number="8" hits="165" branch="false"/>
								<line number="11" hits="165" branch="false"/>
								<line number="12" hits="4" branch="false"/>
								<line number="13" hits="4" branch="false"/>
								<line number="14" hits="161" branch="false"/>
								<line number="15" hits="165" branch="false"/>
							</lines>
						</method>
					</methods>
					<lines>
						<line number="6" hits="325" branch="false"/>
						<line number="8" hits="165" branch="false"/>
						<line number="11" hits="165" branch="false"/>
						<line number="12" hits="4" branch="false"/>
						<line number="13" hits="4" branch="false"/>
						<line number="14" hits="161" branch="false"/>
						<line number="15" hits="165" branch="false"/>
					</lines>
				</class>
				<class name="modelo.Translacion.TranslacionAbajo" filename="modelo/Translacion/TranslacionAbajo.java" line-rate="1.0" branch-rate="1.0" complexity="1.0">
					<methods>
						<method name="&lt;init&gt;" signature="()V" line-rate="1.0" branch-rate="1.0">
							<lines>
								<line number="6" hits="63" branch="false"/>
							</lines>
						</method>
						<method name="actuar" signature="(Lmodelo/coordenadas/Coordenada;Lmodelo/coordenadas/Coordenada;)Lmodelo/coordenadas/Coordenada;" line-rate="1.0" branch-rate="1.0">
							<lines>
								<line number="9" hits="34" branch="false"/>
								<line number="10" hits="33" branch="false"/>
							</lines>
						</method>
					</methods>
					<lines>
						<line number="6" hits="63" branch="false"/>
						<line number="9" hits="34" branch="false"/>
						<line number="10" hits="33" branch="false"/>
					</lines>
				</class>
				<class name="modelo.Translacion.TranslacionArriba" filename="modelo/Translacion/TranslacionArriba.java" line-rate="1.0" branch-rate="1.0" complexity="1.0">
					<methods>
						<method name="&lt;init&gt;" signature="()V" line-rate="1.0" branch-rate="1.0">
							<lines>
								<line number="5" hits="63" branch="false"/>
							</lines>
						</method>
						<method name="actuar" signature="(Lmodelo/coordenadas/Coordenada;Lmodelo/coordenadas/Coordenada;)Lmodelo/coordenadas/Coordenada;" line-rate="1.0" branch-rate="1.0">
							<lines>
								<line number="8" hits="35" branch="false"/>
								<line number="9" hits="35" branch="false"/>
							</lines>
						</method>
					</methods>
					<lines>
						<line number="5" hits="63" branch="false"/>
						<line number="8" hits="35" branch="false"/>
						<line number="9" hits="35" branch="false"/>
					</lines>
				</class>
				<class name="modelo.Translacion.TranslacionDerecha" filename="modelo/Translacion/TranslacionDerecha.java" line-rate="1.0" branch-rate="1.0" complexity="1.0">
					<methods>
						<method name="&lt;init&gt;" signature="()V" line-rate="1.0" branch-rate="1.0">
							<lines>
								<line number="5" hits="137" branch="false"/>
							</lines>
						</method>
						<method name="actuar" signature="(Lmodelo/coordenadas/Coordenada;Lmodelo/coordenadas/Coordenada;)Lmodelo/coordenadas/Coordenada;" line-rate="1.0" branch-rate="1.0">
							<lines>
								<line number="8" hits="61" branch="false"/>
								<line number="9" hits="61" branch="false"/>
							</lines>
						</method>
					</methods>
					<lines>
						<line number="5" hits="137" branch="false"/>
						<line number="8" hits="61" branch="false"/>
						<line number="9" hits="61" branch="false"/>
					</lines>
				</class>
				<class name="modelo.Translacion.TranslacionIzquierda" filename="modelo/Translacion/TranslacionIzquierda.java" line-rate="1.0" branch-rate="1.0" complexity="1.0">
					<methods>
						<method name="&lt;init&gt;" signature="()V" line-rate="1.0" branch-rate="1.0">
							<lines>
								<line number="5" hits="62" branch="false"/>
							</lines>
						</method>
						<method name="actuar" signature="(Lmodelo/coordenadas/Coordenada;Lmodelo/coordenadas/Coordenada;)Lmodelo/coordenadas/Coordenada;" line-rate="1.0" branch-rate="1.0">
							<lines>
								<line number="8" hits="35" branch="false"/>
								<line number="9" hits="32" branch="false"/>
							</lines>
						</method>
					</methods>
					<lines>
						<line number="5" hits="62" branch="false"/>
						<line number="8" hits="35" branch="false"/>
						<line number="9" hits="32" branch="false"/>
					</lines>
				</class>
			</classes>
		</package>
		<package name="modelo.armamento" line-rate="0.9772727272727273" branch-rate="1.0" complexity="1.1428571428571428">
			<classes>
				<class name="modelo.armamento.Armamentable" filename="modelo/armamento/Armamentable.java" line-rate="1.0" branch-rate="1.0" complexity="1.0">
					<methods>
					</methods>
					<lines>
					</lines>
				</class>
				<class name="modelo.armamento.Armamento" filename="modelo/armamento/Armamento.java" line-rate="1.0" branch-rate="1.0" complexity="1.1666666666666667">
					<methods>
						<method name="&lt;init&gt;" signature="(Lmodelo/coordenadas/Coordenada;Lmodelo/mapa/Mapa;)V" line-rate="1.0" branch-rate="1.0">
							<lines>
								<line number="16" hits="35" branch="false"/>
								<line number="17" hits="35" branch="false"/>
								<line number="18" hits="35" branch="false"/>
								<line number="19" hits="35" branch="false"/>
								<line number="20" hits="35" branch="false"/>
								<line number="21" hits="35" branch="false"/>
								<line number="22" hits="35" branch="false"/>
								<line number="23" hits="35" branch="false"/>
							</lines>
						</method>
						<method name="actualizar" signature="()V" line-rate="1.0" branch-rate="1.0">
							<lines>
								<line number="44" hits="23" branch="true" condition-coverage="100% (2/2)">
									<conditions>
										<condition number="0" type="jump" coverage="100%"/>
									</conditions>
								</line>
								<line number="45" hits="13" branch="false"/>
								<line number="47" hits="10" branch="false"/>
								<line number="49" hits="23" branch="false"/>
							</lines>
						</method>
						<method name="cambiarTime" signature="(F)V" line-rate="1.0" branch-rate="1.0">
							<lines>
								<line number="34" hits="1" branch="false"/>
								<line number="35" hits="1" branch="false"/>
							</lines>
						</method>
						<method name="explotar" signature="(Lmodelo/coordenadas/Coordenada;Lmodelo/mapa/Mapa;)V" line-rate="1.0" branch-rate="1.0">
							<lines>
								<line number="38" hits="14" branch="false"/>
								<line number="39" hits="14" branch="false"/>
								<line number="40" hits="14" branch="false"/>
							</lines>
						</method>
						<method name="obtenerCoordenadaXY" signature="()Lmodelo/coordenadas/Coordenada;" line-rate="1.0" branch-rate="1.0">
							<lines>
								<line number="26" hits="12" branch="false"/>
							</lines>
						</method>
						<method name="obtenerTime" signature="()F" line-rate="1.0" branch-rate="1.0">
							<lines>
								<line number="30" hits="7" branch="false"/>
							</lines>
						</method>
					</methods>
					<lines>
						<line number="16" hits="35" branch="false"/>
						<line number="17" hits="35" branch="false"/>
						<line number="18" hits="35" branch="false"/>
						<line number="19" hits="35" branch="false"/>
						<line number="20" hits="35" branch="false"/>
						<line number="21" hits="35" branch="false"/>
						<line number="22" hits="35" branch="false"/>
						<line number="23" hits="35" branch="false"/>
						<line number="26" hits="12" branch="false"/>
						<line number="30" hits="7" branch="false"/>
						<line number="34" hits="1" branch="false"/>
						<line number="35" hits="1" branch="false"/>
						<line number="38" hits="14" branch="false"/>
						<line number="39" hits="14" branch="false"/>
						<line number="40" hits="14" branch="false"/>
						<line number="44" hits="23" branch="true" condition-coverage="100% (2/2)">
							<conditions>
								<condition number="0" type="jump" coverage="100%"/>
							</conditions>
						</line>
						<line number="45" hits="13" branch="false"/>
						<line number="47" hits="10" branch="false"/>
						<line number="49" hits="23" branch="false"/>
					</lines>
				</class>
				<class name="modelo.armamento.Molotov" filename="modelo/armamento/Molotov.java" line-rate="1.0" branch-rate="1.0" complexity="1.0">
					<methods>
						<method name="&lt;init&gt;" signature="(Lmodelo/coordenadas/Coordenada;Lmodelo/mapa/Mapa;I)V" line-rate="1.0" branch-rate="1.0">
							<lines>
								<line number="10" hits="9" branch="false"/>
								<line number="11" hits="9" branch="false"/>
								<line number="12" hits="9" branch="false"/>
								<line number="13" hits="9" branch="false"/>
								<line number="14" hits="9" branch="false"/>
							</lines>
						</method>
					</methods>
					<lines>
						<line number="10" hits="9" branch="false"/>
						<line number="11" hits="9" branch="false"/>
						<line number="12" hits="9" branch="false"/>
						<line number="13" hits="9" branch="false"/>
						<line number="14" hits="9" branch="false"/>
					</lines>
				</class>
				<class name="modelo.armamento.Proyectil" filename="modelo/armamento/Proyectil.java" line-rate="1.0" branch-rate="1.0" complexity="1.5">
					<methods>
						<method name="&lt;init&gt;" signature="(Lmodelo/coordenadas/Coordenada;Lmodelo/mapa/Mapa;Lmodelo/Translacion/Translacion;)V" line-rate="1.0" branch-rate="1.0">
							<lines>
								<line number="11" hits="10" branch="false"/>
								<line number="14" hits="10" branch="false"/>
								<line number="15" hits="10" branch="false"/>
								<line number="16" hits="10" branch="false"/>
								<line number="17" hits="10" branch="false"/>
								<line number="18" hits="10" branch="false"/>
							</lines>
						</method>
						<method name="actualizar" signature="()V" line-rate="1.0" branch-rate="1.0">
							<lines>
								<line number="21" hits="25" branch="true" condition-coverage="100% (2/2)">
									<conditions>
										<condition number="0" type="jump" coverage="100%"/>
									</conditions>
								</line>
								<line number="22" hits="21" branch="false"/>
								<line number="23" hits="21" branch="false"/>
								<line number="25" hits="4" branch="false"/>
								<line number="27" hits="25" branch="false"/>
							</lines>
						</method>
					</methods>
					<lines>
						<line number="11" hits="10" branch="false"/>
						<line number="14" hits="10" branch="false"/>
						<line number="15" hits="10" branch="false"/>
						<line number="16" hits="10" branch="false"/>
						<line number="17" hits="10" branch="false"/>
						<line number="18" hits="10" branch="false"/>
						<line number="21" hits="25" branch="true" condition-coverage="100% (2/2)">
							<conditions>
								<condition number="0" type="jump" coverage="100%"/>
							</conditions>
						</line>
						<line number="22" hits="21" branch="false"/>
						<line number="23" hits="21" branch="false"/>
						<line number="25" hits="4" branch="false"/>
						<line number="27" hits="25" branch="false"/>
					</lines>
				</class>
				<class name="modelo.armamento.ToleTole" filename="modelo/armamento/ToleTole.java" line-rate="0.8888888888888888" branch-rate="1.0" complexity="1.0">
					<methods>
						<method name="&lt;init&gt;" signature="(Lmodelo/coordenadas/Coordenada;Lmodelo/mapa/Mapa;I)V" line-rate="1.0" branch-rate="1.0">
							<lines>
								<line number="15" hits="16" branch="false"/>
								<line number="16" hits="16" branch="false"/>
								<line number="17" hits="16" branch="false"/>
								<line number="18" hits="16" branch="false"/>
								<line number="19" hits="16" branch="false"/>
							</lines>
						</method>
						<method name="obtenerPuntaje" signature="()I" line-rate="0.0" branch-rate="1.0">
							<lines>
								<line number="30" hits="0" branch="false"/>
							</lines>
						</method>
						<method name="usar" signature="(Lmodelo/personaje/Personaje;)V" line-rate="1.0" branch-rate="1.0">
							<lines>
								<line number="23" hits="1" branch="false"/>
								<line number="24" hits="1" branch="false"/>
								<line number="25" hits="1" branch="false"/>
							</lines>
						</method>
					</methods>
					<lines>
						<line number="15" hits="16" branch="false"/>
						<line number="16" hits="16" branch="false"/>
						<line number="17" hits="16" branch="false"/>
						<line number="18" hits="16" branch="false"/>
						<line number="19" hits="16" branch="false"/>
						<line number="23" hits="1" branch="false"/>
						<line number="24" hits="1" branch="false"/>
						<line number="25" hits="1" branch="false"/>
						<line number="30" hits="0" branch="false"/>
					</lines>
				</class>
			</classes>
		</package>
		<package name="modelo.articulo" line-rate="1.0" branch-rate="1.0" complexity="1.6153846153846154">
			<classes>
				<class name="modelo.articulo.Articulable" filename="modelo/articulo/Articulable.java" line-rate="1.0" branch-rate="1.0" complexity="1.0">
					<methods>
					</methods>
					<lines>
					</lines>
				</class>
				<class name="modelo.articulo.Articulo" filename="modelo/articulo/Articulo.java" line-rate="1.0" branch-rate="1.0" complexity="1.0">
					<methods>
						<method name="&lt;init&gt;" signature="(Lmodelo/coordenadas/Coordenada;)V" line-rate="1.0" branch-rate="1.0">
							<lines>
								<line number="16" hits="42" branch="false"/>
								<line number="17" hits="42" branch="false"/>
								<line number="18" hits="42" branch="false"/>
								<line number="19" hits="42" branch="false"/>
							</lines>
						</method>
						<method name="obtenerCoordenadaXY" signature="()Lmodelo/coordenadas/Coordenada;" line-rate="1.0" branch-rate="1.0">
							<lines>
								<line number="22" hits="3" branch="false"/>
							</lines>
						</method>
						<method name="obtenerPuntaje" signature="()I" line-rate="1.0" branch-rate="1.0">
							<lines>
								<line number="30" hits="3" branch="false"/>
							</lines>
						</method>
					</methods>
					<lines>
						<line number="16" hits="42" branch="false"/>
						<line number="17" hits="42" branch="false"/>
						<line number="18" hits="42" branch="false"/>
						<line number="19" hits="42" branch="false"/>
						<line number="22" hits="3" branch="false"/>
						<line number="30" hits="3" branch="false"/>
					</lines>
				</class>
				<class name="modelo.articulo.Habano" filename="modelo/articulo/Habano.java" line-rate="1.0" branch-rate="1.0" complexity="2.3333333333333335">
					<methods>
						<method name="&lt;init&gt;" signature="(Lmodelo/coordenadas/Coordenada;)V" line-rate="1.0" branch-rate="1.0">
							<lines>
								<line number="14" hits="24" branch="false"/>
								<line number="15" hits="24" branch="false"/>
								<line number="16" hits="24" branch="false"/>
							</lines>
						</method>
						<method name="aumentarVelocidad" signature="(Lmodelo/personaje/Personaje;)V" line-rate="1.0" branch-rate="1.0">
							<lines>
								<line number="34" hits="7" branch="false"/>
								<line number="38" hits="7" branch="false"/>
								<line number="39" hits="7" branch="true" condition-coverage="100% (2/2)">
									<conditions>
										<condition number="0" type="jump" coverage="100%"/>
									</conditions>
								</line>
								<line number="41" hits="1" branch="false"/>
								<line number="46" hits="6" branch="false"/>
								<line number="49" hits="6" branch="false"/>
							</lines>
						</method>
						<method name="usar" signature="(Lmodelo/personaje/Personaje;)V" line-rate="1.0" branch-rate="1.0">
							<lines>
								<line number="20" hits="7" branch="true" condition-coverage="100% (2/2)">
									<conditions>
										<condition number="0" type="jump" coverage="100%"/>
									</conditions>
								</line>
								<line number="22" hits="1" branch="false"/>
								<line number="26" hits="6" branch="false"/>
								<line number="30" hits="5" branch="false"/>
							</lines>
						</method>
					</methods>
					<lines>
						<line number="14" hits="24" branch="false"/>
						<line number="15" hits="24" branch="false"/>
						<line number="16" hits="24" branch="false"/>
						<line number="20" hits="7" branch="true" condition-coverage="100% (2/2)">
							<conditions>
								<condition number="0" type="jump" coverage="100%"/>
							</conditions>
						</line>
						<line number="22" hits="1" branch="false"/>
						<line number="26" hits="6" branch="false"/>
						<line number="30" hits="5" branch="false"/>
						<line number="34" hits="7" branch="false"/>
						<line number="38" hits="7" branch="false"/>
						<line number="39" hits="7" branch="true" condition-coverage="100% (2/2)">
							<conditions>
								<condition number="0" type="jump" coverage="100%"/>
							</conditions>
						</line>
						<line number="41" hits="1" branch="false"/>
						<line number="46" hits="6" branch="false"/>
						<line number="49" hits="6" branch="false"/>
					</lines>
				</class>
				<class name="modelo.articulo.Timer" filename="modelo/articulo/Timer.java" line-rate="1.0" branch-rate="1.0" complexity="2.3333333333333335">
					<methods>
						<method name="&lt;init&gt;" signature="(Lmodelo/coordenadas/Coordenada;)V" line-rate="1.0" branch-rate="1.0">
							<lines>
								<line number="11" hits="18" branch="false"/>
								<line number="12" hits="18" branch="false"/>
							</lines>
						</method>
						<method name="reducirTiempo" signature="(Lmodelo/ArmamentoFactory/ArmamentoFactory;)V" line-rate="1.0" branch-rate="1.0">
							<lines>
								<line number="32" hits="5" branch="false"/>
								<line number="34" hits="5" branch="true" condition-coverage="100% (2/2)">
									<conditions>
										<condition number="0" type="jump" coverage="100%"/>
									</conditions>
								</line>
								<line number="36" hits="1" branch="false"/>
								<line number="38" hits="4" branch="false"/>
								<line number="39" hits="4" branch="false"/>
								<line number="40" hits="4" branch="false"/>
								<line number="41" hits="4" branch="false"/>
							</lines>
						</method>
						<method name="usar" signature="(Lmodelo/personaje/Personaje;)V" line-rate="1.0" branch-rate="1.0">
							<lines>
								<line number="15" hits="4" branch="false"/>
								<line number="16" hits="4" branch="true" condition-coverage="100% (2/2)">
									<conditions>
										<condition number="0" type="jump" coverage="100%"/>
									</conditions>
								</line>
								<line number="17" hits="1" branch="false"/>
								<line number="22" hits="3" branch="false"/>
								<line number="23" hits="3" branch="false"/>
								<line number="28" hits="3" branch="false"/>
							</lines>
						</method>
					</methods>
					<lines>
						<line number="11" hits="18" branch="false"/>
						<line number="12" hits="18" branch="false"/>
						<line number="15" hits="4" branch="false"/>
						<line number="16" hits="4" branch="true" condition-coverage="100% (2/2)">
							<conditions>
								<condition number="0" type="jump" coverage="100%"/>
							</conditions>
						</line>
						<line number="17" hits="1" branch="false"/>
						<line number="22" hits="3" branch="false"/>
						<line number="23" hits="3" branch="false"/>
						<line number="28" hits="3" branch="false"/>
						<line number="32" hits="5" branch="false"/>
						<line number="34" hits="5" branch="true" condition-coverage="100% (2/2)">
							<conditions>
								<condition number="0" type="jump" coverage="100%"/>
							</conditions>
						</line>
						<line number="36" hits="1" branch="false"/>
						<line number="38" hits="4" branch="false"/>
						<line number="39" hits="4" branch="false"/>
						<line number="40" hits="4" branch="false"/>
						<line number="41" hits="4" branch="false"/>
					</lines>
				</class>
			</classes>
		</package>
		<package name="modelo.casillero" line-rate="1.0" branch-rate="0.875" complexity="1.736842105263158">
			<classes>
				<class name="modelo.casillero.Casillero" filename="modelo/casillero/Casillero.java" line-rate="1.0" branch-rate="0.875" complexity="1.736842105263158">
					<methods>
						<method name="&lt;init&gt;" signature="()V" line-rate="1.0" branch-rate="1.0">
							<lines>
								<line number="20" hits="549" branch="false"/>
								<line number="21" hits="549" branch="false"/>
								<line number="22" hits="549" branch="false"/>
								<line number="23" hits="549" branch="false"/>
								<line number="24" hits="549" branch="false"/>
								<line number="25" hits="549" branch="false"/>
								<line number="27" hits="549" branch="false"/>
							</lines>
						</method>
						<method name="actualizar" signature="()V" line-rate="1.0" branch-rate="1.0">
							<lines>
								<line number="94" hits="703" branch="true" condition-coverage="100% (2/2)">
									<conditions>
										<condition number="0" type="jump" coverage="100%"/>
									</conditions>
								</line>
								<line number="95" hits="104" branch="true" condition-coverage="100% (2/2)">
									<conditions>
										<condition number="0" type="jump" coverage="100%"/>
									</conditions>
								</line>
								<line number="96" hits="6" branch="false"/>
								<line number="97" hits="6" branch="false"/>
								<line number="100" hits="703" branch="true" condition-coverage="100% (2/2)">
									<conditions>
										<condition number="0" type="jump" coverage="100%"/>
									</conditions>
								</line>
								<line number="101" hits="42" branch="false"/>
								<line number="103" hits="703" branch="false"/>
								<line number="104" hits="703" branch="false"/>
								<line number="105" hits="703" branch="true" condition-coverage="100% (2/2)">
									<conditions>
										<condition number="0" type="jump" coverage="100%"/>
									</conditions>
								</line>
								<line number="106" hits="3" branch="false"/>
								<line number="107" hits="3" branch="false"/>
								<line number="110" hits="703" branch="false"/>
							</lines>
						</method>
						<method name="actualizarPuntaje" signature="(I)V" line-rate="1.0" branch-rate="1.0">
							<lines>
								<line number="30" hits="1" branch="false"/>
								<line number="31" hits="1" branch="false"/>
							</lines>
						</method>
						<method name="agregar" signature="(Lmodelo/armamento/Armamento;)V" line-rate="1.0" branch-rate="1.0">
							<lines>
								<line number="46" hits="17" branch="false"/>
								<line number="47" hits="17" branch="false"/>
							</lines>
						</method>
						<method name="agregar" signature="(Lmodelo/articulo/Articulable;)V" line-rate="1.0" branch-rate="1.0">
							<lines>
								<line number="50" hits="9" branch="false"/>
								<line number="51" hits="9" branch="false"/>
							</lines>
						</method>
						<method name="agregar" signature="(Lmodelo/obstaculos/Obstaculo;)V" line-rate="1.0" branch-rate="1.0">
							<lines>
								<line number="54" hits="42" branch="false"/>
								<line number="55" hits="42" branch="false"/>
							</lines>
						</method>
						<method name="agregar" signature="(Lmodelo/personaje/Personaje;)V" line-rate="1.0" branch-rate="1.0">
							<lines>
								<line number="42" hits="45" branch="false"/>
								<line number="43" hits="45" branch="false"/>
							</lines>
						</method>
						<method name="eliminar" signature="(Lmodelo/armamento/Armamento;)V" line-rate="1.0" branch-rate="0.5">
							<lines>
								<line number="118" hits="1" branch="true" condition-coverage="50% (1/2)">
									<conditions>
										<condition number="0" type="jump" coverage="50%"/>
									</conditions>
								</line>
								<line number="119" hits="1" branch="false"/>
								<line number="121" hits="1" branch="false"/>
							</lines>
						</method>
						<method name="eliminar" signature="(Lmodelo/articulo/Articulable;)V" line-rate="1.0" branch-rate="0.5">
							<lines>
								<line number="113" hits="1" branch="true" condition-coverage="50% (1/2)">
									<conditions>
										<condition number="0" type="jump" coverage="50%"/>
									</conditions>
								</line>
								<line number="114" hits="1" branch="false"/>
								<line number="116" hits="1" branch="false"/>
							</lines>
						</method>
						<method name="eliminar" signature="(Lmodelo/obstaculos/Obstaculo;)V" line-rate="1.0" branch-rate="0.5">
							<lines>
								<line number="127" hits="1" branch="true" condition-coverage="50% (1/2)">
									<conditions>
										<condition number="0" type="jump" coverage="50%"/>
									</conditions>
								</line>
								<line number="128" hits="1" branch="false"/>
								<line number="130" hits="1" branch="false"/>
							</lines>
						</method>
						<method name="eliminar" signature="(Lmodelo/personaje/Personaje;)V" line-rate="1.0" branch-rate="1.0">
							<lines>
								<line number="123" hits="24" branch="false"/>
								<line number="124" hits="24" branch="false"/>
							</lines>
						</method>
						<method name="esAtacable" signature="()Z" line-rate="1.0" branch-rate="1.0">
							<lines>
								<line number="81" hits="95" branch="true" condition-coverage="100% (4/4)">
									<conditions>
										<condition number="0" type="jump" coverage="100%"/>
										<condition number="1" type="jump" coverage="100%"/>
									</conditions>
								</line>
								<line number="82" hits="69" branch="false"/>
								<line number="84" hits="26" branch="false"/>
							</lines>
						</method>
						<method name="esCaminable" signature="()Z" line-rate="1.0" branch-rate="1.0">
							<lines>
								<line number="74" hits="97" branch="true" condition-coverage="100% (2/2)">
									<conditions>
										<condition number="0" type="jump" coverage="100%"/>
									</conditions>
								</line>
								<line number="75" hits="88" branch="false"/>
								<line number="77" hits="9" branch="false"/>
							</lines>
						</method>
						<method name="obtenerArmamento" signature="()Lmodelo/armamento/Armamento;" line-rate="1.0" branch-rate="1.0">
							<lines>
								<line number="63" hits="3" branch="false"/>
							</lines>
						</method>
						<method name="obtenerArticulo" signature="()Lmodelo/articulo/Articulable;" line-rate="1.0" branch-rate="1.0">
							<lines>
								<line number="66" hits="706" branch="false"/>
							</lines>
						</method>
						<method name="obtenerObstaculo" signature="()Lmodelo/obstaculos/Obstaculo;" line-rate="1.0" branch-rate="1.0">
							<lines>
								<line number="70" hits="27" branch="false"/>
							</lines>
						</method>
						<method name="obtenerPersonajes" signature="()Ljava/util/LinkedList;" line-rate="1.0" branch-rate="1.0">
							<lines>
								<line number="59" hits="32" branch="false"/>
							</lines>
						</method>
						<method name="obtenerPuntaje" signature="()I" line-rate="1.0" branch-rate="1.0">
							<lines>
								<line number="34" hits="704" branch="false"/>
								<line number="35" hits="704" branch="false"/>
								<line number="36" hits="704" branch="false"/>
							</lines>
						</method>
						<method name="usarArticulo" signature="()Z" line-rate="1.0" branch-rate="1.0">
							<lines>
								<line number="134" hits="703" branch="false"/>
								<line number="135" hits="703" branch="false"/>
								<line number="136" hits="703" branch="true" condition-coverage="100% (2/2)">
									<conditions>
										<condition number="0" type="jump" coverage="100%"/>
									</conditions>
								</line>
								<line number="137" hits="4" branch="false"/>
								<line number="138" hits="4" branch="false"/>
								<line number="139" hits="9" branch="true" condition-coverage="100% (2/2)">
									<conditions>
										<condition number="0" type="jump" coverage="100%"/>
									</conditions>
								</line>
								<line number="140" hits="5" branch="false"/>
								<line number="141" hits="5" branch="false"/>
								<line number="142" hits="5" branch="false"/>
								<line number="143" hits="5" branch="false"/>
								<line number="145" hits="703" branch="false"/>
							</lines>
						</method>
					</methods>
					<lines>
						<line number="20" hits="549" branch="false"/>
						<line number="21" hits="549" branch="false"/>
						<line number="22" hits="549" branch="false"/>
						<line number="23" hits="549" branch="false"/>
						<line number="24" hits="549" branch="false"/>
						<line number="25" hits="549" branch="false"/>
						<line number="27" hits="549" branch="false"/>
						<line number="30" hits="1" branch="false"/>
						<line number="31" hits="1" branch="false"/>
						<line number="34" hits="704" branch="false"/>
						<line number="35" hits="704" branch="false"/>
						<line number="36" hits="704" branch="false"/>
						<line number="42" hits="45" branch="false"/>
						<line number="43" hits="45" branch="false"/>
						<line number="46" hits="17" branch="false"/>
						<line number="47" hits="17" branch="false"/>
						<line number="50" hits="9" branch="false"/>
						<line number="51" hits="9" branch="false"/>
						<line number="54" hits="42" branch="false"/>
						<line number="55" hits="42" branch="false"/>
						<line number="59" hits="32" branch="false"/>
						<line number="63" hits="3" branch="false"/>
						<line number="66" hits="706" branch="false"/>
						<line number="70" hits="27" branch="false"/>
						<line number="74" hits="97" branch="true" condition-coverage="100% (2/2)">
							<conditions>
								<condition number="0" type="jump" coverage="100%"/>
							</conditions>
						</line>
						<line number="75" hits="88" branch="false"/>
						<line number="77" hits="9" branch="false"/>
						<line number="81" hits="95" branch="true" condition-coverage="100% (4/4)">
							<conditions>
								<condition number="0" type="jump" coverage="100%"/>
								<condition number="1" type="jump" coverage="100%"/>
							</conditions>
						</line>
						<line number="82" hits="69" branch="false"/>
						<line number="84" hits="26" branch="false"/>
						<line number="94" hits="703" branch="true" condition-coverage="100% (2/2)">
							<conditions>
								<condition number="0" type="jump" coverage="100%"/>
							</conditions>
						</line>
						<line number="95" hits="104" branch="true" condition-coverage="100% (2/2)">
							<conditions>
								<condition number="0" type="jump" coverage="100%"/>
							</conditions>
						</line>
						<line number="96" hits="6" branch="false"/>
						<line number="97" hits="6" branch="false"/>
						<line number="100" hits="703" branch="true" condition-coverage="100% (2/2)">
							<conditions>
								<condition number="0" type="jump" coverage="100%"/>
							</conditions>
						</line>
						<line number="101" hits="42" branch="false"/>
						<line number="103" hits="703" branch="false"/>
						<line number="104" hits="703" branch="false"/>
						<line number="105" hits="703" branch="true" condition-coverage="100% (2/2)">
							<conditions>
								<condition number="0" type="jump" coverage="100%"/>
							</conditions>
						</line>
						<line number="106" hits="3" branch="false"/>
						<line number="107" hits="3" branch="false"/>
						<line number="110" hits="703" branch="false"/>
						<line number="113" hits="1" branch="true" condition-coverage="50% (1/2)">
							<conditions>
								<condition number="0" type="jump" coverage="50%"/>
							</conditions>
						</line>
						<line number="114" hits="1" branch="false"/>
						<line number="116" hits="1" branch="false"/>
						<line number="118" hits="1" branch="true" condition-coverage="50% (1/2)">
							<conditions>
								<condition number="0" type="jump" coverage="50%"/>
							</conditions>
						</line>
						<line number="119" hits="1" branch="false"/>
						<line number="121" hits="1" branch="false"/>
						<line number="123" hits="24" branch="false"/>
						<line number="124" hits="24" branch="false"/>
						<line number="127" hits="1" branch="true" condition-coverage="50% (1/2)">
							<conditions>
								<condition number="0" type="jump" coverage="50%"/>
							</conditions>
						</line>
						<line number="128" hits="1" branch="false"/>
						<line number="130" hits="1" branch="false"/>
						<line number="134" hits="703" branch="false"/>
						<line number="135" hits="703" branch="false"/>
						<line number="136" hits="703" branch="true" condition-coverage="100% (2/2)">
							<conditions>
								<condition number="0" type="jump" coverage="100%"/>
							</conditions>
						</line>
						<line number="137" hits="4" branch="false"/>
						<line number="138" hits="4" branch="false"/>
						<line number="139" hits="9" branch="true" condition-coverage="100% (2/2)">
							<conditions>
								<condition number="0" type="jump" coverage="100%"/>
							</conditions>
						</line>
						<line number="140" hits="5" branch="false"/>
						<line number="141" hits="5" branch="false"/>
						<line number="142" hits="5" branch="false"/>
						<line number="143" hits="5" branch="false"/>
						<line number="145" hits="703" branch="false"/>
					</lines>
				</class>
			</classes>
		</package>
		<package name="modelo.constantesjuego" line-rate="0.0" branch-rate="1.0" complexity="0.0">
			<classes>
				<class name="modelo.constantesjuego.ConstantesJuego" filename="modelo/constantesjuego/ConstantesJuego.java" line-rate="0.0" branch-rate="1.0" complexity="0.0">
					<methods>
						<method name="&lt;init&gt;" signature="()V" line-rate="0.0" branch-rate="1.0">
							<lines>
								<line number="3" hits="0" branch="false"/>
							</lines>
						</method>
					</methods>
					<lines>
						<line number="3" hits="0" branch="false"/>
					</lines>
				</class>
			</classes>
		</package>
		<package name="modelo.coordenadas" line-rate="1.0" branch-rate="1.0" complexity="1.2857142857142858">
			<classes>
				<class name="modelo.coordenadas.Coordenable" filename="modelo/coordenadas/Coordenable.java" line-rate="1.0" branch-rate="1.0" complexity="1.0">
					<methods>
					</methods>
					<lines>
					</lines>
				</class>
				<class name="modelo.coordenadas.Coordenada" filename="modelo/coordenadas/Coordenada.java" line-rate="1.0" branch-rate="1.0" complexity="1.3333333333333333">
					<methods>
						<method name="&lt;init&gt;" signature="(II)V" line-rate="1.0" branch-rate="1.0">
							<lines>
								<line number="10" hits="1050" branch="false"/>
								<line number="11" hits="1050" branch="false"/>
								<line number="12" hits="1050" branch="false"/>
								<line number="13" hits="1049" branch="false"/>
								<line number="14" hits="1049" branch="false"/>
								<line number="16" hits="1049" branch="false"/>
							</lines>
						</method>
						<method name="ComprobarCoordenadaValida" signature="(I)V" line-rate="1.0" branch-rate="1.0">
							<lines>
								<line number="37" hits="4365" branch="true" condition-coverage="100% (2/2)">
									<conditions>
										<condition number="0" type="jump" coverage="100%"/>
									</conditions>
								</line>
								<line number="38" hits="7" branch="false"/>
								<line number="40" hits="4358" branch="false"/>
							</lines>
						</method>
						<method name="cambiarCoordenadaX" signature="(I)V" line-rate="1.0" branch-rate="1.0">
							<lines>
								<line number="23" hits="1146" branch="false"/>
								<line number="24" hits="1142" branch="false"/>
								<line number="25" hits="1142" branch="false"/>
							</lines>
						</method>
						<method name="cambiarCoordenadaY" signature="(I)V" line-rate="1.0" branch-rate="1.0">
							<lines>
								<line number="32" hits="1119" branch="false"/>
								<line number="33" hits="1117" branch="false"/>
								<line number="34" hits="1117" branch="false"/>
							</lines>
						</method>
						<method name="obtenerCoordenadaX" signature="()I" line-rate="1.0" branch-rate="1.0">
							<lines>
								<line number="19" hits="2308" branch="false"/>
							</lines>
						</method>
						<method name="obtenerCoordenadaY" signature="()I" line-rate="1.0" branch-rate="1.0">
							<lines>
								<line number="28" hits="2277" branch="false"/>
							</lines>
						</method>
					</methods>
					<lines>
						<line number="10" hits="1050" branch="false"/>
						<line number="11" hits="1050" branch="false"/>
						<line number="12" hits="1050" branch="false"/>
						<line number="13" hits="1049" branch="false"/>
						<line number="14" hits="1049" branch="false"/>
						<line number="16" hits="1049" branch="false"/>
						<line number="19" hits="2308" branch="false"/>
						<line number="23" hits="1146" branch="false"/>
						<line number="24" hits="1142" branch="false"/>
						<line number="25" hits="1142" branch="false"/>
						<line number="28" hits="2277" branch="false"/>
						<line number="32" hits="1119" branch="false"/>
						<line number="33" hits="1117" branch="false"/>
						<line number="34" hits="1117" branch="false"/>
						<line number="37" hits="4365" branch="true" condition-coverage="100% (2/2)">
							<conditions>
								<condition number="0" type="jump" coverage="100%"/>
							</conditions>
						</line>
						<line number="38" hits="7" branch="false"/>
						<line number="40" hits="4358" branch="false"/>
					</lines>
				</class>
			</classes>
		</package>
		<package name="modelo.danio" line-rate="1.0" branch-rate="1.0" complexity="1.0">
			<classes>
				<class name="modelo.danio.Daniable" filename="modelo/danio/Daniable.java" line-rate="1.0" branch-rate="1.0" complexity="1.0">
					<methods>
					</methods>
					<lines>
					</lines>
				</class>
			</classes>
		</package>
		<package name="modelo.detectorcolision" line-rate="1.0" branch-rate="1.0" complexity="2.0">
			<classes>
				<class name="modelo.detectorcolision.Colisionador" filename="modelo/detectorcolision/Colisionador.java" line-rate="1.0" branch-rate="1.0" complexity="2.0">
					<methods>
						<method name="&lt;init&gt;" signature="()V" line-rate="1.0" branch-rate="1.0">
							<lines>
								<line number="18" hits="704" branch="false"/>
								<line number="20" hits="704" branch="false"/>
							</lines>
						</method>
						<method name="Colicionar" signature="(Ljava/util/List;)V" line-rate="1.0" branch-rate="1.0">
							<lines>
								<line number="23" hits="704" branch="true" condition-coverage="100% (2/2)">
									<conditions>
										<condition number="0" type="jump" coverage="100%"/>
									</conditions>
								</line>
								<line number="24" hits="7" branch="false"/>
								<line number="26" hits="21" branch="true" condition-coverage="100% (2/2)">
									<conditions>
										<condition number="0" type="jump" coverage="100%"/>
									</conditions>
								</line>
								<line number="28" hits="14" branch="false"/>
								<line number="29" hits="14" branch="false"/>
								<line number="32" hits="704" branch="false"/>
							</lines>
						</method>
					</methods>
					<lines>
						<line number="18" hits="704" branch="false"/>
						<line number="20" hits="704" branch="false"/>
						<line number="23" hits="704" branch="true" condition-coverage="100% (2/2)">
							<conditions>
								<condition number="0" type="jump" coverage="100%"/>
							</conditions>
						</line>
						<line number="24" hits="7" branch="false"/>
						<line number="26" hits="21" branch="true" condition-coverage="100% (2/2)">
							<conditions>
								<condition number="0" type="jump" coverage="100%"/>
							</conditions>
						</line>
						<line number="28" hits="14" branch="false"/>
						<line number="29" hits="14" branch="false"/>
						<line number="32" hits="704" branch="false"/>
					</lines>
				</class>
			</classes>
		</package>
		<package name="modelo.errores" line-rate="0.875" branch-rate="1.0" complexity="0.0">
			<classes>
				<class name="modelo.errores.ArmamentoNoInicializadoError" filename="modelo/errores/ArmamentoNoInicializadoError.java" line-rate="1.0" branch-rate="1.0" complexity="0.0">
					<methods>
						<method name="&lt;init&gt;" signature="()V" line-rate="1.0" branch-rate="1.0">
							<lines>
								<line number="3" hits="1" branch="false"/>
							</lines>
						</method>
					</methods>
					<lines>
						<line number="3" hits="1" branch="false"/>
					</lines>
				</class>
				<class name="modelo.errores.CasilleroOcupadoError" filename="modelo/errores/CasilleroOcupadoError.java" line-rate="1.0" branch-rate="1.0" complexity="0.0">
					<methods>
						<method name="&lt;init&gt;" signature="()V" line-rate="1.0" branch-rate="1.0">
							<lines>
								<line number="3" hits="1" branch="false"/>
							</lines>
						</method>
					</methods>
					<lines>
						<line number="3" hits="1" branch="false"/>
					</lines>
				</class>
				<class name="modelo.errores.PersonajeNoInicializadoError" filename="modelo/errores/PersonajeNoInicializadoError.java" line-rate="1.0" branch-rate="1.0" complexity="0.0">
					<methods>
						<method name="&lt;init&gt;" signature="()V" line-rate="1.0" branch-rate="1.0">
							<lines>
								<line number="3" hits="1" branch="false"/>
							</lines>
						</method>
					</methods>
					<lines>
						<line number="3" hits="1" branch="false"/>
					</lines>
				</class>
				<class name="modelo.errores.TamanioMatrizInvalidoError" filename="modelo/errores/TamanioMatrizInvalidoError.java" line-rate="1.0" branch-rate="1.0" complexity="0.0">
					<methods>
						<method name="&lt;init&gt;" signature="()V" line-rate="1.0" branch-rate="1.0">
							<lines>
								<line number="3" hits="7" branch="false"/>
							</lines>
						</method>
					</methods>
					<lines>
						<line number="3" hits="7" branch="false"/>
					</lines>
				</class>
				<class name="modelo.errores.TiempoInvalidoError" filename="modelo/errores/TiempoInvalidoError.java" line-rate="1.0" branch-rate="1.0" complexity="0.0">
					<methods>
						<method name="&lt;init&gt;" signature="()V" line-rate="1.0" branch-rate="1.0">
							<lines>
								<line number="3" hits="1" branch="false"/>
							</lines>
						</method>
					</methods>
					<lines>
						<line number="3" hits="1" branch="false"/>
					</lines>
				</class>
				<class name="modelo.errores.VelocidadMaximaError" filename="modelo/errores/VelocidadMaximaError.java" line-rate="1.0" branch-rate="1.0" complexity="0.0">
					<methods>
						<method name="&lt;init&gt;" signature="()V" line-rate="1.0" branch-rate="1.0">
							<lines>
								<line number="3" hits="1" branch="false"/>
							</lines>
						</method>
					</methods>
					<lines>
						<line number="3" hits="1" branch="false"/>
					</lines>
				</class>
				<class name="modelo.errores.VidaInvalidaError" filename="modelo/errores/VidaInvalidaError.java" line-rate="0.0" branch-rate="1.0" complexity="0.0">
					<methods>
						<method name="&lt;init&gt;" signature="()V" line-rate="0.0" branch-rate="1.0">
							<lines>
								<line number="3" hits="0" branch="false"/>
							</lines>
						</method>
					</methods>
					<lines>
						<line number="3" hits="0" branch="false"/>
					</lines>
				</class>
				<class name="modelo.errores.coordenadaInvalida" filename="modelo/errores/coordenadaInvalida.java" line-rate="1.0" branch-rate="1.0" complexity="0.0">
					<methods>
						<method name="&lt;init&gt;" signature="()V" line-rate="1.0" branch-rate="1.0">
							<lines>
								<line number="3" hits="7" branch="false"/>
							</lines>
						</method>
					</methods>
					<lines>
						<line number="3" hits="7" branch="false"/>
					</lines>
				</class>
			</classes>
		</package>
		<package name="modelo.mapa" line-rate="1.0" branch-rate="1.0" complexity="1.588235294117647">
			<classes>
				<class name="modelo.mapa.Mapa" filename="modelo/mapa/Mapa.java" line-rate="1.0" branch-rate="1.0" complexity="1.4">
					<methods>
						<method name="&lt;init&gt;" signature="(I)V" line-rate="1.0" branch-rate="1.0">
							<lines>
								<line number="14" hits="16" branch="false"/>
								<line number="15" hits="16" branch="false"/>
								<line number="16" hits="15" branch="false"/>
							</lines>
						</method>
						<method name="actualizarMapa" signature="()V" line-rate="1.0" branch-rate="1.0">
							<lines>
								<line number="69" hits="77" branch="true" condition-coverage="100% (2/2)">
									<conditions>
										<condition number="0" type="jump" coverage="100%"/>
									</conditions>
								</line>
								<line number="70" hits="770" branch="true" condition-coverage="100% (2/2)">
									<conditions>
										<condition number="0" type="jump" coverage="100%"/>
									</conditions>
								</line>
								<line number="71" hits="700" branch="false"/>
								<line number="72" hits="700" branch="false"/>
								<line number="73" hits="700" branch="false"/>
								<line number="74" hits="700" branch="false"/>
								<line number="77" hits="7" branch="false"/>
							</lines>
						</method>
						<method name="agregarAlMapa" signature="(Lmodelo/armamento/Armamento;)V" line-rate="1.0" branch-rate="1.0">
							<lines>
								<line number="53" hits="13" branch="false"/>
								<line number="54" hits="13" branch="false"/>
								<line number="55" hits="13" branch="false"/>
								<line number="56" hits="13" branch="false"/>
								<line number="57" hits="13" branch="false"/>
								<line number="58" hits="13" branch="false"/>
							</lines>
						</method>
						<method name="agregarAlMapa" signature="(Lmodelo/articulo/Articulable;)V" line-rate="1.0" branch-rate="1.0">
							<lines>
								<line number="61" hits="2" branch="false"/>
								<line number="62" hits="2" branch="false"/>
								<line number="63" hits="2" branch="false"/>
								<line number="64" hits="2" branch="false"/>
								<line number="65" hits="2" branch="false"/>
							</lines>
						</method>
						<method name="agregarAlMapa" signature="(Lmodelo/obstaculos/Obstaculo;)V" line-rate="1.0" branch-rate="1.0">
							<lines>
								<line number="44" hits="22" branch="false"/>
								<line number="45" hits="22" branch="false"/>
								<line number="46" hits="22" branch="false"/>
								<line number="47" hits="22" branch="false"/>
								<line number="48" hits="22" branch="false"/>
								<line number="49" hits="22" branch="false"/>
							</lines>
						</method>
						<method name="agregarAlMapa" signature="(Lmodelo/personaje/Personaje;)V" line-rate="1.0" branch-rate="1.0">
							<lines>
								<line number="35" hits="30" branch="false"/>
								<line number="36" hits="30" branch="false"/>
								<line number="37" hits="30" branch="false"/>
								<line number="38" hits="29" branch="false"/>
								<line number="39" hits="29" branch="false"/>
								<line number="40" hits="29" branch="false"/>
							</lines>
						</method>
						<method name="agregarCasillero" signature="(Lmodelo/coordenadas/Coordenada;Lmodelo/casillero/Casillero;)V" line-rate="1.0" branch-rate="1.0">
							<lines>
								<line number="19" hits="66" branch="false"/>
								<line number="21" hits="66" branch="false"/>
							</lines>
						</method>
						<method name="obtenerCasillero" signature="(Lmodelo/coordenadas/Coordenada;)Lmodelo/casillero/Casillero;" line-rate="1.0" branch-rate="1.0">
							<lines>
								<line number="30" hits="222" branch="false"/>
							</lines>
						</method>
						<method name="obtenerPuntajeTotal" signature="()I" line-rate="1.0" branch-rate="1.0">
							<lines>
								<line number="79" hits="33" branch="false"/>
							</lines>
						</method>
						<method name="verificarCasillero" signature="(Lmodelo/casillero/Casillero;)V" line-rate="1.0" branch-rate="1.0">
							<lines>
								<line number="24" hits="65" branch="true" condition-coverage="100% (2/2)">
									<conditions>
										<condition number="0" type="jump" coverage="100%"/>
									</conditions>
								</line>
								<line number="25" hits="1" branch="false"/>
								<line number="27" hits="64" branch="false"/>
							</lines>
						</method>
					</methods>
					<lines>
						<line number="14" hits="16" branch="false"/>
						<line number="15" hits="16" branch="false"/>
						<line number="16" hits="15" branch="false"/>
						<line number="19" hits="66" branch="false"/>
						<line number="21" hits="66" branch="false"/>
						<line number="24" hits="65" branch="true" condition-coverage="100% (2/2)">
							<conditions>
								<condition number="0" type="jump" coverage="100%"/>
							</conditions>
						</line>
						<line number="25" hits="1" branch="false"/>
						<line number="27" hits="64" branch="false"/>
						<line number="30" hits="222" branch="false"/>
						<line number="35" hits="30" branch="false"/>
						<line number="36" hits="30" branch="false"/>
						<line number="37" hits="30" branch="false"/>
						<line number="38" hits="29" branch="false"/>
						<line number="39" hits="29" branch="false"/>
						<line number="40" hits="29" branch="false"/>
						<line number="44" hits="22" branch="false"/>
						<line number="45" hits="22" branch="false"/>
						<line number="46" hits="22" branch="false"/>
						<line number="47" hits="22" branch="false"/>
						<line number="48" hits="22" branch="false"/>
						<line number="49" hits="22" branch="false"/>
						<line number="53" hits="13" branch="false"/>
						<line number="54" hits="13" branch="false"/>
						<line number="55" hits="13" branch="false"/>
						<line number="56" hits="13" branch="false"/>
						<line number="57" hits="13" branch="false"/>
						<line number="58" hits="13" branch="false"/>
						<line number="61" hits="2" branch="false"/>
						<line number="62" hits="2" branch="false"/>
						<line number="63" hits="2" branch="false"/>
						<line number="64" hits="2" branch="false"/>
						<line number="65" hits="2" branch="false"/>
						<line number="69" hits="77" branch="true" condition-coverage="100% (2/2)">
							<conditions>
								<condition number="0" type="jump" coverage="100%"/>
							</conditions>
						</line>
						<line number="70" hits="770" branch="true" condition-coverage="100% (2/2)">
							<conditions>
								<condition number="0" type="jump" coverage="100%"/>
							</conditions>
						</line>
						<line number="71" hits="700" branch="false"/>
						<line number="72" hits="700" branch="false"/>
						<line number="73" hits="700" branch="false"/>
						<line number="74" hits="700" branch="false"/>
						<line number="77" hits="7" branch="false"/>
						<line number="79" hits="33" branch="false"/>
					</lines>
				</class>
				<class name="modelo.mapa.Tablero" filename="modelo/mapa/Tablero.java" line-rate="1.0" branch-rate="1.0" complexity="1.8571428571428572">
					<methods>
						<method name="&lt;init&gt;" signature="(I)V" line-rate="1.0" branch-rate="1.0">
							<lines>
								<line number="15" hits="22" branch="false"/>
								<line number="17" hits="22" branch="false"/>
								<line number="18" hits="20" branch="false"/>
								<line number="19" hits="20" branch="false"/>
								<line number="20" hits="20" branch="false"/>
								<line number="22" hits="20" branch="false"/>
							</lines>
						</method>
						<method name="cambiarCasillero" signature="(Lmodelo/coordenadas/Coordenada;Lmodelo/casillero/Casillero;)V" line-rate="1.0" branch-rate="1.0">
							<lines>
								<line number="33" hits="67" branch="false"/>
								<line number="34" hits="66" branch="false"/>
								<line number="35" hits="66" branch="false"/>
								<line number="37" hits="66" branch="false"/>
							</lines>
						</method>
						<method name="cargarMatriz" signature="([[Lmodelo/casillero/Casillero;I)V" line-rate="1.0" branch-rate="1.0">
							<lines>
								<line number="53" hits="118" branch="true" condition-coverage="100% (2/2)">
									<conditions>
										<condition number="0" type="jump" coverage="100%"/>
									</conditions>
								</line>
								<line number="54" hits="614" branch="true" condition-coverage="100% (2/2)">
									<conditions>
										<condition number="0" type="jump" coverage="100%"/>
									</conditions>
								</line>
								<line number="55" hits="516" branch="false"/>
								<line number="56" hits="516" branch="false"/>
								<line number="59" hits="20" branch="false"/>
							</lines>
						</method>
						<method name="obtenerCasillero" signature="(Lmodelo/coordenadas/Coordenada;)Lmodelo/casillero/Casillero;" line-rate="1.0" branch-rate="1.0">
							<lines>
								<line number="26" hits="924" branch="false"/>
								<line number="27" hits="921" branch="false"/>
								<line number="28" hits="920" branch="false"/>
							</lines>
						</method>
						<method name="obtenerTamanio" signature="()I" line-rate="1.0" branch-rate="1.0">
							<lines>
								<line number="62" hits="868" branch="false"/>
							</lines>
						</method>
						<method name="tamanioValido" signature="(I)V" line-rate="1.0" branch-rate="1.0">
							<lines>
								<line number="40" hits="2000" branch="true" condition-coverage="100% (2/2)">
									<conditions>
										<condition number="0" type="jump" coverage="100%"/>
									</conditions>
								</line>
								<line number="41" hits="2" branch="false"/>
								<line number="43" hits="1998" branch="false"/>
							</lines>
						</method>
						<method name="verificarTamanio" signature="(I)V" line-rate="1.0" branch-rate="1.0">
							<lines>
								<line number="46" hits="1978" branch="false"/>
								<line number="47" hits="1978" branch="true" condition-coverage="100% (2/2)">
									<conditions>
										<condition number="0" type="jump" coverage="100%"/>
									</conditions>
								</line>
								<line number="48" hits="5" branch="false"/>
								<line number="50" hits="1973" branch="false"/>
							</lines>
						</method>
					</methods>
					<lines>
						<line number="15" hits="22" branch="false"/>
						<line number="17" hits="22" branch="false"/>
						<line number="18" hits="20" branch="false"/>
						<line number="19" hits="20" branch="false"/>
						<line number="20" hits="20" branch="false"/>
						<line number="22" hits="20" branch="false"/>
						<line number="26" hits="924" branch="false"/>
						<line number="27" hits="921" branch="false"/>
						<line number="28" hits="920" branch="false"/>
						<line number="33" hits="67" branch="false"/>
						<line number="34" hits="66" branch="false"/>
						<line number="35" hits="66" branch="false"/>
						<line number="37" hits="66" branch="false"/>
						<line number="40" hits="2000" branch="true" condition-coverage="100% (2/2)">
							<conditions>
								<condition number="0" type="jump" coverage="100%"/>
							</conditions>
						</line>
						<line number="41" hits="2" branch="false"/>
						<line number="43" hits="1998" branch="false"/>
						<line number="46" hits="1978" branch="false"/>
						<line number="47" hits="1978" branch="true" condition-coverage="100% (2/2)">
							<conditions>
								<condition number="0" type="jump" coverage="100%"/>
							</conditions>
						</line>
						<line number="48" hits="5" branch="false"/>
						<line number="50" hits="1973" branch="false"/>
						<line number="53" hits="118" branch="true" condition-coverage="100% (2/2)">
							<conditions>
								<condition number="0" type="jump" coverage="100%"/>
							</conditions>
						</line>
						<line number="54" hits="614" branch="true" condition-coverage="100% (2/2)">
							<conditions>
								<condition number="0" type="jump" coverage="100%"/>
							</conditions>
						</line>
						<line number="55" hits="516" branch="false"/>
						<line number="56" hits="516" branch="false"/>
						<line number="59" hits="20" branch="false"/>
						<line number="62" hits="868" branch="false"/>
					</lines>
				</class>
			</classes>
		</package>
		<package name="modelo.obstaculos" line-rate="1.0" branch-rate="0.7" complexity="1.4">
			<classes>
				<class name="modelo.obstaculos.BloqueAcero" filename="modelo/obstaculos/BloqueAcero.java" line-rate="1.0" branch-rate="1.0" complexity="1.0">
					<methods>
						<method name="&lt;init&gt;" signature="(Lmodelo/coordenadas/Coordenada;)V" line-rate="1.0" branch-rate="1.0">
							<lines>
								<line number="9" hits="10" branch="false"/>
								<line number="10" hits="10" branch="false"/>
							</lines>
						</method>
					</methods>
					<lines>
						<line number="9" hits="10" branch="false"/>
						<line number="10" hits="10" branch="false"/>
					</lines>
				</class>
				<class name="modelo.obstaculos.BloqueCemento" filename="modelo/obstaculos/BloqueCemento.java" line-rate="1.0" branch-rate="1.0" complexity="1.0">
					<methods>
						<method name="&lt;init&gt;" signature="(Lmodelo/coordenadas/Coordenada;)V" line-rate="1.0" branch-rate="1.0">
							<lines>
								<line number="9" hits="4" branch="false"/>
								<line number="10" hits="4" branch="false"/>
							</lines>
						</method>
					</methods>
					<lines>
						<line number="9" hits="4" branch="false"/>
						<line number="10" hits="4" branch="false"/>
					</lines>
				</class>
				<class name="modelo.obstaculos.BloqueLadrillo" filename="modelo/obstaculos/BloqueLadrillo.java" line-rate="1.0" branch-rate="1.0" complexity="1.0">
					<methods>
						<method name="&lt;init&gt;" signature="(Lmodelo/coordenadas/Coordenada;)V" line-rate="1.0" branch-rate="1.0">
							<lines>
								<line number="9" hits="18" branch="false"/>
								<line number="10" hits="18" branch="false"/>
							</lines>
						</method>
					</methods>
					<lines>
						<line number="9" hits="18" branch="false"/>
						<line number="10" hits="18" branch="false"/>
					</lines>
				</class>
				<class name="modelo.obstaculos.Obstaculo" filename="modelo/obstaculos/Obstaculo.java" line-rate="1.0" branch-rate="0.7" complexity="1.5714285714285714">
					<methods>
						<method name="&lt;init&gt;" signature="(ILmodelo/coordenadas/Coordenada;)V" line-rate="1.0" branch-rate="1.0">
							<lines>
								<line number="14" hits="32" branch="false"/>
								<line number="15" hits="32" branch="false"/>
								<line number="16" hits="32" branch="false"/>
								<line number="17" hits="32" branch="false"/>
								<line number="18" hits="32" branch="false"/>
							</lines>
						</method>
						<method name="Daniar" signature="(I)V" line-rate="1.0" branch-rate="0.5">
							<lines>
								<line number="41" hits="10" branch="true" condition-coverage="50% (1/2)">
									<conditions>
										<condition number="0" type="jump" coverage="50%"/>
									</conditions>
								</line>
								<line number="43" hits="10" branch="false"/>
								<line number="47" hits="10" branch="false"/>
							</lines>
						</method>
						<method name="Destruido" signature="()Z" line-rate="1.0" branch-rate="1.0">
							<lines>
								<line number="32" hits="121" branch="true" condition-coverage="100% (2/2)">
									<conditions>
										<condition number="0" type="jump" coverage="100%"/>
									</conditions>
								</line>
							</lines>
						</method>
						<method name="QuitarVida" signature="(I)V" line-rate="1.0" branch-rate="0.75">
							<lines>
								<line number="25" hits="18" branch="true" condition-coverage="75% (3/4)">
									<conditions>
										<condition number="0" type="jump" coverage="100%"/>
										<condition number="1" type="jump" coverage="50%"/>
									</conditions>
								</line>
								<line number="27" hits="17" branch="false"/>
								<line number="29" hits="18" branch="false"/>
							</lines>
						</method>
						<method name="obtenerCoordenadaXY" signature="()Lmodelo/coordenadas/Coordenada;" line-rate="1.0" branch-rate="1.0">
							<lines>
								<line number="21" hits="15" branch="false"/>
							</lines>
						</method>
						<method name="obtenerPuntaje" signature="()I" line-rate="1.0" branch-rate="0.5">
							<lines>
								<line number="50" hits="5" branch="false"/>
								<line number="51" hits="5" branch="true" condition-coverage="50% (1/2)">
									<conditions>
										<condition number="0" type="jump" coverage="50%"/>
									</conditions>
								</line>
								<line number="52" hits="5" branch="false"/>
								<line number="54" hits="5" branch="false"/>
							</lines>
						</method>
						<method name="vidaRestante" signature="()I" line-rate="1.0" branch-rate="1.0">
							<lines>
								<line number="36" hits="11" branch="false"/>
							</lines>
						</method>
					</methods>
					<lines>
						<line number="14" hits="32" branch="false"/>
						<line number="15" hits="32" branch="false"/>
						<line number="16" hits="32" branch="false"/>
						<line number="17" hits="32" branch="false"/>
						<line number="18" hits="32" branch="false"/>
						<line number="21" hits="15" branch="false"/>
						<line number="25" hits="18" branch="true" condition-coverage="75% (3/4)">
							<conditions>
								<condition number="0" type="jump" coverage="100%"/>
								<condition number="1" type="jump" coverage="50%"/>
							</conditions>
						</line>
						<line number="27" hits="17" branch="false"/>
						<line number="29" hits="18" branch="false"/>
						<line number="32" hits="121" branch="true" condition-coverage="100% (2/2)">
							<conditions>
								<condition number="0" type="jump" coverage="100%"/>
							</conditions>
						</line>
						<line number="36" hits="11" branch="false"/>
						<line number="41" hits="10" branch="true" condition-coverage="50% (1/2)">
							<conditions>
								<condition number="0" type="jump" coverage="50%"/>
							</conditions>
						</line>
						<line number="43" hits="10" branch="false"/>
						<line number="47" hits="10" branch="false"/>
						<line number="50" hits="5" branch="false"/>
						<line number="51" hits="5" branch="true" condition-coverage="50% (1/2)">
							<conditions>
								<condition number="0" type="jump" coverage="50%"/>
							</conditions>
						</line>
						<line number="52" hits="5" branch="false"/>
						<line number="54" hits="5" branch="false"/>
					</lines>
				</class>
			</classes>
		</package>
		<package name="modelo.ondaexpansiva" line-rate="1.0" branch-rate="1.0" complexity="2.0">
			<classes>
				<class name="modelo.ondaexpansiva.OndaExpansiva" filename="modelo/ondaexpansiva/OndaExpansiva.java" line-rate="1.0" branch-rate="1.0" complexity="2.0">
					<methods>
						<method name="&lt;init&gt;" signature="(II)V" line-rate="1.0" branch-rate="1.0">
							<lines>
								<line number="16" hits="17" branch="false"/>
								<line number="17" hits="17" branch="false"/>
								<line number="18" hits="17" branch="false"/>
								<line number="19" hits="17" branch="false"/>
							</lines>
						</method>
						<method name="Expandirse" signature="(Lmodelo/coordenadas/Coordenada;Lmodelo/mapa/Mapa;)V" line-rate="1.0" branch-rate="1.0">
							<lines>
								<line number="22" hits="17" branch="false"/>
								<line number="23" hits="17" branch="false"/>
								<line number="24" hits="17" branch="false"/>
								<line number="25" hits="17" branch="false"/>
								<line number="27" hits="17" branch="false"/>
								<line number="28" hits="17" branch="false"/>
								<line number="29" hits="17" branch="false"/>
								<line number="30" hits="17" branch="false"/>
								<line number="31" hits="17" branch="false"/>
							</lines>
						</method>
						<method name="atacar" signature="(Lmodelo/casillero/Casillero;)V" line-rate="1.0" branch-rate="1.0">
							<lines>
								<line number="55" hits="28" branch="false"/>
								<line number="56" hits="28" branch="false"/>
								<line number="58" hits="28" branch="false"/>
							</lines>
						</method>
						<method name="atacarObstaculo" signature="(Lmodelo/casillero/Casillero;)V" line-rate="1.0" branch-rate="1.0">
							<lines>
								<line number="75" hits="28" branch="false"/>
								<line number="76" hits="28" branch="true" condition-coverage="100% (2/2)">
									<conditions>
										<condition number="0" type="jump" coverage="100%"/>
									</conditions>
								</line>
								<line number="78" hits="10" branch="false"/>
								<line number="79" hits="10" branch="false"/>
								<line number="82" hits="28" branch="false"/>
							</lines>
						</method>
						<method name="atacarPersonajes" signature="(Lmodelo/casillero/Casillero;)V" line-rate="1.0" branch-rate="1.0">
							<lines>
								<line number="62" hits="28" branch="false"/>
								<line number="63" hits="28" branch="false"/>
								<line number="64" hits="42" branch="true" condition-coverage="100% (2/2)">
									<conditions>
										<condition number="0" type="jump" coverage="100%"/>
									</conditions>
								</line>
								<line number="66" hits="14" branch="false"/>
								<line number="67" hits="14" branch="false"/>
								<line number="68" hits="14" branch="false"/>
								<line number="69" hits="14" branch="false"/>
								<line number="70" hits="14" branch="false"/>
								<line number="71" hits="28" branch="false"/>
							</lines>
						</method>
						<method name="expandirse" signature="(Lmodelo/coordenadas/Coordenada;Lmodelo/mapa/Mapa;Lmodelo/Translacion/Translacion;)V" line-rate="1.0" branch-rate="1.0">
							<lines>
								<line number="33" hits="68" branch="false"/>
[...]
							<lines>
								<line number="30" hits="36" branch="false"/>
								<line number="32" hits="36" branch="true" condition-coverage="100% (2/2)">
									<conditions>
										<condition number="0" type="jump" coverage="100%"/>
									</conditions>
								</line>
							</lines>
						</method>
						<method name="obtenerPuntaje" signature="()I" line-rate="0.0" branch-rate="0.0">
							<lines>
								<line number="64" hits="0" branch="false"/>
								<line number="65" hits="0" branch="true" condition-coverage="0% (0/2)">
									<conditions>
										<condition number="0" type="jump" coverage="0%"/>
									</conditions>
								</line>
								<line number="66" hits="0" branch="false"/>
								<line number="68" hits="0" branch="false"/>
							</lines>
						</method>
						<method name="obtenerTranslacion" signature="()Lmodelo/Translacion/Translacion;" line-rate="1.0" branch-rate="1.0">
							<lines>
								<line number="36" hits="36" branch="false"/>
								<line number="37" hits="36" branch="false"/>
								<line number="38" hits="36" branch="false"/>
							</lines>
						</method>
						<method name="tomarArticulo" signature="(Lmodelo/articulo/Articulable;)V" line-rate="1.0" branch-rate="1.0">
							<lines>
								<line number="74" hits="3" branch="false"/>
							</lines>
						</method>
					</methods>
					<lines>
						<line number="19" hits="44" branch="false"/>
						<line number="20" hits="44" branch="false"/>
						<line number="21" hits="44" branch="false"/>
						<line number="24" hits="36" branch="true" condition-coverage="100% (2/2)">
							<conditions>
								<condition number="0" type="jump" coverage="100%"/>
							</conditions>
						</line>
						<line number="25" hits="16" branch="false"/>
						<line number="27" hits="36" branch="false"/>
						<line number="30" hits="36" branch="false"/>
						<line number="32" hits="36" branch="true" condition-coverage="100% (2/2)">
							<conditions>
								<condition number="0" type="jump" coverage="100%"/>
							</conditions>
						</line>
						<line number="36" hits="36" branch="false"/>
						<line number="37" hits="36" branch="false"/>
						<line number="38" hits="36" branch="false"/>
						<line number="43" hits="14" branch="false"/>
						<line number="44" hits="14" branch="false"/>
						<line number="64" hits="0" branch="false"/>
						<line number="65" hits="0" branch="true" condition-coverage="0% (0/2)">
							<conditions>
								<condition number="0" type="jump" coverage="0%"/>
							</conditions>
						</line>
						<line number="66" hits="0" branch="false"/>
						<line number="68" hits="0" branch="false"/>
						<line number="74" hits="3" branch="false"/>
					</lines>
				</class>
				<class name="modelo.personaje.Personaje" filename="modelo/personaje/Personaje.java" line-rate="1.0" branch-rate="1.0" complexity="1.25">
					<methods>
						<method name="&lt;init&gt;" signature="(Lmodelo/coordenadas/Coordenada;)V" line-rate="1.0" branch-rate="1.0">
							<lines>
								<line number="22" hits="75" branch="false"/>
								<line number="23" hits="75" branch="false"/>
								<line number="24" hits="75" branch="false"/>
								<line number="25" hits="75" branch="false"/>
							</lines>
						</method>
						<method name="Daniar" signature="(I)V" line-rate="1.0" branch-rate="1.0">
							<lines>
								<line number="85" hits="18" branch="true" condition-coverage="100% (2/2)">
									<conditions>
										<condition number="0" type="jump" coverage="100%"/>
									</conditions>
								</line>
								<line number="86" hits="9" branch="false"/>
								<line number="89" hits="18" branch="false"/>
							</lines>
						</method>
						<method name="actualizar" signature="()V" line-rate="1.0" branch-rate="1.0">
							<lines>
								<line number="92" hits="39" branch="true" condition-coverage="100% (2/2)">
									<conditions>
										<condition number="0" type="jump" coverage="100%"/>
									</conditions>
								</line>
								<line number="93" hits="36" branch="false"/>
								<line number="94" hits="36" branch="false"/>
								<line number="96" hits="39" branch="false"/>
							</lines>
						</method>
						<method name="cambiarArmamento" signature="(Lmodelo/ArmamentoFactory/ArmamentoFactory;)V" line-rate="1.0" branch-rate="1.0">
							<lines>
								<line number="77" hits="3" branch="false"/>
								<line number="78" hits="3" branch="false"/>
							</lines>
						</method>
						<method name="cambiarCoordenadaXY" signature="(Lmodelo/coordenadas/Coordenada;)V" line-rate="1.0" branch-rate="1.0">
							<lines>
								<line number="40" hits="5" branch="false"/>
								<line number="41" hits="5" branch="false"/>
							</lines>
						</method>
						<method name="cambiarVelocidad" signature="(F)V" line-rate="1.0" branch-rate="1.0">
							<lines>
								<line number="69" hits="7" branch="false"/>
								<line number="70" hits="7" branch="false"/>
							</lines>
						</method>
						<method name="caminar" signature="()V" line-rate="1.0" branch-rate="1.0">
							<lines>
								<line number="100" hits="36" branch="false"/>
								<line number="101" hits="36" branch="false"/>
								<line number="103" hits="36" branch="false"/>
								<line number="104" hits="36" branch="false"/>
								<line number="105" hits="36" branch="true" condition-coverage="100% (2/2)">
									<conditions>
										<condition number="0" type="jump" coverage="100%"/>
									</conditions>
								</line>
								<line number="106" hits="29" branch="false"/>
								<line number="107" hits="29" branch="false"/>
								<line number="108" hits="29" branch="false"/>
								<line number="109" hits="29" branch="false"/>
								<line number="111" hits="36" branch="false"/>
							</lines>
						</method>
						<method name="estaMuerto" signature="()Z" line-rate="1.0" branch-rate="1.0">
							<lines>
								<line number="81" hits="94" branch="true" condition-coverage="100% (2/2)">
									<conditions>
										<condition number="0" type="jump" coverage="100%"/>
									</conditions>
								</line>
							</lines>
						</method>
						<method name="getMapa" signature="()Lmodelo/mapa/Mapa;" line-rate="1.0" branch-rate="1.0">
							<lines>
								<line number="53" hits="16" branch="false"/>
							</lines>
						</method>
						<method name="getVelocidad" signature="()F" line-rate="1.0" branch-rate="1.0">
							<lines>
								<line number="65" hits="14" branch="false"/>
							</lines>
						</method>
						<method name="obtenerCoordenadaXY" signature="()Lmodelo/coordenadas/Coordenada;" line-rate="1.0" branch-rate="1.0">
							<lines>
								<line number="36" hits="62" branch="false"/>
							</lines>
						</method>
						<method name="obtenerUltimaTranslacion" signature="()Lmodelo/Translacion/Translacion;" line-rate="1.0" branch-rate="1.0">
							<lines>
								<line number="44" hits="8" branch="false"/>
							</lines>
						</method>
						<method name="obtenerVida" signature="()I" line-rate="1.0" branch-rate="1.0">
							<lines>
								<line number="57" hits="18" branch="false"/>
							</lines>
						</method>
						<method name="restarVida" signature="(I)V" line-rate="1.0" branch-rate="1.0">
							<lines>
								<line number="61" hits="17" branch="false"/>
								<line number="62" hits="17" branch="false"/>
							</lines>
						</method>
						<method name="setMapa" signature="(Lmodelo/mapa/Mapa;)V" line-rate="1.0" branch-rate="1.0">
							<lines>
								<line number="48" hits="11" branch="false"/>
								<line number="49" hits="11" branch="false"/>
								<line number="50" hits="11" branch="false"/>
							</lines>
						</method>
						<method name="tirarArmamento" signature="()Lmodelo/ArmamentoFactory/ArmamentoFactory;" line-rate="1.0" branch-rate="1.0">
							<lines>
								<line number="73" hits="8" branch="false"/>
							</lines>
						</method>
					</methods>
					<lines>
						<line number="22" hits="75" branch="false"/>
						<line number="23" hits="75" branch="false"/>
						<line number="24" hits="75" branch="false"/>
						<line number="25" hits="75" branch="false"/>
						<line number="36" hits="62" branch="false"/>
						<line number="40" hits="5" branch="false"/>
						<line number="41" hits="5" branch="false"/>
						<line number="44" hits="8" branch="false"/>
						<line number="48" hits="11" branch="false"/>
						<line number="49" hits="11" branch="false"/>
						<line number="50" hits="11" branch="false"/>
						<line number="53" hits="16" branch="false"/>
						<line number="57" hits="18" branch="false"/>
						<line number="61" hits="17" branch="false"/>
						<line number="62" hits="17" branch="false"/>
						<line number="65" hits="14" branch="false"/>
						<line number="69" hits="7" branch="false"/>
						<line number="70" hits="7" branch="false"/>
						<line number="73" hits="8" branch="false"/>
						<line number="77" hits="3" branch="false"/>
						<line number="78" hits="3" branch="false"/>
						<line number="81" hits="94" branch="true" condition-coverage="100% (2/2)">
							<conditions>
								<condition number="0" type="jump" coverage="100%"/>
							</conditions>
						</line>
						<line number="85" hits="18" branch="true" condition-coverage="100% (2/2)">
							<conditions>
								<condition number="0" type="jump" coverage="100%"/>
							</conditions>
						</line>
						<line number="86" hits="9" branch="false"/>
						<line number="89" hits="18" branch="false"/>
						<line number="92" hits="39" branch="true" condition-coverage="100% (2/2)">
							<conditions>
								<condition number="0" type="jump" coverage="100%"/>
							</conditions>
						</line>
						<line number="93" hits="36" branch="false"/>
						<line number="94" hits="36" branch="false"/>
						<line number="96" hits="39" branch="false"/>
						<line number="100" hits="36" branch="false"/>
						<line number="101" hits="36" branch="false"/>
						<line number="103" hits="36" branch="false"/>
						<line number="104" hits="36" branch="false"/>
						<line number="105" hits="36" branch="true" condition-coverage="100% (2/2)">
							<conditions>
								<condition number="0" type="jump" coverage="100%"/>
							</conditions>
						</line>
						<line number="106" hits="29" branch="false"/>
						<line number="107" hits="29" branch="false"/>
						<line number="108" hits="29" branch="false"/>
						<line number="109" hits="29" branch="false"/>
						<line number="111" hits="36" branch="false"/>
					</lines>
				</class>
			</classes>
		</package>
		<package name="modelo.personaje.enemigos" line-rate="1.0" branch-rate="1.0" complexity="1.0">
			<classes>
				<class name="modelo.personaje.enemigos.Cecilio" filename="modelo/personaje/enemigos/Cecilio.java" line-rate="1.0" branch-rate="1.0" complexity="1.0">
					<methods>
						<method name="&lt;init&gt;" signature="(Lmodelo/coordenadas/Coordenada;)V" line-rate="1.0" branch-rate="1.0">
							<lines>
								<line number="11" hits="16" branch="false"/>
								<line number="12" hits="16" branch="false"/>
								<line number="13" hits="16" branch="false"/>
								<line number="14" hits="16" branch="false"/>
								<line number="15" hits="16" branch="false"/>
							</lines>
						</method>
					</methods>
					<lines>
						<line number="11" hits="16" branch="false"/>
						<line number="12" hits="16" branch="false"/>
						<line number="13" hits="16" branch="false"/>
						<line number="14" hits="16" branch="false"/>
						<line number="15" hits="16" branch="false"/>
					</lines>
				</class>
				<class name="modelo.personaje.enemigos.LopezAlado" filename="modelo/personaje/enemigos/LopezAlado.java" line-rate="1.0" branch-rate="1.0" complexity="1.0">
					<methods>
						<method name="&lt;init&gt;" signature="(Lmodelo/coordenadas/Coordenada;)V" line-rate="1.0" branch-rate="1.0">
							<lines>
								<line number="11" hits="13" branch="false"/>
								<line number="12" hits="13" branch="false"/>
								<line number="13" hits="13" branch="false"/>
								<line number="14" hits="13" branch="false"/>
								<line number="15" hits="13" branch="false"/>
							</lines>
						</method>
					</methods>
					<lines>
						<line number="11" hits="13" branch="false"/>
						<line number="12" hits="13" branch="false"/>
						<line number="13" hits="13" branch="false"/>
						<line number="14" hits="13" branch="false"/>
						<line number="15" hits="13" branch="false"/>
					</lines>
				</class>
				<class name="modelo.personaje.enemigos.LopezComun" filename="modelo/personaje/enemigos/LopezComun.java" line-rate="1.0" branch-rate="1.0" complexity="1.0">
					<methods>
						<method name="&lt;init&gt;" signature="(Lmodelo/coordenadas/Coordenada;)V" line-rate="1.0" branch-rate="1.0">
							<lines>
								<line number="11" hits="15" branch="false"/>
								<line number="12" hits="15" branch="false"/>
								<line number="13" hits="15" branch="false"/>
								<line number="14" hits="15" branch="false"/>
								<line number="15" hits="15" branch="false"/>
							</lines>
						</method>
					</methods>
					<lines>
						<line number="11" hits="15" branch="false"/>
						<line number="12" hits="15" branch="false"/>
						<line number="13" hits="15" branch="false"/>
						<line number="14" hits="15" branch="false"/>
						<line number="15" hits="15" branch="false"/>
					</lines>
				</class>
			</classes>
		</package>
		<package name="modelo.personaje.movimiento" line-rate="1.0" branch-rate="1.0" complexity="1.0">
			<classes>
				<class name="modelo.personaje.movimiento.Abajo" filename="modelo/personaje/movimiento/Abajo.java" line-rate="1.0" branch-rate="1.0" complexity="1.0">
					<methods>
						<method name="&lt;init&gt;" signature="()V" line-rate="1.0" branch-rate="1.0">
							<lines>
								<line number="7" hits="8" branch="false"/>
								<line number="8" hits="8" branch="false"/>
								<line number="9" hits="8" branch="false"/>
							</lines>
						</method>
					</methods>
					<lines>
						<line number="7" hits="8" branch="false"/>
						<line number="8" hits="8" branch="false"/>
						<line number="9" hits="8" branch="false"/>
					</lines>
				</class>
				<class name="modelo.personaje.movimiento.Arriba" filename="modelo/personaje/movimiento/Arriba.java" line-rate="1.0" branch-rate="1.0" complexity="1.0">
					<methods>
						<method name="&lt;init&gt;" signature="()V" line-rate="1.0" branch-rate="1.0">
							<lines>
								<line number="7" hits="8" branch="false"/>
								<line number="8" hits="8" branch="false"/>
								<line number="9" hits="8" branch="false"/>
							</lines>
						</method>
					</methods>
					<lines>
						<line number="7" hits="8" branch="false"/>
						<line number="8" hits="8" branch="false"/>
						<line number="9" hits="8" branch="false"/>
					</lines>
				</class>
				<class name="modelo.personaje.movimiento.Derecha" filename="modelo/personaje/movimiento/Derecha.java" line-rate="1.0" branch-rate="1.0" complexity="1.0">
					<methods>
						<method name="&lt;init&gt;" signature="()V" line-rate="1.0" branch-rate="1.0">
							<lines>
								<line number="7" hits="8" branch="false"/>
								<line number="8" hits="8" branch="false"/>
								<line number="9" hits="8" branch="false"/>
							</lines>
						</method>
					</methods>
					<lines>
						<line number="7" hits="8" branch="false"/>
						<line number="8" hits="8" branch="false"/>
						<line number="9" hits="8" branch="false"/>
					</lines>
				</class>
				<class name="modelo.personaje.movimiento.Izquierda" filename="modelo/personaje/movimiento/Izquierda.java" line-rate="1.0" branch-rate="1.0" complexity="1.0">
					<methods>
						<method name="&lt;init&gt;" signature="()V" line-rate="1.0" branch-rate="1.0">
							<lines>
								<line number="7" hits="8" branch="false"/>
								<line number="8" hits="8" branch="false"/>
								<line number="9" hits="8" branch="false"/>
							</lines>
						</method>
					</methods>
					<lines>
						<line number="7" hits="8" branch="false"/>
						<line number="8" hits="8" branch="false"/>
						<line number="9" hits="8" branch="false"/>
					</lines>
				</class>
				<class name="modelo.personaje.movimiento.Movimiento" filename="modelo/personaje/movimiento/Movimiento.java" line-rate="1.0" branch-rate="1.0" complexity="1.0">
					<methods>
						<method name="&lt;init&gt;" signature="()V" line-rate="1.0" branch-rate="1.0">
							<lines>
								<line number="14" hits="39" branch="false"/>
								<line number="16" hits="39" branch="false"/>
							</lines>
						</method>
						<method name="inicializarMovimientos" signature="()Ljava/util/LinkedList;" line-rate="1.0" branch-rate="1.0">
							<lines>
								<line number="31" hits="1" branch="false"/>
								<line number="32" hits="1" branch="false"/>
								<line number="33" hits="1" branch="false"/>
								<line number="34" hits="1" branch="false"/>
								<line number="35" hits="1" branch="false"/>
								<line number="36" hits="1" branch="false"/>
								<line number="37" hits="1" branch="false"/>
								<line number="38" hits="1" branch="false"/>
								<line number="39" hits="1" branch="false"/>
								<line number="40" hits="1" branch="false"/>
							</lines>
						</method>
						<method name="mover" signature="(Lmodelo/personaje/Personaje;)V" line-rate="1.0" branch-rate="1.0">
							<lines>
								<line number="25" hits="5" branch="false"/>
								<line number="26" hits="5" branch="false"/>
								<line number="27" hits="5" branch="false"/>
								<line number="28" hits="5" branch="false"/>
							</lines>
						</method>
						<method name="obtenerNumeroRandom" signature="()I" line-rate="1.0" branch-rate="1.0">
							<lines>
								<line number="20" hits="1" branch="false"/>
								<line number="21" hits="1" branch="false"/>
							</lines>
						</method>
					</methods>
					<lines>
						<line number="14" hits="39" branch="false"/>
						<line number="16" hits="39" branch="false"/>
						<line number="20" hits="1" branch="false"/>
						<line number="21" hits="1" branch="false"/>
						<line number="25" hits="5" branch="false"/>
						<line number="26" hits="5" branch="false"/>
						<line number="27" hits="5" branch="false"/>
						<line number="28" hits="5" branch="false"/>
						<line number="31" hits="1" branch="false"/>
						<line number="32" hits="1" branch="false"/>
						<line number="33" hits="1" branch="false"/>
						<line number="34" hits="1" branch="false"/>
						<line number="35" hits="1" branch="false"/>
						<line number="36" hits="1" branch="false"/>
						<line number="37" hits="1" branch="false"/>
						<line number="38" hits="1" branch="false"/>
						<line number="39" hits="1" branch="false"/>
						<line number="40" hits="1" branch="false"/>
					</lines>
				</class>
			</classes>
		</package>
		<package name="modelo.salida" line-rate="0.0" branch-rate="1.0" complexity="0.0">
			<classes>
				<class name="modelo.salida.Salida" filename="modelo/salida/Salida.java" line-rate="0.0" branch-rate="1.0" complexity="0.0">
					<methods>
						<method name="&lt;init&gt;" signature="()V" line-rate="0.0" branch-rate="1.0">
							<lines>
								<line number="3" hits="0" branch="false"/>
							</lines>
						</method>
					</methods>
					<lines>
						<line number="3" hits="0" branch="false"/>
					</lines>
				</class>
			</classes>
		</package>
	</packages>
</coverage>
