<?xml version="1.0"?>
<!DOCTYPE coverage SYSTEM "http://cobertura.sourceforge.net/xml/coverage-04.dtd">

<coverage line-rate="0.8918590522478737" branch-rate="0.8782894736842105" lines-covered="1468" lines-valid="1646" branches-covered="267" branches-valid="304" complexity="1.4800936768149884" version="1.9.4.1" timestamp="1341546313583">
	<sources>
		<source>C:/Users/Fedee/Desktop/proyectobomberman/BombitaTp2/src</source>
	</sources>
	<packages>
		<package name="control.Persistencia" line-rate="0.8901098901098901" branch-rate="0.9117647058823529" complexity="3.3333333333333335">
			<classes>
				<class name="control.Persistencia.Persistencia" filename="control/Persistencia/Persistencia.java" line-rate="0.8901098901098901" branch-rate="0.9117647058823529" complexity="3.3333333333333335">
					<methods>
						<method name="&lt;init&gt;" signature="()V" line-rate="1.0" branch-rate="1.0">
							<lines>
								<line number="28" hits="8" branch="false"/>
							</lines>
						</method>
						<method name="guardar" signature="(Ljava/lang/String;Lmodelo/mapa/Mapa;)V" line-rate="0.7777777777777778" branch-rate="1.0">
							<lines>
								<line number="33" hits="2" branch="false"/>
								<line number="34" hits="2" branch="false"/>
								<line number="37" hits="2" branch="false"/>
								<line number="38" hits="2" branch="false"/>
								<line number="39" hits="2" branch="false"/>
								<line number="40" hits="0" branch="false"/>
								<line number="42" hits="0" branch="false"/>
								<line number="43" hits="2" branch="false"/>
								<line number="44" hits="2" branch="false"/>
							</lines>
						</method>
						<method name="recuperar" signature="(Ljava/lang/String;)Lmodelo/mapa/Mapa;" line-rate="0.6666666666666666" branch-rate="1.0">
							<lines>
								<line number="47" hits="8" branch="false"/>
								<line number="50" hits="8" branch="false"/>
								<line number="51" hits="8" branch="false"/>
								<line number="52" hits="8" branch="false"/>
								<line number="53" hits="0" branch="false"/>
								<line number="54" hits="0" branch="false"/>
							</lines>
						</method>
						<method name="recuperar" signature="(Lorg/dom4j/Element;)Lmodelo/mapa/Mapa;" line-rate="1.0" branch-rate="1.0">
							<lines>
								<line number="59" hits="8" branch="false"/>
								<line number="61" hits="8" branch="false"/>
								<line number="62" hits="8" branch="false"/>
								<line number="63" hits="8" branch="false"/>
								<line number="64" hits="8" branch="false"/>
								<line number="65" hits="8" branch="false"/>
								<line number="67" hits="8" branch="false"/>
								<line number="68" hits="8" branch="false"/>
								<line number="69" hits="8" branch="false"/>
								<line number="70" hits="8" branch="false"/>
								<line number="71" hits="8" branch="false"/>
								<line number="73" hits="7" branch="false"/>
							</lines>
						</method>
						<method name="recuperarArmamentos" signature="(Lorg/dom4j/Element;Lmodelo/mapa/Mapa;)V" line-rate="0.8571428571428571" branch-rate="0.875">
							<lines>
								<line number="122" hits="8" branch="false"/>
								<line number="123" hits="12" branch="true" condition-coverage="100% (2/2)">
									<conditions>
										<condition number="0" type="jump" coverage="100%"/>
									</conditions>
								</line>
								<line number="124" hits="4" branch="false"/>
								<line number="125" hits="4" branch="true" condition-coverage="100% (2/2)">
									<conditions>
										<condition number="0" type="jump" coverage="100%"/>
									</conditions>
								</line>
								<line number="126" hits="1" branch="false"/>
								<line number="127" hits="1" branch="false"/>
								<line number="129" hits="4" branch="true" condition-coverage="50% (1/2)">
									<conditions>
										<condition number="0" type="jump" coverage="50%"/>
									</conditions>
								</line>
								<line number="130" hits="0" branch="false"/>
								<line number="131" hits="0" branch="false"/>
								<line number="133" hits="4" branch="true" condition-coverage="100% (2/2)">
									<conditions>
										<condition number="0" type="jump" coverage="100%"/>
									</conditions>
								</line>
								<line number="134" hits="3" branch="false"/>
								<line number="135" hits="3" branch="false"/>
								<line number="138" hits="4" branch="false"/>
								<line number="139" hits="8" branch="false"/>
							</lines>
						</method>
						<method name="recuperarArticulos" signature="(Lorg/dom4j/Element;Lmodelo/mapa/Mapa;)V" line-rate="1.0" branch-rate="1.0">
							<lines>
								<line number="142" hits="8" branch="false"/>
								<line number="143" hits="30" branch="true" condition-coverage="100% (2/2)">
									<conditions>
										<condition number="0" type="jump" coverage="100%"/>
									</conditions>
								</line>
								<line number="144" hits="22" branch="false"/>
								<line number="145" hits="22" branch="true" condition-coverage="100% (2/2)">
									<conditions>
										<condition number="0" type="jump" coverage="100%"/>
									</conditions>
								</line>
								<line number="146" hits="7" branch="false"/>
								<line number="147" hits="7" branch="false"/>
								<line number="149" hits="22" branch="true" condition-coverage="100% (2/2)">
									<conditions>
										<condition number="0" type="jump" coverage="100%"/>
									</conditions>
								</line>
								<line number="150" hits="8" branch="false"/>
								<line number="151" hits="8" branch="false"/>
								<line number="153" hits="22" branch="true" condition-coverage="100% (2/2)">
									<conditions>
										<condition number="0" type="jump" coverage="100%"/>
									</conditions>
								</line>
								<line number="154" hits="7" branch="false"/>
								<line number="155" hits="7" branch="false"/>
								<line number="157" hits="22" branch="false"/>
								<line number="158" hits="8" branch="false"/>
							</lines>
						</method>
						<method name="recuperarBombita" signature="()Lmodelo/personaje/Bombita;" line-rate="1.0" branch-rate="1.0">
							<lines>
								<line number="168" hits="7" branch="false"/>
							</lines>
						</method>
						<method name="recuperarObstaculos" signature="(Lorg/dom4j/Element;Lmodelo/mapa/Mapa;)V" line-rate="0.8571428571428571" branch-rate="0.875">
							<lines>
								<line number="103" hits="8" branch="false"/>
								<line number="104" hits="211" branch="true" condition-coverage="100% (2/2)">
									<conditions>
										<condition number="0" type="jump" coverage="100%"/>
									</conditions>
								</line>
								<line number="105" hits="203" branch="false"/>
								<line number="106" hits="203" branch="true" condition-coverage="50% (1/2)">
									<conditions>
										<condition number="0" type="jump" coverage="50%"/>
									</conditions>
								</line>
								<line number="107" hits="0" branch="false"/>
								<line number="108" hits="0" branch="false"/>
								<line number="110" hits="203" branch="true" condition-coverage="100% (2/2)">
									<conditions>
										<condition number="0" type="jump" coverage="100%"/>
									</conditions>
								</line>
								<line number="111" hits="158" branch="false"/>
								<line number="112" hits="158" branch="false"/>
								<line number="114" hits="203" branch="true" condition-coverage="100% (2/2)">
									<conditions>
										<condition number="0" type="jump" coverage="100%"/>
									</conditions>
								</line>
								<line number="115" hits="45" branch="false"/>
								<line number="116" hits="45" branch="false"/>
								<line number="118" hits="203" branch="false"/>
								<line number="119" hits="8" branch="false"/>
							</lines>
						</method>
						<method name="recuperarPersonajes" signature="(Lorg/dom4j/Element;Lmodelo/mapa/Mapa;)V" line-rate="0.8823529411764706" branch-rate="0.9">
							<lines>
								<line number="79" hits="8" branch="false"/>
								<line number="80" hits="55" branch="true" condition-coverage="100% (2/2)">
									<conditions>
										<condition number="0" type="jump" coverage="100%"/>
									</conditions>
								</line>
								<line number="81" hits="47" branch="false"/>
								<line number="82" hits="47" branch="true" condition-coverage="100% (2/2)">
									<conditions>
										<condition number="0" type="jump" coverage="100%"/>
									</conditions>
								</line>
								<line number="83" hits="23" branch="false"/>
								<line number="84" hits="23" branch="false"/>
								<line number="86" hits="47" branch="true" condition-coverage="50% (1/2)">
									<conditions>
										<condition number="0" type="jump" coverage="50%"/>
									</conditions>
								</line>
								<line number="87" hits="0" branch="false"/>
								<line number="88" hits="0" branch="false"/>
								<line number="90" hits="47" branch="true" condition-coverage="100% (2/2)">
									<conditions>
										<condition number="0" type="jump" coverage="100%"/>
									</conditions>
								</line>
								<line number="91" hits="16" branch="false"/>
								<line number="92" hits="16" branch="false"/>
								<line number="94" hits="47" branch="true" condition-coverage="100% (2/2)">
									<conditions>
										<condition number="0" type="jump" coverage="100%"/>
									</conditions>
								</line>
								<line number="95" hits="8" branch="false"/>
								<line number="96" hits="8" branch="false"/>
								<line number="98" hits="47" branch="false"/>
								<line number="99" hits="8" branch="false"/>
							</lines>
						</method>
						<method name="recuperarSalida" signature="(Lorg/dom4j/Element;Lmodelo/mapa/Mapa;)V" line-rate="1.0" branch-rate="1.0">
							<lines>
								<line number="162" hits="8" branch="false"/>
								<line number="163" hits="7" branch="false"/>
								<line number="165" hits="7" branch="false"/>
							</lines>
						</method>
					</methods>
					<lines>
						<line number="28" hits="8" branch="false"/>
						<line number="33" hits="2" branch="false"/>
						<line number="34" hits="2" branch="false"/>
						<line number="37" hits="2" branch="false"/>
						<line number="38" hits="2" branch="false"/>
						<line number="39" hits="2" branch="false"/>
						<line number="40" hits="0" branch="false"/>
						<line number="42" hits="0" branch="false"/>
						<line number="43" hits="2" branch="false"/>
						<line number="44" hits="2" branch="false"/>
						<line number="47" hits="8" branch="false"/>
						<line number="50" hits="8" branch="false"/>
						<line number="51" hits="8" branch="false"/>
						<line number="52" hits="8" branch="false"/>
						<line number="53" hits="0" branch="false"/>
						<line number="54" hits="0" branch="false"/>
						<line number="59" hits="8" branch="false"/>
						<line number="61" hits="8" branch="false"/>
						<line number="62" hits="8" branch="false"/>
						<line number="63" hits="8" branch="false"/>
						<line number="64" hits="8" branch="false"/>
						<line number="65" hits="8" branch="false"/>
						<line number="67" hits="8" branch="false"/>
						<line number="68" hits="8" branch="false"/>
						<line number="69" hits="8" branch="false"/>
						<line number="70" hits="8" branch="false"/>
						<line number="71" hits="8" branch="false"/>
						<line number="73" hits="7" branch="false"/>
						<line number="79" hits="8" branch="false"/>
						<line number="80" hits="55" branch="true" condition-coverage="100% (2/2)">
							<conditions>
								<condition number="0" type="jump" coverage="100%"/>
							</conditions>
						</line>
						<line number="81" hits="47" branch="false"/>
						<line number="82" hits="47" branch="true" condition-coverage="100% (2/2)">
							<conditions>
								<condition number="0" type="jump" coverage="100%"/>
							</conditions>
						</line>
						<line number="83" hits="23" branch="false"/>
						<line number="84" hits="23" branch="false"/>
						<line number="86" hits="47" branch="true" condition-coverage="50% (1/2)">
							<conditions>
								<condition number="0" type="jump" coverage="50%"/>
							</conditions>
						</line>
						<line number="87" hits="0" branch="false"/>
						<line number="88" hits="0" branch="false"/>
						<line number="90" hits="47" branch="true" condition-coverage="100% (2/2)">
							<conditions>
								<condition number="0" type="jump" coverage="100%"/>
							</conditions>
						</line>
						<line number="91" hits="16" branch="false"/>
						<line number="92" hits="16" branch="false"/>
						<line number="94" hits="47" branch="true" condition-coverage="100% (2/2)">
							<conditions>
								<condition number="0" type="jump" coverage="100%"/>
							</conditions>
						</line>
						<line number="95" hits="8" branch="false"/>
						<line number="96" hits="8" branch="false"/>
						<line number="98" hits="47" branch="false"/>
						<line number="99" hits="8" branch="false"/>
						<line number="103" hits="8" branch="false"/>
						<line number="104" hits="211" branch="true" condition-coverage="100% (2/2)">
							<conditions>
								<condition number="0" type="jump" coverage="100%"/>
							</conditions>
						</line>
						<line number="105" hits="203" branch="false"/>
						<line number="106" hits="203" branch="true" condition-coverage="50% (1/2)">
							<conditions>
								<condition number="0" type="jump" coverage="50%"/>
							</conditions>
						</line>
						<line number="107" hits="0" branch="false"/>
						<line number="108" hits="0" branch="false"/>
						<line number="110" hits="203" branch="true" condition-coverage="100% (2/2)">
							<conditions>
								<condition number="0" type="jump" coverage="100%"/>
							</conditions>
						</line>
						<line number="111" hits="158" branch="false"/>
						<line number="112" hits="158" branch="false"/>
						<line number="114" hits="203" branch="true" condition-coverage="100% (2/2)">
							<conditions>
								<condition number="0" type="jump" coverage="100%"/>
							</conditions>
						</line>
						<line number="115" hits="45" branch="false"/>
						<line number="116" hits="45" branch="false"/>
						<line number="118" hits="203" branch="false"/>
						<line number="119" hits="8" branch="false"/>
						<line number="122" hits="8" branch="false"/>
						<line number="123" hits="12" branch="true" condition-coverage="100% (2/2)">
							<conditions>
								<condition number="0" type="jump" coverage="100%"/>
							</conditions>
						</line>
						<line number="124" hits="4" branch="false"/>
						<line number="125" hits="4" branch="true" condition-coverage="100% (2/2)">
							<conditions>
								<condition number="0" type="jump" coverage="100%"/>
							</conditions>
						</line>
						<line number="126" hits="1" branch="false"/>
						<line number="127" hits="1" branch="false"/>
						<line number="129" hits="4" branch="true" condition-coverage="50% (1/2)">
							<conditions>
								<condition number="0" type="jump" coverage="50%"/>
							</conditions>
						</line>
						<line number="130" hits="0" branch="false"/>
						<line number="131" hits="0" branch="false"/>
						<line number="133" hits="4" branch="true" condition-coverage="100% (2/2)">
							<conditions>
								<condition number="0" type="jump" coverage="100%"/>
							</conditions>
						</line>
						<line number="134" hits="3" branch="false"/>
						<line number="135" hits="3" branch="false"/>
						<line number="138" hits="4" branch="false"/>
						<line number="139" hits="8" branch="false"/>
						<line number="142" hits="8" branch="false"/>
						<line number="143" hits="30" branch="true" condition-coverage="100% (2/2)">
							<conditions>
								<condition number="0" type="jump" coverage="100%"/>
							</conditions>
						</line>
						<line number="144" hits="22" branch="false"/>
						<line number="145" hits="22" branch="true" condition-coverage="100% (2/2)">
							<conditions>
								<condition number="0" type="jump" coverage="100%"/>
							</conditions>
						</line>
						<line number="146" hits="7" branch="false"/>
						<line number="147" hits="7" branch="false"/>
						<line number="149" hits="22" branch="true" condition-coverage="100% (2/2)">
							<conditions>
								<condition number="0" type="jump" coverage="100%"/>
							</conditions>
						</line>
						<line number="150" hits="8" branch="false"/>
						<line number="151" hits="8" branch="false"/>
						<line number="153" hits="22" branch="true" condition-coverage="100% (2/2)">
							<conditions>
								<condition number="0" type="jump" coverage="100%"/>
							</conditions>
						</line>
						<line number="154" hits="7" branch="false"/>
						<line number="155" hits="7" branch="false"/>
						<line number="157" hits="22" branch="false"/>
						<line number="158" hits="8" branch="false"/>
						<line number="162" hits="8" branch="false"/>
						<line number="163" hits="7" branch="false"/>
						<line number="165" hits="7" branch="false"/>
						<line number="168" hits="7" branch="false"/>
					</lines>
				</class>
			</classes>
		</package>
		<package name="control.Teclado" line-rate="0.782608695652174" branch-rate="1.0" complexity="1.8333333333333333">
			<classes>
				<class name="control.Teclado.Teclado" filename="control/Teclado/Teclado.java" line-rate="0.782608695652174" branch-rate="1.0" complexity="1.8333333333333333">
					<methods>
						<method name="&lt;init&gt;" signature="(Lmodelo/personaje/Bombita;)V" line-rate="1.0" branch-rate="1.0">
							<lines>
								<line number="17" hits="13" branch="false"/>
								<line number="21" hits="13" branch="false"/>
								<line number="22" hits="13" branch="false"/>
								<line number="23" hits="13" branch="false"/>
							</lines>
						</method>
						<method name="isFocusable" signature="()Z" line-rate="0.0" branch-rate="1.0">
							<lines>
								<line number="68" hits="0" branch="false"/>
							</lines>
						</method>
						<method name="keyPressed" signature="(Ljava/awt/event/KeyEvent;)V" line-rate="1.0" branch-rate="1.0">
							<lines>
								<line number="28" hits="5" branch="false"/>
								<line number="29" hits="5" branch="true" condition-coverage="100% (6/6)">
									<conditions>
										<condition number="0" type="switch" coverage="100%"/>
									</conditions>
								</line>
								<line number="31" hits="1" branch="false"/>
								<line number="32" hits="1" branch="false"/>
								<line number="35" hits="1" branch="false"/>
								<line number="36" hits="1" branch="false"/>
								<line number="39" hits="1" branch="false"/>
								<line number="40" hits="1" branch="false"/>
								<line number="43" hits="1" branch="false"/>
								<line number="44" hits="1" branch="false"/>
								<line number="47" hits="1" branch="false"/>
								<line number="48" hits="1" branch="false"/>
								<line number="49" hits="1" branch="false"/>
								<line number="54" hits="5" branch="false"/>
							</lines>
						</method>
						<method name="keyReleased" signature="(Ljava/awt/event/KeyEvent;)V" line-rate="0.0" branch-rate="1.0">
							<lines>
								<line number="59" hits="0" branch="false"/>
							</lines>
						</method>
						<method name="keyTyped" signature="(Ljava/awt/event/KeyEvent;)V" line-rate="0.0" branch-rate="1.0">
							<lines>
								<line number="64" hits="0" branch="false"/>
							</lines>
						</method>
						<method name="set" signature="(Lmodelo/personaje/Bombita;)V" line-rate="0.0" branch-rate="1.0">
							<lines>
								<line number="73" hits="0" branch="false"/>
								<line number="74" hits="0" branch="false"/>
							</lines>
						</method>
					</methods>
					<lines>
						<line number="17" hits="13" branch="false"/>
						<line number="21" hits="13" branch="false"/>
						<line number="22" hits="13" branch="false"/>
						<line number="23" hits="13" branch="false"/>
						<line number="28" hits="5" branch="false"/>
						<line number="29" hits="5" branch="true" condition-coverage="100% (6/6)">
							<conditions>
								<condition number="0" type="switch" coverage="100%"/>
							</conditions>
						</line>
						<line number="31" hits="1" branch="false"/>
						<line number="32" hits="1" branch="false"/>
						<line number="35" hits="1" branch="false"/>
						<line number="36" hits="1" branch="false"/>
						<line number="39" hits="1" branch="false"/>
						<line number="40" hits="1" branch="false"/>
						<line number="43" hits="1" branch="false"/>
						<line number="44" hits="1" branch="false"/>
						<line number="47" hits="1" branch="false"/>
						<line number="48" hits="1" branch="false"/>
						<line number="49" hits="1" branch="false"/>
						<line number="54" hits="5" branch="false"/>
						<line number="59" hits="0" branch="false"/>
						<line number="64" hits="0" branch="false"/>
						<line number="68" hits="0" branch="false"/>
						<line number="73" hits="0" branch="false"/>
						<line number="74" hits="0" branch="false"/>
					</lines>
				</class>
			</classes>
		</package>
		<package name="main" line-rate="0.6976744186046512" branch-rate="0.2222222222222222" complexity="1.4">
			<classes>
				<class name="main.BarraEstado" filename="main/BarraEstado.java" line-rate="0.9777777777777777" branch-rate="1.0" complexity="1.2">
					<methods>
						<method name="&lt;init&gt;" signature="(Ljava/awt/Container;Lmain/ControlJuego;)V" line-rate="1.0" branch-rate="1.0">
							<lines>
								<line number="15" hits="3" branch="false"/>
								<line number="16" hits="3" branch="false"/>
								<line number="17" hits="3" branch="false"/>
								<line number="18" hits="3" branch="false"/>
								<line number="19" hits="2" branch="false"/>
								<line number="20" hits="2" branch="false"/>
								<line number="21" hits="2" branch="false"/>
							</lines>
						</method>
						<method name="actualizarBarraEstado" signature="()V" line-rate="1.0" branch-rate="1.0">
							<lines>
								<line number="58" hits="568773" branch="false"/>
								<line number="59" hits="570167" branch="false"/>
								<line number="60" hits="570349" branch="false"/>
								<line number="61" hits="568908" branch="false"/>
								<line number="62" hits="570165" branch="false"/>
							</lines>
						</method>
						<method name="inicializarBarraEstado" signature="()V" line-rate="1.0" branch-rate="1.0">
							<lines>
								<line number="24" hits="3" branch="false"/>
								<line number="25" hits="3" branch="false"/>
								<line number="26" hits="3" branch="false"/>
								<line number="27" hits="3" branch="false"/>
								<line number="28" hits="3" branch="false"/>
								<line number="29" hits="3" branch="false"/>
								<line number="30" hits="2" branch="false"/>
								<line number="31" hits="2" branch="false"/>
								<line number="32" hits="2" branch="false"/>
								<line number="33" hits="2" branch="false"/>
								<line number="34" hits="2" branch="false"/>
								<line number="35" hits="2" branch="false"/>
								<line number="36" hits="2" branch="false"/>
								<line number="37" hits="2" branch="false"/>
								<line number="38" hits="2" branch="false"/>
								<line number="39" hits="2" branch="false"/>
								<line number="40" hits="2" branch="false"/>
								<line number="41" hits="2" branch="false"/>
								<line number="42" hits="2" branch="false"/>
								<line number="43" hits="2" branch="false"/>
								<line number="44" hits="2" branch="false"/>
								<line number="45" hits="2" branch="false"/>
								<line number="46" hits="2" branch="false"/>
								<line number="48" hits="2" branch="false"/>
								<line number="49" hits="2" branch="false"/>
								<line number="50" hits="2" branch="false"/>
								<line number="51" hits="2" branch="false"/>
								<line number="52" hits="2" branch="false"/>
								<line number="53" hits="2" branch="false"/>
								<line number="54" hits="2" branch="false"/>
								<line number="55" hits="2" branch="false"/>
							</lines>
						</method>
						<method name="obtenerBarra" signature="()Lmain/BarraEstado;" line-rate="0.0" branch-rate="1.0">
							<lines>
								<line number="71" hits="0" branch="false"/>
							</lines>
						</method>
						<method name="run" signature="()V" line-rate="1.0" branch-rate="1.0">
							<lines>
								<line number="66" hits="568773" branch="false"/>
							</lines>
						</method>
					</methods>
					<lines>
						<line number="15" hits="3" branch="false"/>
						<line number="16" hits="3" branch="false"/>
						<line number="17" hits="3" branch="false"/>
						<line number="18" hits="3" branch="false"/>
						<line number="19" hits="2" branch="false"/>
						<line number="20" hits="2" branch="false"/>
						<line number="21" hits="2" branch="false"/>
						<line number="24" hits="3" branch="false"/>
						<line number="25" hits="3" branch="false"/>
						<line number="26" hits="3" branch="false"/>
						<line number="27" hits="3" branch="false"/>
						<line number="28" hits="3" branch="false"/>
						<line number="29" hits="3" branch="false"/>
						<line number="30" hits="2" branch="false"/>
						<line number="31" hits="2" branch="false"/>
						<line number="32" hits="2" branch="false"/>
						<line number="33" hits="2" branch="false"/>
						<line number="34" hits="2" branch="false"/>
						<line number="35" hits="2" branch="false"/>
						<line number="36" hits="2" branch="false"/>
						<line number="37" hits="2" branch="false"/>
						<line number="38" hits="2" branch="false"/>
						<line number="39" hits="2" branch="false"/>
						<line number="40" hits="2" branch="false"/>
						<line number="41" hits="2" branch="false"/>
						<line number="42" hits="2" branch="false"/>
						<line number="43" hits="2" branch="false"/>
						<line number="44" hits="2" branch="false"/>
						<line number="45" hits="2" branch="false"/>
						<line number="46" hits="2" branch="false"/>
						<line number="48" hits="2" branch="false"/>
						<line number="49" hits="2" branch="false"/>
						<line number="50" hits="2" branch="false"/>
						<line number="51" hits="2" branch="false"/>
						<line number="52" hits="2" branch="false"/>
						<line number="53" hits="2" branch="false"/>
						<line number="54" hits="2" branch="false"/>
						<line number="55" hits="2" branch="false"/>
						<line number="58" hits="568773" branch="false"/>
						<line number="59" hits="570167" branch="false"/>
						<line number="60" hits="570349" branch="false"/>
						<line number="61" hits="568908" branch="false"/>
						<line number="62" hits="570165" branch="false"/>
						<line number="66" hits="568773" branch="false"/>
						<line number="71" hits="0" branch="false"/>
					</lines>
				</class>
				<class name="main.ControlJuego" filename="main/ControlJuego.java" line-rate="0.5157894736842106" branch-rate="0.25" complexity="1.5">
					<methods>
						<method name="&lt;init&gt;" signature="(Ljavax/swing/JPanel;Ljavax/swing/JFrame;)V" line-rate="0.9130434782608695" branch-rate="1.0">
							<lines>
								<line number="18" hits="6" branch="false"/>
								<line number="23" hits="6" branch="false"/>
								<line number="25" hits="6" branch="false"/>
								<line number="27" hits="6" branch="false"/>
								<line number="28" hits="6" branch="false"/>
								<line number="29" hits="6" branch="false"/>
								<line number="30" hits="6" branch="false"/>
								<line number="34" hits="6" branch="false"/>
								<line number="35" hits="6" branch="false"/>
								<line number="36" hits="6" branch="false"/>
								<line number="37" hits="6" branch="false"/>
								<line number="38" hits="6" branch="false"/>
								<line number="39" hits="6" branch="false"/>
								<line number="40" hits="6" branch="false"/>
								<line number="41" hits="6" branch="false"/>
								<line number="42" hits="6" branch="false"/>
								<line number="43" hits="6" branch="false"/>
								<line number="44" hits="6" branch="false"/>
								<line number="45" hits="6" branch="false"/>
								<line number="46" hits="0" branch="false"/>
								<line number="47" hits="0" branch="false"/>
								<line number="48" hits="6" branch="false"/>
								<line number="49" hits="6" branch="false"/>
							</lines>
						</method>
						<method name="CargarJuego" signature="()V" line-rate="0.8" branch-rate="1.0">
							<lines>
								<line number="64" hits="1" branch="false"/>
								<line number="65" hits="1" branch="false"/>
								<line number="66" hits="1" branch="false"/>
								<line number="67" hits="0" branch="false"/>
								<line number="68" hits="1" branch="false"/>
							</lines>
						</method>
						<method name="DetenerJuego" signature="()V" line-rate="1.0" branch-rate="1.0">
							<lines>
								<line number="58" hits="2" branch="false"/>
								<line number="59" hits="2" branch="false"/>
							</lines>
						</method>
						<method name="GuardarJuego" signature="()V" line-rate="1.0" branch-rate="1.0">
							<lines>
								<line number="71" hits="1" branch="false"/>
								<line number="72" hits="1" branch="false"/>
							</lines>
						</method>
						<method name="IniciarJuego" signature="()V" line-rate="1.0" branch-rate="1.0">
							<lines>
								<line number="53" hits="2" branch="false"/>
								<line number="55" hits="2" branch="false"/>
							</lines>
						</method>
						<method name="ataqueDeBombita" signature="()V" line-rate="1.0" branch-rate="1.0">
							<lines>
								<line number="91" hits="2" branch="false"/>
								<line number="92" hits="2" branch="false"/>
							</lines>
						</method>
						<method name="cargarMapaEnXml" signature="(Ljava/lang/String;)V" line-rate="0.25" branch-rate="1.0">
							<lines>
								<line number="192" hits="1" branch="false"/>
								<line number="193" hits="1" branch="false"/>
								<line number="194" hits="0" branch="false"/>
								<line number="195" hits="0" branch="false"/>
								<line number="196" hits="0" branch="false"/>
								<line number="197" hits="0" branch="false"/>
								<line number="198" hits="0" branch="false"/>
								<line number="199" hits="0" branch="false"/>
							</lines>
						</method>
						<method name="gameOver" signature="()V" line-rate="0.0" branch-rate="0.0">
							<lines>
								<line number="120" hits="0" branch="false"/>
								<line number="124" hits="0" branch="true" condition-coverage="0% (0/2)">
									<conditions>
										<condition number="0" type="jump" coverage="0%"/>
									</conditions>
								</line>
								<line number="125" hits="0" branch="false"/>
								<line number="126" hits="0" branch="false"/>
								<line number="127" hits="0" branch="false"/>
								<line number="129" hits="0" branch="false"/>
								<line number="130" hits="0" branch="false"/>
							</lines>
						</method>
						<method name="getBombita" signature="()Lmodelo/personaje/Bombita;" line-rate="1.0" branch-rate="1.0">
							<lines>
								<line number="107" hits="1137551" branch="false"/>
							</lines>
						</method>
						<method name="getMapa" signature="()Lmodelo/mapa/Mapa;" line-rate="1.0" branch-rate="1.0">
							<lines>
								<line number="111" hits="570169" branch="false"/>
							</lines>
						</method>
						<method name="getNivel" signature="()I" line-rate="1.0" branch-rate="1.0">
							<lines>
								<line number="115" hits="568771" branch="false"/>
							</lines>
						</method>
						<method name="juegoGanado" signature="()V" line-rate="0.0" branch-rate="0.0">
							<lines>
								<line number="147" hits="0" branch="false"/>
								<line number="151" hits="0" branch="true" condition-coverage="0% (0/2)">
									<conditions>
										<condition number="0" type="jump" coverage="0%"/>
									</conditions>
								</line>
								<line number="152" hits="0" branch="false"/>
								<line number="153" hits="0" branch="false"/>
								<line number="154" hits="0" branch="false"/>
								<line number="156" hits="0" branch="false"/>
								<line number="157" hits="0" branch="false"/>
							</lines>
						</method>
						<method name="moverBombitaAbajo" signature="()V" line-rate="1.0" branch-rate="1.0">
							<lines>
								<line number="79" hits="1" branch="false"/>
								<line number="80" hits="1" branch="false"/>
							</lines>
						</method>
						<method name="moverBombitaArriba" signature="()V" line-rate="1.0" branch-rate="1.0">
							<lines>
								<line number="75" hits="1" branch="false"/>
								<line number="76" hits="1" branch="false"/>
							</lines>
						</method>
						<method name="moverBombitaDerecha" signature="()V" line-rate="1.0" branch-rate="1.0">
							<lines>
								<line number="83" hits="1" branch="false"/>
								<line number="84" hits="1" branch="false"/>
							</lines>
						</method>
						<method name="moverBombitaIzquierda" signature="()V" line-rate="1.0" branch-rate="1.0">
							<lines>
								<line number="87" hits="1" branch="false"/>
								<line number="88" hits="1" branch="false"/>
							</lines>
						</method>
						<method name="obtenerPuntajeArea" signature="()I" line-rate="0.0" branch-rate="1.0">
							<lines>
								<line number="95" hits="0" branch="false"/>
							</lines>
						</method>
						<method name="obtenerVelocidadArea" signature="()I" line-rate="0.0" branch-rate="1.0">
							<lines>
								<line number="103" hits="0" branch="false"/>
							</lines>
						</method>
						<method name="obtenerVidaArea" signature="()I" line-rate="0.0" branch-rate="1.0">
							<lines>
								<line number="99" hits="0" branch="false"/>
							</lines>
						</method>
						<method name="pasajeDeNivel" signature="()V" line-rate="0.0" branch-rate="0.0">
							<lines>
								<line number="134" hits="0" branch="false"/>
								<line number="138" hits="0" branch="true" condition-coverage="0% (0/2)">
									<conditions>
										<condition number="0" type="jump" coverage="0%"/>
									</conditions>
								</line>
								<line number="139" hits="0" branch="false"/>
								<line number="140" hits="0" branch="false"/>
								<line number="142" hits="0" branch="false"/>
								<line number="143" hits="0" branch="false"/>
							</lines>
						</method>
						<method name="run" signature="()V" line-rate="0.2" branch-rate="0.5">
							<lines>
								<line number="161" hits="612228" branch="true" condition-coverage="50% (1/2)">
									<conditions>
										<condition number="0" type="jump" coverage="50%"/>
									</conditions>
								</line>
								<line number="162" hits="612288" branch="true" condition-coverage="50% (1/2)">
									<conditions>
										<condition number="0" type="jump" coverage="50%"/>
									</conditions>
								</line>
								<line number="164" hits="0" branch="false"/>
								<line number="165" hits="0" branch="false"/>
								<line number="166" hits="0" branch="false"/>
								<line number="167" hits="0" branch="false"/>
								<line number="169" hits="0" branch="false"/>
								<line number="170" hits="0" branch="false"/>
								<line number="171" hits="0" branch="false"/>
								<line number="173" hits="612502" branch="true" condition-coverage="50% (1/2)">
									<conditions>
										<condition number="0" type="jump" coverage="50%"/>
									</conditions>
								</line>
								<line number="175" hits="0" branch="false"/>
								<line number="176" hits="0" branch="false"/>
								<line number="178" hits="0" branch="false"/>
								<line number="179" hits="0" branch="false"/>
								<line number="182" hits="0" branch="false"/>
							</lines>
						</method>
						<method name="terminar" signature="()V" line-rate="0.0" branch-rate="1.0">
							<lines>
								<line number="186" hits="0" branch="false"/>
								<line number="187" hits="0" branch="false"/>
							</lines>
						</method>
					</methods>
					<lines>
						<line number="18" hits="6" branch="false"/>
						<line number="23" hits="6" branch="false"/>
						<line number="25" hits="6" branch="false"/>
						<line number="27" hits="6" branch="false"/>
						<line number="28" hits="6" branch="false"/>
						<line number="29" hits="6" branch="false"/>
						<line number="30" hits="6" branch="false"/>
						<line number="34" hits="6" branch="false"/>
						<line number="35" hits="6" branch="false"/>
						<line number="36" hits="6" branch="false"/>
						<line number="37" hits="6" branch="false"/>
						<line number="38" hits="6" branch="false"/>
						<line number="39" hits="6" branch="false"/>
						<line number="40" hits="6" branch="false"/>
						<line number="41" hits="6" branch="false"/>
						<line number="42" hits="6" branch="false"/>
						<line number="43" hits="6" branch="false"/>
						<line number="44" hits="6" branch="false"/>
						<line number="45" hits="6" branch="false"/>
						<line number="46" hits="0" branch="false"/>
						<line number="47" hits="0" branch="false"/>
						<line number="48" hits="6" branch="false"/>
						<line number="49" hits="6" branch="false"/>
						<line number="53" hits="2" branch="false"/>
						<line number="55" hits="2" branch="false"/>
						<line number="58" hits="2" branch="false"/>
						<line number="59" hits="2" branch="false"/>
						<line number="64" hits="1" branch="false"/>
						<line number="65" hits="1" branch="false"/>
						<line number="66" hits="1" branch="false"/>
						<line number="67" hits="0" branch="false"/>
						<line number="68" hits="1" branch="false"/>
						<line number="71" hits="1" branch="false"/>
						<line number="72" hits="1" branch="false"/>
						<line number="75" hits="1" branch="false"/>
						<line number="76" hits="1" branch="false"/>
						<line number="79" hits="1" branch="false"/>
						<line number="80" hits="1" branch="false"/>
						<line number="83" hits="1" branch="false"/>
						<line number="84" hits="1" branch="false"/>
						<line number="87" hits="1" branch="false"/>
						<line number="88" hits="1" branch="false"/>
						<line number="91" hits="2" branch="false"/>
						<line number="92" hits="2" branch="false"/>
						<line number="95" hits="0" branch="false"/>
						<line number="99" hits="0" branch="false"/>
						<line number="103" hits="0" branch="false"/>
						<line number="107" hits="1137551" branch="false"/>
						<line number="111" hits="570169" branch="false"/>
						<line number="115" hits="568771" branch="false"/>
						<line number="120" hits="0" branch="false"/>
						<line number="124" hits="0" branch="true" condition-coverage="0% (0/2)">
							<conditions>
								<condition number="0" type="jump" coverage="0%"/>
							</conditions>
						</line>
						<line number="125" hits="0" branch="false"/>
						<line number="126" hits="0" branch="false"/>
						<line number="127" hits="0" branch="false"/>
						<line number="129" hits="0" branch="false"/>
						<line number="130" hits="0" branch="false"/>
						<line number="134" hits="0" branch="false"/>
						<line number="138" hits="0" branch="true" condition-coverage="0% (0/2)">
							<conditions>
								<condition number="0" type="jump" coverage="0%"/>
							</conditions>
						</line>
						<line number="139" hits="0" branch="false"/>
						<line number="140" hits="0" branch="false"/>
						<line number="142" hits="0" branch="false"/>
						<line number="143" hits="0" branch="false"/>
						<line number="147" hits="0" branch="false"/>
						<line number="151" hits="0" branch="true" condition-coverage="0% (0/2)">
							<conditions>
								<condition number="0" type="jump" coverage="0%"/>
							</conditions>
						</line>
						<line number="152" hits="0" branch="false"/>
						<line number="153" hits="0" branch="false"/>
						<line number="154" hits="0" branch="false"/>
						<line number="156" hits="0" branch="false"/>
						<line number="157" hits="0" branch="false"/>
						<line number="161" hits="612228" branch="true" condition-coverage="50% (1/2)">
							<conditions>
								<condition number="0" type="jump" coverage="50%"/>
							</conditions>
						</line>
						<line number="162" hits="612288" branch="true" condition-coverage="50% (1/2)">
							<conditions>
								<condition number="0" type="jump" coverage="50%"/>
							</conditions>
						</line>
						<line number="164" hits="0" branch="false"/>
						<line number="165" hits="0" branch="false"/>
						<line number="166" hits="0" branch="false"/>
						<line number="167" hits="0" branch="false"/>
						<line number="169" hits="0" branch="false"/>
						<line number="170" hits="0" branch="false"/>
						<line number="171" hits="0" branch="false"/>
						<line number="173" hits="612502" branch="true" condition-coverage="50% (1/2)">
							<conditions>
								<condition number="0" type="jump" coverage="50%"/>
							</conditions>
						</line>
						<line number="175" hits="0" branch="false"/>
						<line number="176" hits="0" branch="false"/>
						<line number="178" hits="0" branch="false"/>
						<line number="179" hits="0" branch="false"/>
						<line number="182" hits="0" branch="false"/>
						<line number="186" hits="0" branch="false"/>
						<line number="187" hits="0" branch="false"/>
						<line number="192" hits="1" branch="false"/>
						<line number="193" hits="1" branch="false"/>
						<line number="194" hits="0" branch="false"/>
						<line number="195" hits="0" branch="false"/>
						<line number="196" hits="0" branch="false"/>
						<line number="197" hits="0" branch="false"/>
						<line number="198" hits="0" branch="false"/>
						<line number="199" hits="0" branch="false"/>
					</lines>
				</class>
				<class name="main.Main" filename="main/Main.java" line-rate="0.0" branch-rate="0.0" complexity="2.5">
					<methods>
						<method name="&lt;init&gt;" signature="()V" line-rate="1.0" branch-rate="1.0">
							<lines>
							</lines>
						</method>
						<method name="access$000" signature="()Ljavax/swing/JFrame;" line-rate="0.0" branch-rate="1.0">
							<lines>
								<line number="8" hits="0" branch="false"/>
							</lines>
						</method>
						<method name="access$002" signature="(Ljavax/swing/JFrame;)Ljavax/swing/JFrame;" line-rate="1.0" branch-rate="1.0">
							<lines>
							</lines>
						</method>
						<method name="main" signature="([Ljava/lang/String;)V" line-rate="0.0" branch-rate="0.0">
							<lines>
								<line number="12" hits="0" branch="false"/>
								<line number="13" hits="0" branch="true" condition-coverage="0% (0/2)">
									<conditions>
										<condition number="0" type="jump" coverage="0%"/>
									</conditions>
								</line>
								<line number="14" hits="0" branch="true" condition-coverage="0% (0/2)">
									<conditions>
										<condition number="0" type="jump" coverage="0%"/>
									</conditions>
								</line>
								<line number="16" hits="0" branch="false"/>
								<line number="28" hits="0" branch="false"/>
							</lines>
						</method>
					</methods>
					<lines>
						<line number="8" hits="0" branch="false"/>
						<line number="12" hits="0" branch="false"/>
						<line number="13" hits="0" branch="true" condition-coverage="0% (0/2)">
							<conditions>
								<condition number="0" type="jump" coverage="0%"/>
							</conditions>
						</line>
						<line number="14" hits="0" branch="true" condition-coverage="0% (0/2)">
							<conditions>
								<condition number="0" type="jump" coverage="0%"/>
							</conditions>
						</line>
						<line number="16" hits="0" branch="false"/>
						<line number="28" hits="0" branch="false"/>
					</lines>
				</class>
				<class name="main.Main$1" filename="main/Main.java" line-rate="0.0" branch-rate="1.0" complexity="2.5">
					<methods>
						<method name="&lt;init&gt;" signature="()V" line-rate="0.0" branch-rate="1.0">
							<lines>
								<line number="16" hits="0" branch="false"/>
							</lines>
						</method>
						<method name="run" signature="()V" line-rate="0.0" branch-rate="1.0">
							<lines>
								<line number="20" hits="0" branch="false"/>
								<line number="21" hits="0" branch="false"/>
								<line number="22" hits="0" branch="false"/>
								<line number="23" hits="0" branch="false"/>
								<line number="24" hits="0" branch="false"/>
								<line number="25" hits="0" branch="false"/>
								<line number="26" hits="0" branch="false"/>
							</lines>
						</method>
					</methods>
					<lines>
						<line number="16" hits="0" branch="false"/>
						<line number="20" hits="0" branch="false"/>
						<line number="21" hits="0" branch="false"/>
						<line number="22" hits="0" branch="false"/>
						<line number="23" hits="0" branch="false"/>
						<line number="24" hits="0" branch="false"/>
						<line number="25" hits="0" branch="false"/>
						<line number="26" hits="0" branch="false"/>
					</lines>
				</class>
				<class name="main.VentanaCargador" filename="main/VentanaCargador.java" line-rate="1.0" branch-rate="1.0" complexity="1.6666666666666667">
					<methods>
						<method name="&lt;init&gt;" signature="()V" line-rate="1.0" branch-rate="1.0">
							<lines>
								<line number="11" hits="1" branch="false"/>
								<line number="12" hits="1" branch="false"/>
								<line number="13" hits="1" branch="false"/>
								<line number="14" hits="1" branch="false"/>
								<line number="15" hits="1" branch="false"/>
								<line number="16" hits="1" branch="false"/>
								<line number="17" hits="1" branch="false"/>
								<line number="18" hits="1" branch="false"/>
								<line number="35" hits="1" branch="false"/>
							</lines>
						</method>
						<method name="inicializarInterfazUsuario" signature="()V" line-rate="1.0" branch-rate="1.0">
							<lines>
								<line number="38" hits="1" branch="false"/>
								<line number="39" hits="1" branch="false"/>
								<line number="40" hits="1" branch="false"/>
								<line number="41" hits="1" branch="false"/>
								<line number="42" hits="1" branch="false"/>
								<line number="43" hits="1" branch="false"/>
								<line number="44" hits="1" branch="false"/>
								<line number="45" hits="1" branch="false"/>
								<line number="46" hits="1" branch="false"/>
								<line number="47" hits="1" branch="false"/>
								<line number="48" hits="1" branch="false"/>
							</lines>
						</method>
					</methods>
					<lines>
						<line number="11" hits="1" branch="false"/>
						<line number="12" hits="1" branch="false"/>
						<line number="13" hits="1" branch="false"/>
						<line number="14" hits="1" branch="false"/>
						<line number="15" hits="1" branch="false"/>
						<line number="16" hits="1" branch="false"/>
						<line number="17" hits="1" branch="false"/>
						<line number="18" hits="1" branch="false"/>
						<line number="35" hits="1" branch="false"/>
						<line number="38" hits="1" branch="false"/>
						<line number="39" hits="1" branch="false"/>
						<line number="40" hits="1" branch="false"/>
						<line number="41" hits="1" branch="false"/>
						<line number="42" hits="1" branch="false"/>
						<line number="43" hits="1" branch="false"/>
						<line number="44" hits="1" branch="false"/>
						<line number="45" hits="1" branch="false"/>
						<line number="46" hits="1" branch="false"/>
						<line number="47" hits="1" branch="false"/>
						<line number="48" hits="1" branch="false"/>
					</lines>
				</class>
				<class name="main.VentanaCargador$1" filename="main/VentanaCargador.java" line-rate="0.5454545454545454" branch-rate="0.5" complexity="1.6666666666666667">
					<methods>
						<method name="&lt;init&gt;" signature="(Lmain/VentanaCargador;)V" line-rate="1.0" branch-rate="1.0">
							<lines>
								<line number="18" hits="1" branch="false"/>
							</lines>
						</method>
						<method name="run" signature="()V" line-rate="0.5" branch-rate="0.5">
							<lines>
								<line number="21" hits="1" branch="false"/>
								<line number="22" hits="836" branch="true" condition-coverage="50% (1/2)">
									<conditions>
										<condition number="0" type="jump" coverage="50%"/>
									</conditions>
								</line>
								<line number="23" hits="837" branch="false"/>
								<line number="24" hits="837" branch="false"/>
								<line number="25" hits="836" branch="false"/>
								<line number="28" hits="0" branch="false"/>
								<line number="29" hits="0" branch="false"/>
								<line number="30" hits="0" branch="false"/>
								<line number="31" hits="0" branch="false"/>
								<line number="32" hits="0" branch="false"/>
							</lines>
						</method>
					</methods>
					<lines>
						<line number="18" hits="1" branch="false"/>
						<line number="21" hits="1" branch="false"/>
						<line number="22" hits="836" branch="true" condition-coverage="50% (1/2)">
							<conditions>
								<condition number="0" type="jump" coverage="50%"/>
							</conditions>
						</line>
						<line number="23" hits="837" branch="false"/>
						<line number="24" hits="837" branch="false"/>
						<line number="25" hits="836" branch="false"/>
						<line number="28" hits="0" branch="false"/>
						<line number="29" hits="0" branch="false"/>
						<line number="30" hits="0" branch="false"/>
						<line number="31" hits="0" branch="false"/>
						<line number="32" hits="0" branch="false"/>
					</lines>
				</class>
				<class name="main.VentanaPrincipal" filename="main/VentanaPrincipal.java" line-rate="0.9529411764705882" branch-rate="1.0" complexity="1.0769230769230769">
					<methods>
						<method name="&lt;init&gt;" signature="()V" line-rate="0.6666666666666666" branch-rate="1.0">
							<lines>
								<line number="29" hits="2" branch="false"/>
								<line number="31" hits="2" branch="false"/>
								<line number="32" hits="0" branch="false"/>
								<line number="34" hits="0" branch="false"/>
								<line number="35" hits="2" branch="false"/>
								<line number="36" hits="2" branch="false"/>
							</lines>
						</method>
						<method name="access$000" signature="(Lmain/VentanaPrincipal;)Ljavax/swing/JFrame;" line-rate="0.0" branch-rate="1.0">
							<lines>
								<line number="18" hits="0" branch="false"/>
							</lines>
						</method>
						<method name="initialize" signature="()V" line-rate="1.0" branch-rate="1.0">
							<lines>
								<line number="46" hits="2" branch="false"/>
								<line number="47" hits="2" branch="false"/>
								<line number="48" hits="2" branch="false"/>
								<line number="49" hits="2" branch="false"/>
								<line number="50" hits="2" branch="false"/>
								<line number="51" hits="2" branch="false"/>
								<line number="52" hits="2" branch="false"/>
								<line number="53" hits="2" branch="false"/>
								<line number="57" hits="2" branch="false"/>
								<line number="58" hits="2" branch="false"/>
								<line number="59" hits="2" branch="false"/>
								<line number="60" hits="2" branch="false"/>
								<line number="64" hits="2" branch="false"/>
								<line number="68" hits="2" branch="false"/>
								<line number="72" hits="2" branch="false"/>
								<line number="73" hits="2" branch="false"/>
								<line number="74" hits="2" branch="false"/>
								<line number="75" hits="2" branch="false"/>
								<line number="76" hits="2" branch="false"/>
								<line number="77" hits="2" branch="false"/>
								<line number="83" hits="2" branch="false"/>
								<line number="84" hits="2" branch="false"/>
								<line number="85" hits="2" branch="false"/>
								<line number="86" hits="2" branch="false"/>
								<line number="92" hits="2" branch="false"/>
								<line number="93" hits="2" branch="false"/>
								<line number="94" hits="2" branch="false"/>
								<line number="95" hits="2" branch="false"/>
								<line number="100" hits="2" branch="false"/>
								<line number="101" hits="2" branch="false"/>
								<line number="102" hits="2" branch="false"/>
								<line number="103" hits="2" branch="false"/>
								<line number="110" hits="2" branch="false"/>
								<line number="111" hits="2" branch="false"/>
								<line number="112" hits="2" branch="false"/>
								<line number="114" hits="2" branch="false"/>
								<line number="115" hits="2" branch="false"/>
								<line number="118" hits="2" branch="false"/>
								<line number="119" hits="2" branch="false"/>
								<line number="120" hits="2" branch="false"/>
								<line number="127" hits="2" branch="false"/>
								<line number="128" hits="2" branch="false"/>
								<line number="135" hits="2" branch="false"/>
								<line number="136" hits="2" branch="false"/>
								<line number="137" hits="2" branch="false"/>
								<line number="144" hits="2" branch="false"/>
								<line number="145" hits="2" branch="false"/>
								<line number="146" hits="2" branch="false"/>
								<line number="147" hits="2" branch="false"/>
								<line number="148" hits="2" branch="false"/>
								<line number="152" hits="2" branch="false"/>
								<line number="153" hits="2" branch="false"/>
								<line number="154" hits="2" branch="false"/>
								<line number="155" hits="2" branch="false"/>
								<line number="161" hits="2" branch="false"/>
								<line number="162" hits="2" branch="false"/>
								<line number="164" hits="2" branch="false"/>
								<line number="165" hits="2" branch="false"/>
								<line number="166" hits="2" branch="false"/>
								<line number="167" hits="2" branch="false"/>
								<line number="172" hits="2" branch="false"/>
								<line number="173" hits="2" branch="false"/>
								<line number="175" hits="2" branch="false"/>
								<line number="176" hits="2" branch="false"/>
								<line number="177" hits="2" branch="false"/>
								<line number="178" hits="2" branch="false"/>
								<line number="183" hits="2" branch="false"/>
								<line number="184" hits="2" branch="false"/>
								<line number="186" hits="2" branch="false"/>
								<line number="187" hits="2" branch="false"/>
								<line number="188" hits="2" branch="false"/>
								<line number="189" hits="2" branch="false"/>
								<line number="194" hits="2" branch="false"/>
								<line number="195" hits="2" branch="false"/>
								<line number="199" hits="2" branch="false"/>
								<line number="200" hits="2" branch="false"/>
								<line number="202" hits="2" branch="false"/>
							</lines>
						</method>
						<method name="obtenerFrame" signature="()Ljavax/swing/JFrame;" line-rate="0.0" branch-rate="1.0">
							<lines>
								<line number="23" hits="0" branch="false"/>
							</lines>
						</method>
					</methods>
					<lines>
						<line number="18" hits="0" branch="false"/>
						<line number="23" hits="0" branch="false"/>
						<line number="29" hits="2" branch="false"/>
						<line number="31" hits="2" branch="false"/>
						<line number="32" hits="0" branch="false"/>
						<line number="34" hits="0" branch="false"/>
						<line number="35" hits="2" branch="false"/>
						<line number="36" hits="2" branch="false"/>
						<line number="46" hits="2" branch="false"/>
						<line number="47" hits="2" branch="false"/>
						<line number="48" hits="2" branch="false"/>
						<line number="49" hits="2" branch="false"/>
						<line number="50" hits="2" branch="false"/>
						<line number="51" hits="2" branch="false"/>
						<line number="52" hits="2" branch="false"/>
						<line number="53" hits="2" branch="false"/>
						<line number="57" hits="2" branch="false"/>
						<line number="58" hits="2" branch="false"/>
						<line number="59" hits="2" branch="false"/>
						<line number="60" hits="2" branch="false"/>
						<line number="64" hits="2" branch="false"/>
						<line number="68" hits="2" branch="false"/>
						<line number="72" hits="2" branch="false"/>
						<line number="73" hits="2" branch="false"/>
						<line number="74" hits="2" branch="false"/>
						<line number="75" hits="2" branch="false"/>
						<line number="76" hits="2" branch="false"/>
						<line number="77" hits="2" branch="false"/>
						<line number="83" hits="2" branch="false"/>
						<line number="84" hits="2" branch="false"/>
						<line number="85" hits="2" branch="false"/>
						<line number="86" hits="2" branch="false"/>
						<line number="92" hits="2" branch="false"/>
						<line number="93" hits="2" branch="false"/>
						<line number="94" hits="2" branch="false"/>
						<line number="95" hits="2" branch="false"/>
						<line number="100" hits="2" branch="false"/>
						<line number="101" hits="2" branch="false"/>
						<line number="102" hits="2" branch="false"/>
						<line number="103" hits="2" branch="false"/>
						<line number="110" hits="2" branch="false"/>
						<line number="111" hits="2" branch="false"/>
						<line number="112" hits="2" branch="false"/>
						<line number="114" hits="2" branch="false"/>
						<line number="115" hits="2" branch="false"/>
						<line number="118" hits="2" branch="false"/>
						<line number="119" hits="2" branch="false"/>
						<line number="120" hits="2" branch="false"/>
						<line number="127" hits="2" branch="false"/>
						<line number="128" hits="2" branch="false"/>
						<line number="135" hits="2" branch="false"/>
						<line number="136" hits="2" branch="false"/>
						<line number="137" hits="2" branch="false"/>
						<line number="144" hits="2" branch="false"/>
						<line number="145" hits="2" branch="false"/>
						<line number="146" hits="2" branch="false"/>
						<line number="147" hits="2" branch="false"/>
						<line number="148" hits="2" branch="false"/>
						<line number="152" hits="2" branch="false"/>
						<line number="153" hits="2" branch="false"/>
						<line number="154" hits="2" branch="false"/>
						<line number="155" hits="2" branch="false"/>
						<line number="161" hits="2" branch="false"/>
						<line number="162" hits="2" branch="false"/>
						<line number="164" hits="2" branch="false"/>
						<line number="165" hits="2" branch="false"/>
						<line number="166" hits="2" branch="false"/>
						<line number="167" hits="2" branch="false"/>
						<line number="172" hits="2" branch="false"/>
						<line number="173" hits="2" branch="false"/>
						<line number="175" hits="2" branch="false"/>
						<line number="176" hits="2" branch="false"/>
						<line number="177" hits="2" branch="false"/>
						<line number="178" hits="2" branch="false"/>
						<line number="183" hits="2" branch="false"/>
						<line number="184" hits="2" branch="false"/>
						<line number="186" hits="2" branch="false"/>
						<line number="187" hits="2" branch="false"/>
						<line number="188" hits="2" branch="false"/>
						<line number="189" hits="2" branch="false"/>
						<line number="194" hits="2" branch="false"/>
						<line number="195" hits="2" branch="false"/>
						<line number="199" hits="2" branch="false"/>
						<line number="200" hits="2" branch="false"/>
						<line number="202" hits="2" branch="false"/>
					</lines>
				</class>
				<class name="main.VentanaPrincipal$1" filename="main/VentanaPrincipal.java" line-rate="0.3333333333333333" branch-rate="1.0" complexity="1.0769230769230769">
					<methods>
						<method name="&lt;init&gt;" signature="(Lmain/VentanaPrincipal;Lmain/ControlJuego;)V" line-rate="1.0" branch-rate="1.0">
							<lines>
								<line number="77" hits="2" branch="false"/>
							</lines>
						</method>
						<method name="actionPerformed" signature="(Ljava/awt/event/ActionEvent;)V" line-rate="0.0" branch-rate="1.0">
							<lines>
								<line number="79" hits="0" branch="false"/>
								<line number="80" hits="0" branch="false"/>
							</lines>
						</method>
					</methods>
					<lines>
						<line number="77" hits="2" branch="false"/>
						<line number="79" hits="0" branch="false"/>
						<line number="80" hits="0" branch="false"/>
					</lines>
				</class>
				<class name="main.VentanaPrincipal$10" filename="main/VentanaPrincipal.java" line-rate="0.3333333333333333" branch-rate="1.0" complexity="1.0769230769230769">
					<methods>
						<method name="&lt;init&gt;" signature="(Lmain/VentanaPrincipal;Lmain/ControlJuego;)V" line-rate="1.0" branch-rate="1.0">
							<lines>
								<line number="189" hits="2" branch="false"/>
							</lines>
						</method>
						<method name="actionPerformed" signature="(Ljava/awt/event/ActionEvent;)V" line-rate="0.0" branch-rate="1.0">
							<lines>
								<line number="191" hits="0" branch="false"/>
								<line number="192" hits="0" branch="false"/>
							</lines>
						</method>
					</methods>
					<lines>
						<line number="189" hits="2" branch="false"/>
						<line number="191" hits="0" branch="false"/>
						<line number="192" hits="0" branch="false"/>
					</lines>
				</class>
				<class name="main.VentanaPrincipal$2" filename="main/VentanaPrincipal.java" line-rate="0.3333333333333333" branch-rate="1.0" complexity="1.0769230769230769">
					<methods>
						<method name="&lt;init&gt;" signature="(Lmain/VentanaPrincipal;Lmain/ControlJuego;)V" line-rate="1.0" branch-rate="1.0">
							<lines>
								<line number="86" hits="2" branch="false"/>
							</lines>
						</method>
						<method name="actionPerformed" signature="(Ljava/awt/event/ActionEvent;)V" line-rate="0.0" branch-rate="1.0">
							<lines>
								<line number="88" hits="0" branch="false"/>
								<line number="89" hits="0" branch="false"/>
							</lines>
						</method>
					</methods>
					<lines>
						<line number="86" hits="2" branch="false"/>
						<line number="88" hits="0" branch="false"/>
						<line number="89" hits="0" branch="false"/>
					</lines>
				</class>
				<class name="main.VentanaPrincipal$3" filename="main/VentanaPrincipal.java" line-rate="0.3333333333333333" branch-rate="1.0" complexity="1.0769230769230769">
					<methods>
						<method name="&lt;init&gt;" signature="(Lmain/VentanaPrincipal;Lmain/ControlJuego;)V" line-rate="1.0" branch-rate="1.0">
							<lines>
								<line number="95" hits="2" branch="false"/>
							</lines>
						</method>
						<method name="actionPerformed" signature="(Ljava/awt/event/ActionEvent;)V" line-rate="0.0" branch-rate="1.0">
							<lines>
								<line number="97" hits="0" branch="false"/>
								<line number="98" hits="0" branch="false"/>
							</lines>
						</method>
					</methods>
					<lines>
						<line number="95" hits="2" branch="false"/>
						<line number="97" hits="0" branch="false"/>
						<line number="98" hits="0" branch="false"/>
					</lines>
				</class>
				<class name="main.VentanaPrincipal$4" filename="main/VentanaPrincipal.java" line-rate="0.25" branch-rate="1.0" complexity="1.0769230769230769">
					<methods>
						<method name="&lt;init&gt;" signature="(Lmain/VentanaPrincipal;Lmain/ControlJuego;)V" line-rate="1.0" branch-rate="1.0">
							<lines>
								<line number="103" hits="2" branch="false"/>
							</lines>
						</method>
						<method name="actionPerformed" signature="(Ljava/awt/event/ActionEvent;)V" line-rate="0.0" branch-rate="1.0">
							<lines>
								<line number="105" hits="0" branch="false"/>
								<line number="106" hits="0" branch="false"/>
								<line number="107" hits="0" branch="false"/>
							</lines>
						</method>
					</methods>
					<lines>
						<line number="103" hits="2" branch="false"/>
						<line number="105" hits="0" branch="false"/>
						<line number="106" hits="0" branch="false"/>
						<line number="107" hits="0" branch="false"/>
					</lines>
				</class>
				<class name="main.VentanaPrincipal$5" filename="main/VentanaPrincipal.java" line-rate="0.3333333333333333" branch-rate="1.0" complexity="1.0769230769230769">
					<methods>
						<method name="&lt;init&gt;" signature="(Lmain/VentanaPrincipal;)V" line-rate="1.0" branch-rate="1.0">
							<lines>
								<line number="120" hits="2" branch="false"/>
							</lines>
						</method>
						<method name="actionPerformed" signature="(Ljava/awt/event/ActionEvent;)V" line-rate="0.0" branch-rate="1.0">
							<lines>
								<line number="122" hits="0" branch="false"/>
								<line number="124" hits="0" branch="false"/>
							</lines>
						</method>
					</methods>
					<lines>
						<line number="120" hits="2" branch="false"/>
						<line number="122" hits="0" branch="false"/>
						<line number="124" hits="0" branch="false"/>
					</lines>
				</class>
				<class name="main.VentanaPrincipal$6" filename="main/VentanaPrincipal.java" line-rate="0.3333333333333333" branch-rate="1.0" complexity="1.0769230769230769">
					<methods>
						<method name="&lt;init&gt;" signature="(Lmain/VentanaPrincipal;)V" line-rate="1.0" branch-rate="1.0">
							<lines>
								<line number="137" hits="2" branch="false"/>
							</lines>
						</method>
						<method name="actionPerformed" signature="(Ljava/awt/event/ActionEvent;)V" line-rate="0.0" branch-rate="1.0">
							<lines>
								<line number="139" hits="0" branch="false"/>
								<line number="141" hits="0" branch="false"/>
							</lines>
						</method>
					</methods>
					<lines>
						<line number="137" hits="2" branch="false"/>
						<line number="139" hits="0" branch="false"/>
						<line number="141" hits="0" branch="false"/>
					</lines>
				</class>
				<class name="main.VentanaPrincipal$7" filename="main/VentanaPrincipal.java" line-rate="0.3333333333333333" branch-rate="1.0" complexity="1.0769230769230769">
					<methods>
						<method name="&lt;init&gt;" signature="(Lmain/VentanaPrincipal;Lmain/ControlJuego;)V" line-rate="1.0" branch-rate="1.0">
							<lines>
								<line number="155" hits="2" branch="false"/>
							</lines>
						</method>
						<method name="actionPerformed" signature="(Ljava/awt/event/ActionEvent;)V" line-rate="0.0" branch-rate="1.0">
							<lines>
								<line number="157" hits="0" branch="false"/>
								<line number="158" hits="0" branch="false"/>
							</lines>
						</method>
					</methods>
					<lines>
						<line number="155" hits="2" branch="false"/>
						<line number="157" hits="0" branch="false"/>
						<line number="158" hits="0" branch="false"/>
					</lines>
				</class>
				<class name="main.VentanaPrincipal$8" filename="main/VentanaPrincipal.java" line-rate="0.3333333333333333" branch-rate="1.0" complexity="1.0769230769230769">
					<methods>
						<method name="&lt;init&gt;" signature="(Lmain/VentanaPrincipal;Lmain/ControlJuego;)V" line-rate="1.0" branch-rate="1.0">
							<lines>
								<line number="167" hits="2" branch="false"/>
							</lines>
						</method>
						<method name="actionPerformed" signature="(Ljava/awt/event/ActionEvent;)V" line-rate="0.0" branch-rate="1.0">
							<lines>
								<line number="169" hits="0" branch="false"/>
								<line number="170" hits="0" branch="false"/>
							</lines>
						</method>
					</methods>
					<lines>
						<line number="167" hits="2" branch="false"/>
						<line number="169" hits="0" branch="false"/>
						<line number="170" hits="0" branch="false"/>
					</lines>
				</class>
				<class name="main.VentanaPrincipal$9" filename="main/VentanaPrincipal.java" line-rate="0.3333333333333333" branch-rate="1.0" complexity="1.0769230769230769">
					<methods>
						<method name="&lt;init&gt;" signature="(Lmain/VentanaPrincipal;Lmain/ControlJuego;)V" line-rate="1.0" branch-rate="1.0">
							<lines>
								<line number="178" hits="2" branch="false"/>
							</lines>
						</method>
						<method name="actionPerformed" signature="(Ljava/awt/event/ActionEvent;)V" line-rate="0.0" branch-rate="1.0">
							<lines>
								<line number="180" hits="0" branch="false"/>
								<line number="181" hits="0" branch="false"/>
							</lines>
						</method>
					</methods>
					<lines>
						<line number="178" hits="2" branch="false"/>
						<line number="180" hits="0" branch="false"/>
						<line number="181" hits="0" branch="false"/>
					</lines>
				</class>
			</classes>
		</package>
		<package name="modelo.ArmamentoFactory" line-rate="1.0" branch-rate="1.0" complexity="1.0">
			<classes>
				<class name="modelo.ArmamentoFactory.ArmamentoFactory" filename="modelo/ArmamentoFactory/ArmamentoFactory.java" line-rate="1.0" branch-rate="1.0" complexity="1.0">
					<methods>
						<method name="&lt;init&gt;" signature="()V" line-rate="1.0" branch-rate="1.0">
							<lines>
								<line number="8" hits="293" branch="false"/>
							</lines>
						</method>
						<method name="guardar" signature="()Lorg/dom4j/Element;" line-rate="1.0" branch-rate="1.0">
							<lines>
								<line number="13" hits="3" branch="false"/>
								<line number="14" hits="3" branch="false"/>
							</lines>
						</method>
					</methods>
					<lines>
						<line number="8" hits="293" branch="false"/>
						<line number="13" hits="3" branch="false"/>
						<line number="14" hits="3" branch="false"/>
					</lines>
				</class>
				<class name="modelo.ArmamentoFactory.MolotovFactory" filename="modelo/ArmamentoFactory/MolotovFactory.java" line-rate="1.0" branch-rate="1.0" complexity="1.0">
					<methods>
						<method name="&lt;init&gt;" signature="()V" line-rate="1.0" branch-rate="1.0">
							<lines>
								<line number="9" hits="220" branch="false"/>
								<line number="11" hits="220" branch="false"/>
							</lines>
						</method>
						<method name="cambiarTime" signature="(I)V" line-rate="1.0" branch-rate="1.0">
							<lines>
								<line number="19" hits="2" branch="false"/>
								<line number="20" hits="2" branch="false"/>
							</lines>
						</method>
						<method name="crear" signature="(Lmodelo/personaje/Personaje;)Lmodelo/armamento/Armamento;" line-rate="1.0" branch-rate="1.0">
							<lines>
								<line number="14" hits="8" branch="false"/>
								<line number="15" hits="8" branch="false"/>
							</lines>
						</method>
						<method name="guardar" signature="()Lorg/dom4j/Element;" line-rate="1.0" branch-rate="1.0">
							<lines>
								<line number="27" hits="1" branch="false"/>
								<line number="28" hits="1" branch="false"/>
								<line number="29" hits="1" branch="false"/>
							</lines>
						</method>
						<method name="obtenerTime" signature="()I" line-rate="1.0" branch-rate="1.0">
							<lines>
								<line number="22" hits="3" branch="false"/>
							</lines>
						</method>
					</methods>
					<lines>
						<line number="9" hits="220" branch="false"/>
						<line number="11" hits="220" branch="false"/>
						<line number="14" hits="8" branch="false"/>
						<line number="15" hits="8" branch="false"/>
						<line number="19" hits="2" branch="false"/>
						<line number="20" hits="2" branch="false"/>
						<line number="22" hits="3" branch="false"/>
						<line number="27" hits="1" branch="false"/>
						<line number="28" hits="1" branch="false"/>
						<line number="29" hits="1" branch="false"/>
					</lines>
				</class>
				<class name="modelo.ArmamentoFactory.ProyectilFactory" filename="modelo/ArmamentoFactory/ProyectilFactory.java" line-rate="1.0" branch-rate="1.0" complexity="1.0">
					<methods>
						<method name="&lt;init&gt;" signature="()V" line-rate="1.0" branch-rate="1.0">
							<lines>
								<line number="10" hits="48" branch="false"/>
								<line number="11" hits="48" branch="false"/>
							</lines>
						</method>
						<method name="cambiarTime" signature="(I)V" line-rate="1.0" branch-rate="1.0">
							<lines>
								<line number="22" hits="1" branch="false"/>
								<line number="23" hits="1" branch="false"/>
							</lines>
						</method>
						<method name="crear" signature="(Lmodelo/personaje/Personaje;)Lmodelo/armamento/Armamento;" line-rate="1.0" branch-rate="1.0">
							<lines>
								<line number="15" hits="4" branch="false"/>
								<line number="16" hits="4" branch="false"/>
							</lines>
						</method>
						<method name="guardar" signature="()Lorg/dom4j/Element;" line-rate="1.0" branch-rate="1.0">
							<lines>
								<line number="32" hits="1" branch="false"/>
								<line number="33" hits="1" branch="false"/>
								<line number="34" hits="1" branch="false"/>
							</lines>
						</method>
						<method name="obtenerTime" signature="()I" line-rate="1.0" branch-rate="1.0">
							<lines>
								<line number="27" hits="1" branch="false"/>
							</lines>
						</method>
					</methods>
					<lines>
						<line number="10" hits="48" branch="false"/>
						<line number="11" hits="48" branch="false"/>
						<line number="15" hits="4" branch="false"/>
						<line number="16" hits="4" branch="false"/>
						<line number="22" hits="1" branch="false"/>
						<line number="23" hits="1" branch="false"/>
						<line number="27" hits="1" branch="false"/>
						<line number="32" hits="1" branch="false"/>
						<line number="33" hits="1" branch="false"/>
						<line number="34" hits="1" branch="false"/>
					</lines>
				</class>
				<class name="modelo.ArmamentoFactory.ToleToleFactory" filename="modelo/ArmamentoFactory/ToleToleFactory.java" line-rate="1.0" branch-rate="1.0" complexity="1.0">
					<methods>
						<method name="&lt;init&gt;" signature="()V" line-rate="1.0" branch-rate="1.0">
							<lines>
								<line number="10" hits="25" branch="false"/>
								<line number="11" hits="25" branch="false"/>
							</lines>
						</method>
						<method name="cambiarTime" signature="(I)V" line-rate="1.0" branch-rate="1.0">
							<lines>
								<line number="21" hits="1" branch="false"/>
								<line number="22" hits="1" branch="false"/>
							</lines>
						</method>
						<method name="crear" signature="(Lmodelo/personaje/Personaje;)Lmodelo/armamento/Armamento;" line-rate="1.0" branch-rate="1.0">
							<lines>
								<line number="15" hits="1" branch="false"/>
								<line number="16" hits="1" branch="false"/>
							</lines>
						</method>
						<method name="guardar" signature="()Lorg/dom4j/Element;" line-rate="1.0" branch-rate="1.0">
							<lines>
								<line number="31" hits="1" branch="false"/>
								<line number="32" hits="1" branch="false"/>
								<line number="33" hits="1" branch="false"/>
							</lines>
						</method>
						<method name="obtenerTime" signature="()I" line-rate="1.0" branch-rate="1.0">
							<lines>
								<line number="26" hits="1" branch="false"/>
							</lines>
						</method>
					</methods>
					<lines>
						<line number="10" hits="25" branch="false"/>
						<line number="11" hits="25" branch="false"/>
						<line number="15" hits="1" branch="false"/>
						<line number="16" hits="1" branch="false"/>
						<line number="21" hits="1" branch="false"/>
						<line number="22" hits="1" branch="false"/>
						<line number="26" hits="1" branch="false"/>
						<line number="31" hits="1" branch="false"/>
						<line number="32" hits="1" branch="false"/>
						<line number="33" hits="1" branch="false"/>
					</lines>
				</class>
			</classes>
		</package>
		<package name="modelo.Level" line-rate="1.0" branch-rate="1.0" complexity="4.5">
			<classes>
				<class name="modelo.Level.Level" filename="modelo/Level/Level.java" line-rate="1.0" branch-rate="1.0" complexity="4.5">
					<methods>
						<method name="&lt;init&gt;" signature="()V" line-rate="1.0" branch-rate="1.0">
							<lines>
								<line number="19" hits="1" branch="false"/>
								<line number="20" hits="1" branch="false"/>
								<line number="21" hits="1" branch="false"/>
							</lines>
						</method>
						<method name="Crear" signature="()V" line-rate="1.0" branch-rate="1.0">
							<lines>
								<line number="25" hits="1" branch="false"/>
								<line number="26" hits="10" branch="true" condition-coverage="100% (2/2)">
									<conditions>
										<condition number="0" type="jump" coverage="100%"/>
									</conditions>
								</line>
								<line number="27" hits="9" branch="false"/>
								<line number="28" hits="9" branch="false"/>
								<line number="29" hits="9" branch="false"/>
								<line number="32" hits="7" branch="true" condition-coverage="100% (2/2)">
									<conditions>
										<condition number="0" type="jump" coverage="100%"/>
									</conditions>
								</line>
								<line number="33" hits="6" branch="false"/>
								<line number="34" hits="6" branch="false"/>
								<line number="35" hits="6" branch="false"/>
								<line number="38" hits="3" branch="true" condition-coverage="100% (2/2)">
									<conditions>
										<condition number="0" type="jump" coverage="100%"/>
									</conditions>
								</line>
								<line number="39" hits="2" branch="false"/>
								<line number="40" hits="2" branch="false"/>
								<line number="41" hits="2" branch="false"/>
								<line number="44" hits="4" branch="true" condition-coverage="100% (2/2)">
									<conditions>
										<condition number="0" type="jump" coverage="100%"/>
									</conditions>
								</line>
								<line number="45" hits="3" branch="false"/>
								<line number="46" hits="3" branch="false"/>
								<line number="47" hits="3" branch="false"/>
								<line number="50" hits="1" branch="false"/>
								<line number="51" hits="1" branch="false"/>
								<line number="52" hits="1" branch="false"/>
								<line number="57" hits="1" branch="false"/>
							</lines>
						</method>
						<method name="run" signature="()V" line-rate="1.0" branch-rate="1.0">
							<lines>
								<line number="60" hits="1" branch="false"/>
								<line number="61" hits="67" branch="true" condition-coverage="100% (2/2)">
									<conditions>
										<condition number="0" type="jump" coverage="100%"/>
									</conditions>
								</line>
								<line number="62" hits="66" branch="false"/>
								<line number="63" hits="386" branch="true" condition-coverage="100% (2/2)">
									<conditions>
										<condition number="0" type="jump" coverage="100%"/>
									</conditions>
								</line>
								<line number="64" hits="320" branch="false"/>
								<line number="65" hits="320" branch="false"/>
								<line number="66" hits="320" branch="true" condition-coverage="100% (2/2)">
									<conditions>
										<condition number="0" type="jump" coverage="100%"/>
									</conditions>
								</line>
								<line number="67" hits="4" branch="false"/>
								<line number="69" hits="320" branch="false"/>
								<line number="70" hits="320" branch="false"/>
								<line number="71" hits="66" branch="false"/>
								<line number="72" hits="66" branch="false"/>
[...]
								<line number="93" hits="7" branch="false"/>
							</lines>
						</method>
						<method name="InteractuarConBloqueCemento" signature="(Lvista/fiuba/algo3/titiritero/modelo/ObjetoPosicionable;)V" line-rate="0.75" branch-rate="1.0">
							<lines>
								<line number="97" hits="2" branch="false"/>
								<line number="98" hits="0" branch="false"/>
								<line number="99" hits="2" branch="false"/>
								<line number="100" hits="2" branch="false"/>
							</lines>
						</method>
						<method name="InteractuarConBloqueLadrillo" signature="(Lvista/fiuba/algo3/titiritero/modelo/ObjetoPosicionable;)V" line-rate="0.75" branch-rate="1.0">
							<lines>
								<line number="104" hits="6" branch="false"/>
								<line number="105" hits="0" branch="false"/>
								<line number="106" hits="6" branch="false"/>
								<line number="107" hits="6" branch="false"/>
							</lines>
						</method>
						<method name="InteractuarConBombita" signature="(Lvista/fiuba/algo3/titiritero/modelo/ObjetoPosicionable;)V" line-rate="0.75" branch-rate="1.0">
							<lines>
								<line number="41" hits="6" branch="false"/>
								<line number="42" hits="0" branch="false"/>
								<line number="43" hits="6" branch="false"/>
								<line number="44" hits="6" branch="false"/>
							</lines>
						</method>
						<method name="InteractuarConFuegoDeExplocion" signature="(Lvista/fiuba/algo3/titiritero/modelo/ObjetoPosicionable;)V" line-rate="0.75" branch-rate="1.0">
							<lines>
								<line number="111" hits="2" branch="false"/>
								<line number="112" hits="0" branch="false"/>
								<line number="113" hits="2" branch="false"/>
								<line number="114" hits="2" branch="false"/>
							</lines>
						</method>
						<method name="InteractuarConHabano" signature="(Lvista/fiuba/algo3/titiritero/modelo/ObjetoPosicionable;)V" line-rate="0.75" branch-rate="1.0">
							<lines>
								<line number="76" hits="2" branch="false"/>
								<line number="77" hits="0" branch="false"/>
								<line number="78" hits="2" branch="false"/>
								<line number="79" hits="2" branch="false"/>
							</lines>
						</method>
						<method name="InteractuarConLopezAlado" signature="(Lvista/fiuba/algo3/titiritero/modelo/ObjetoPosicionable;)V" line-rate="0.75" branch-rate="1.0">
							<lines>
								<line number="62" hits="2" branch="false"/>
								<line number="63" hits="0" branch="false"/>
								<line number="64" hits="2" branch="false"/>
								<line number="65" hits="2" branch="false"/>
							</lines>
						</method>
						<method name="InteractuarConLopezComun" signature="(Lvista/fiuba/algo3/titiritero/modelo/ObjetoPosicionable;)V" line-rate="0.75" branch-rate="1.0">
							<lines>
								<line number="69" hits="3" branch="false"/>
								<line number="70" hits="0" branch="false"/>
								<line number="71" hits="3" branch="false"/>
								<line number="72" hits="3" branch="false"/>
							</lines>
						</method>
						<method name="InteractuarConMolotov" signature="(Lvista/fiuba/algo3/titiritero/modelo/ObjetoPosicionable;)V" line-rate="0.75" branch-rate="1.0">
							<lines>
								<line number="27" hits="9" branch="false"/>
								<line number="28" hits="0" branch="false"/>
								<line number="29" hits="9" branch="false"/>
								<line number="30" hits="9" branch="false"/>
							</lines>
						</method>
						<method name="InteractuarConProyectil" signature="(Lvista/fiuba/algo3/titiritero/modelo/ObjetoPosicionable;)V" line-rate="0.75" branch-rate="1.0">
							<lines>
								<line number="34" hits="2" branch="false"/>
								<line number="35" hits="0" branch="false"/>
								<line number="36" hits="2" branch="false"/>
								<line number="37" hits="2" branch="false"/>
							</lines>
						</method>
						<method name="InteractuarConSalida" signature="(Lvista/fiuba/algo3/titiritero/modelo/ObjetoPosicionable;)V" line-rate="0.75" branch-rate="1.0">
							<lines>
								<line number="118" hits="3" branch="false"/>
								<line number="119" hits="0" branch="false"/>
								<line number="120" hits="3" branch="false"/>
								<line number="121" hits="3" branch="false"/>
							</lines>
						</method>
						<method name="InteractuarConToleTole" signature="(Lvista/fiuba/algo3/titiritero/modelo/ObjetoPosicionable;)V" line-rate="0.75" branch-rate="1.0">
							<lines>
								<line number="48" hits="4" branch="false"/>
								<line number="49" hits="0" branch="false"/>
								<line number="50" hits="4" branch="false"/>
								<line number="51" hits="4" branch="false"/>
							</lines>
						</method>
						<method name="InteractuarTimer" signature="(Lvista/fiuba/algo3/titiritero/modelo/ObjetoPosicionable;)V" line-rate="0.75" branch-rate="1.0">
							<lines>
								<line number="83" hits="12" branch="false"/>
								<line number="84" hits="0" branch="false"/>
								<line number="85" hits="12" branch="false"/>
								<line number="86" hits="12" branch="false"/>
							</lines>
						</method>
						<method name="dibujar" signature="(Lvista/fiuba/algo3/titiritero/modelo/SuperficieDeDibujo;)V" line-rate="1.0" branch-rate="1.0">
							<lines>
								<line number="22" hits="69" branch="false"/>
								<line number="23" hits="64" branch="false"/>
							</lines>
						</method>
						<method name="interactuarConCecilio" signature="(Lvista/fiuba/algo3/titiritero/modelo/ObjetoPosicionable;)V" line-rate="0.75" branch-rate="1.0">
							<lines>
								<line number="55" hits="9" branch="false"/>
								<line number="56" hits="0" branch="false"/>
								<line number="57" hits="9" branch="false"/>
								<line number="58" hits="9" branch="false"/>
							</lines>
						</method>
					</methods>
					<lines>
						<line number="17" hits="69" branch="false"/>
						<line number="18" hits="69" branch="false"/>
						<line number="19" hits="69" branch="false"/>
						<line number="22" hits="69" branch="false"/>
						<line number="23" hits="64" branch="false"/>
						<line number="27" hits="9" branch="false"/>
						<line number="28" hits="0" branch="false"/>
						<line number="29" hits="9" branch="false"/>
						<line number="30" hits="9" branch="false"/>
						<line number="34" hits="2" branch="false"/>
						<line number="35" hits="0" branch="false"/>
						<line number="36" hits="2" branch="false"/>
						<line number="37" hits="2" branch="false"/>
						<line number="41" hits="6" branch="false"/>
						<line number="42" hits="0" branch="false"/>
						<line number="43" hits="6" branch="false"/>
						<line number="44" hits="6" branch="false"/>
						<line number="48" hits="4" branch="false"/>
						<line number="49" hits="0" branch="false"/>
						<line number="50" hits="4" branch="false"/>
						<line number="51" hits="4" branch="false"/>
						<line number="55" hits="9" branch="false"/>
						<line number="56" hits="0" branch="false"/>
						<line number="57" hits="9" branch="false"/>
						<line number="58" hits="9" branch="false"/>
						<line number="62" hits="2" branch="false"/>
						<line number="63" hits="0" branch="false"/>
						<line number="64" hits="2" branch="false"/>
						<line number="65" hits="2" branch="false"/>
						<line number="69" hits="3" branch="false"/>
						<line number="70" hits="0" branch="false"/>
						<line number="71" hits="3" branch="false"/>
						<line number="72" hits="3" branch="false"/>
						<line number="76" hits="2" branch="false"/>
						<line number="77" hits="0" branch="false"/>
						<line number="78" hits="2" branch="false"/>
						<line number="79" hits="2" branch="false"/>
						<line number="83" hits="12" branch="false"/>
						<line number="84" hits="0" branch="false"/>
						<line number="85" hits="12" branch="false"/>
						<line number="86" hits="12" branch="false"/>
						<line number="90" hits="7" branch="false"/>
						<line number="91" hits="0" branch="false"/>
						<line number="92" hits="7" branch="false"/>
						<line number="93" hits="7" branch="false"/>
						<line number="97" hits="2" branch="false"/>
						<line number="98" hits="0" branch="false"/>
						<line number="99" hits="2" branch="false"/>
						<line number="100" hits="2" branch="false"/>
						<line number="104" hits="6" branch="false"/>
						<line number="105" hits="0" branch="false"/>
						<line number="106" hits="6" branch="false"/>
						<line number="107" hits="6" branch="false"/>
						<line number="111" hits="2" branch="false"/>
						<line number="112" hits="0" branch="false"/>
						<line number="113" hits="2" branch="false"/>
						<line number="114" hits="2" branch="false"/>
						<line number="118" hits="3" branch="false"/>
						<line number="119" hits="0" branch="false"/>
						<line number="120" hits="3" branch="false"/>
						<line number="121" hits="3" branch="false"/>
					</lines>
				</class>
				<class name="vista.objeto.VistaObjeto$VistaBloqueAcero" filename="vista/objeto/VistaObjeto.java" line-rate="1.0" branch-rate="1.0" complexity="1.4666666666666666">
					<methods>
						<method name="&lt;init&gt;" signature="(Lvista/objeto/VistaObjeto;Lvista/fiuba/algo3/titiritero/modelo/ObjetoPosicionable;)V" line-rate="1.0" branch-rate="1.0">
							<lines>
								<line number="179" hits="7" branch="false"/>
								<line number="180" hits="7" branch="false"/>
								<line number="181" hits="7" branch="false"/>
							</lines>
						</method>
					</methods>
					<lines>
						<line number="179" hits="7" branch="false"/>
						<line number="180" hits="7" branch="false"/>
						<line number="181" hits="7" branch="false"/>
					</lines>
				</class>
				<class name="vista.objeto.VistaObjeto$VistaBloqueCemento" filename="vista/objeto/VistaObjeto.java" line-rate="1.0" branch-rate="1.0" complexity="1.4666666666666666">
					<methods>
						<method name="&lt;init&gt;" signature="(Lvista/objeto/VistaObjeto;Lvista/fiuba/algo3/titiritero/modelo/ObjetoPosicionable;)V" line-rate="1.0" branch-rate="1.0">
							<lines>
								<line number="185" hits="2" branch="false"/>
								<line number="186" hits="2" branch="false"/>
								<line number="187" hits="2" branch="false"/>
							</lines>
						</method>
					</methods>
					<lines>
						<line number="185" hits="2" branch="false"/>
						<line number="186" hits="2" branch="false"/>
						<line number="187" hits="2" branch="false"/>
					</lines>
				</class>
				<class name="vista.objeto.VistaObjeto$VistaBloqueLadrillo" filename="vista/objeto/VistaObjeto.java" line-rate="1.0" branch-rate="1.0" complexity="1.4666666666666666">
					<methods>
						<method name="&lt;init&gt;" signature="(Lvista/objeto/VistaObjeto;Lvista/fiuba/algo3/titiritero/modelo/ObjetoPosicionable;)V" line-rate="1.0" branch-rate="1.0">
							<lines>
								<line number="191" hits="6" branch="false"/>
								<line number="192" hits="6" branch="false"/>
								<line number="193" hits="6" branch="false"/>
							</lines>
						</method>
					</methods>
					<lines>
						<line number="191" hits="6" branch="false"/>
						<line number="192" hits="6" branch="false"/>
						<line number="193" hits="6" branch="false"/>
					</lines>
				</class>
				<class name="vista.objeto.VistaObjeto$VistaBombita" filename="vista/objeto/VistaObjeto.java" line-rate="1.0" branch-rate="1.0" complexity="1.4666666666666666">
					<methods>
						<method name="&lt;init&gt;" signature="(Lvista/objeto/VistaObjeto;Lvista/fiuba/algo3/titiritero/modelo/ObjetoPosicionable;)V" line-rate="1.0" branch-rate="1.0">
							<lines>
								<line number="143" hits="6" branch="false"/>
								<line number="144" hits="6" branch="false"/>
								<line number="145" hits="6" branch="false"/>
							</lines>
						</method>
					</methods>
					<lines>
						<line number="143" hits="6" branch="false"/>
						<line number="144" hits="6" branch="false"/>
						<line number="145" hits="6" branch="false"/>
					</lines>
				</class>
				<class name="vista.objeto.VistaObjeto$VistaCesilio" filename="vista/objeto/VistaObjeto.java" line-rate="1.0" branch-rate="1.0" complexity="1.4666666666666666">
					<methods>
						<method name="&lt;init&gt;" signature="(Lvista/objeto/VistaObjeto;Lvista/fiuba/algo3/titiritero/modelo/ObjetoPosicionable;)V" line-rate="1.0" branch-rate="1.0">
							<lines>
								<line number="149" hits="9" branch="false"/>
								<line number="150" hits="9" branch="false"/>
								<line number="151" hits="9" branch="false"/>
							</lines>
						</method>
					</methods>
					<lines>
						<line number="149" hits="9" branch="false"/>
						<line number="150" hits="9" branch="false"/>
						<line number="151" hits="9" branch="false"/>
					</lines>
				</class>
				<class name="vista.objeto.VistaObjeto$VistaFuegoDeExplocion" filename="vista/objeto/VistaObjeto.java" line-rate="1.0" branch-rate="1.0" complexity="1.4666666666666666">
					<methods>
						<method name="&lt;init&gt;" signature="(Lvista/objeto/VistaObjeto;Lvista/fiuba/algo3/titiritero/modelo/ObjetoPosicionable;)V" line-rate="1.0" branch-rate="1.0">
							<lines>
								<line number="197" hits="2" branch="false"/>
								<line number="198" hits="2" branch="false"/>
								<line number="199" hits="2" branch="false"/>
							</lines>
						</method>
					</methods>
					<lines>
						<line number="197" hits="2" branch="false"/>
						<line number="198" hits="2" branch="false"/>
						<line number="199" hits="2" branch="false"/>
					</lines>
				</class>
				<class name="vista.objeto.VistaObjeto$VistaHabano" filename="vista/objeto/VistaObjeto.java" line-rate="1.0" branch-rate="1.0" complexity="1.4666666666666666">
					<methods>
						<method name="&lt;init&gt;" signature="(Lvista/objeto/VistaObjeto;Lvista/fiuba/algo3/titiritero/modelo/ObjetoPosicionable;)V" line-rate="1.0" branch-rate="1.0">
							<lines>
								<line number="167" hits="2" branch="false"/>
								<line number="168" hits="2" branch="false"/>
								<line number="169" hits="2" branch="false"/>
							</lines>
						</method>
					</methods>
					<lines>
						<line number="167" hits="2" branch="false"/>
						<line number="168" hits="2" branch="false"/>
						<line number="169" hits="2" branch="false"/>
					</lines>
				</class>
				<class name="vista.objeto.VistaObjeto$VistaLopezAlado" filename="vista/objeto/VistaObjeto.java" line-rate="1.0" branch-rate="1.0" complexity="1.4666666666666666">
					<methods>
						<method name="&lt;init&gt;" signature="(Lvista/objeto/VistaObjeto;Lvista/fiuba/algo3/titiritero/modelo/ObjetoPosicionable;)V" line-rate="1.0" branch-rate="1.0">
							<lines>
								<line number="155" hits="2" branch="false"/>
								<line number="156" hits="2" branch="false"/>
								<line number="157" hits="2" branch="false"/>
							</lines>
						</method>
					</methods>
					<lines>
						<line number="155" hits="2" branch="false"/>
						<line number="156" hits="2" branch="false"/>
						<line number="157" hits="2" branch="false"/>
					</lines>
				</class>
				<class name="vista.objeto.VistaObjeto$VistaLopezComun" filename="vista/objeto/VistaObjeto.java" line-rate="1.0" branch-rate="1.0" complexity="1.4666666666666666">
					<methods>
						<method name="&lt;init&gt;" signature="(Lvista/objeto/VistaObjeto;Lvista/fiuba/algo3/titiritero/modelo/ObjetoPosicionable;)V" line-rate="1.0" branch-rate="1.0">
							<lines>
								<line number="161" hits="3" branch="false"/>
								<line number="162" hits="3" branch="false"/>
								<line number="163" hits="3" branch="false"/>
							</lines>
						</method>
					</methods>
					<lines>
						<line number="161" hits="3" branch="false"/>
						<line number="162" hits="3" branch="false"/>
						<line number="163" hits="3" branch="false"/>
					</lines>
				</class>
				<class name="vista.objeto.VistaObjeto$VistaMolotov" filename="vista/objeto/VistaObjeto.java" line-rate="1.0" branch-rate="1.0" complexity="1.4666666666666666">
					<methods>
						<method name="&lt;init&gt;" signature="(Lvista/objeto/VistaObjeto;Lvista/fiuba/algo3/titiritero/modelo/ObjetoPosicionable;)V" line-rate="1.0" branch-rate="1.0">
							<lines>
								<line number="124" hits="9" branch="false"/>
								<line number="125" hits="9" branch="false"/>
								<line number="126" hits="9" branch="false"/>
							</lines>
						</method>
					</methods>
					<lines>
						<line number="124" hits="9" branch="false"/>
						<line number="125" hits="9" branch="false"/>
						<line number="126" hits="9" branch="false"/>
					</lines>
				</class>
				<class name="vista.objeto.VistaObjeto$VistaProyectil" filename="vista/objeto/VistaObjeto.java" line-rate="1.0" branch-rate="1.0" complexity="1.4666666666666666">
					<methods>
						<method name="&lt;init&gt;" signature="(Lvista/objeto/VistaObjeto;Lvista/fiuba/algo3/titiritero/modelo/ObjetoPosicionable;)V" line-rate="1.0" branch-rate="1.0">
							<lines>
								<line number="131" hits="2" branch="false"/>
								<line number="132" hits="2" branch="false"/>
								<line number="133" hits="2" branch="false"/>
							</lines>
						</method>
					</methods>
					<lines>
						<line number="131" hits="2" branch="false"/>
						<line number="132" hits="2" branch="false"/>
						<line number="133" hits="2" branch="false"/>
					</lines>
				</class>
				<class name="vista.objeto.VistaObjeto$VistaSalida" filename="vista/objeto/VistaObjeto.java" line-rate="1.0" branch-rate="1.0" complexity="1.4666666666666666">
					<methods>
						<method name="&lt;init&gt;" signature="(Lvista/objeto/VistaObjeto;Lvista/fiuba/algo3/titiritero/modelo/ObjetoPosicionable;)V" line-rate="1.0" branch-rate="1.0">
							<lines>
								<line number="202" hits="3" branch="false"/>
								<line number="203" hits="3" branch="false"/>
								<line number="204" hits="3" branch="false"/>
							</lines>
						</method>
					</methods>
					<lines>
						<line number="202" hits="3" branch="false"/>
						<line number="203" hits="3" branch="false"/>
						<line number="204" hits="3" branch="false"/>
					</lines>
				</class>
				<class name="vista.objeto.VistaObjeto$VistaTimer" filename="vista/objeto/VistaObjeto.java" line-rate="1.0" branch-rate="1.0" complexity="1.4666666666666666">
					<methods>
						<method name="&lt;init&gt;" signature="(Lvista/objeto/VistaObjeto;Lvista/fiuba/algo3/titiritero/modelo/ObjetoPosicionable;)V" line-rate="1.0" branch-rate="1.0">
							<lines>
								<line number="173" hits="12" branch="false"/>
								<line number="174" hits="12" branch="false"/>
								<line number="175" hits="12" branch="false"/>
							</lines>
						</method>
					</methods>
					<lines>
						<line number="173" hits="12" branch="false"/>
						<line number="174" hits="12" branch="false"/>
						<line number="175" hits="12" branch="false"/>
					</lines>
				</class>
				<class name="vista.objeto.VistaObjeto$VistaToleTole" filename="vista/objeto/VistaObjeto.java" line-rate="1.0" branch-rate="1.0" complexity="1.4666666666666666">
					<methods>
						<method name="&lt;init&gt;" signature="(Lvista/objeto/VistaObjeto;Lvista/fiuba/algo3/titiritero/modelo/ObjetoPosicionable;)V" line-rate="1.0" branch-rate="1.0">
							<lines>
								<line number="137" hits="4" branch="false"/>
								<line number="138" hits="4" branch="false"/>
								<line number="139" hits="4" branch="false"/>
							</lines>
						</method>
					</methods>
					<lines>
						<line number="137" hits="4" branch="false"/>
						<line number="138" hits="4" branch="false"/>
						<line number="139" hits="4" branch="false"/>
					</lines>
				</class>
			</classes>
		</package>
	</packages>
</coverage>
